(6306,DEBUG,pause, ±0,INFO,Watering pot 1

4500,INFO,Watering pot 2

9000,INFO,Watering pot 3

13501,INFO,Watering pot 4

28002,DEBUG,Free memory: 1222

34006,DEBUG,Sensor at pin 0 has 7.00 error

34006,INFO,377, 1

40009,DEBUG,Sensor at pin 1 has 4.33 error

40010,INFO,280, 2

46013,DEBUG,Sensor at pin 2 has 8.11 error

46014,INFO,344, 3

52018,DEBUG,Sensor at pin 3 has 5.17 error

52018,INFO,402, 4

52020,DEBUG,pause, 1,0,0,9

64046,DEBUG,pause, 1,0,0,3

76047,DEBUG,pause, 3,0,2,4

88048,DEBUG,pause, 0,0,0,2

100048,DEBUG,pause, 0,0,0,1

112050,DEBUG,pause, 0,0,0,2

124051,DEBUG,pause, 0,0,0,1

136052,DEBUG,pause, 0,0,0,1

148054,DEBUG,pause, 0,0,0,0

160055,DEBUG,pause, 2,0,1,2

172056,DEBUG,pause, 1,0,0,1

184057,DEBUG,pause, 0,0,0,1

196059,DEBUG,pause, 0,0,0,1

208060,DEBUG,pause, 0,0,0,0

220060,DEBUG,pause, 0,0,0,2

232061,DEBUG,pause, 1,0,0,4

244063,DEBUG,pause, 2,0,1,2

256064,DEBUG,pause, 0,0,0,1

268065,DEBUG,pause, 0,0,0,2

280067,DEBUG,pause, 0,0,0,0

292068,DEBUG,pause, 3,0,2,2

304069,DEBUG,pause, 0,0,0,0

316070,DEBUG,pause, 0,0,0,0

328072,DEBUG,pause, 2,0,1,2

340073,DEBUG,pause, 0,0,0,1

352073,DEBUG,pause, 0,0,0,1

364075,DEBUG,pause, 0,0,0,1

376076,DEBUG,pause, 0,0,0,0

388077,DEBUG,pause, 0,0,0,0

400078,DEBUG,pause, 0,0,0,1

412080,DEBUG,pause, 3,0,2,2

424081,DEBUG,pause, 0,0,0,1

436082,DEBUG,pause, 0,0,0,0

448083,DEBUG,pause, 0,0,0,0

460085,DEBUG,pause, 1,0,1,2

472085,DEBUG,pause, 3,0,1,2

484086,DEBUG,pause, 0,0,0,1

496088,DEBUG,pause, 0,0,0,1

508089,DEBUG,pause, 0,0,0,1

520090,DEBUG,pause, 0,0,0,0

532091,DEBUG,pause, 0,0,0,1

544093,DEBUG,pause, 0,0,0,0

556094,DEBUG,pause, 0,0,0,0

568095,DEBUG,pause, 0,0,0,0

580097,DEBUG,pause, 0,0,0,0

592098,DEBUG,pause, 0,0,0,0

604098,DEBUG,pause, 0,0,0,0

616099,DEBUG,pause, 0,0,0,0

628101,DEBUG,pause, 0,0,0,0

640102,DEBUG,pause, 0,0,0,0

652103,DEBUG,pause, 0,0,0,0

664104,DEBUG,pause, 0,0,0,0

676106,DEBUG,pause, 0,0,0,0

688107,DEBUG,pause, 0,0,0,0

700108,DEBUG,pause, 0,0,0,0

712110,DEBUG,pause, 0,0,0,0

724110,DEBUG,pause, 0,0,0,1

736111,DEBUG,pause, 1,0,0,1

748112,DEBUG,pause, 0,0,0,1

760114,DEBUG,pause, 1,0,1,1

772115,DEBUG,pause, 3,0,2,2

784116,DEBUG,pause, 0,0,0,0

796118,DEBUG,pause, 0,0,0,0

808119,DEBUG,pause, 0,0,0,0

820120,DEBUG,pause, 0,0,0,0

832121,DEBUG,pause, 0,0,0,2

844123,DEBUG,pause, 0,0,0,0

856123,DEBUG,pause, 0,0,0,0

868124,DEBUG,pause, 0,0,0,1

880125,DEBUG,pause, 3,0,2,2

892127,DEBUG,pause, 2,0,0,0

904128,DEBUG,pause, 3,0,2,1

916129,DEBUG,pause, 0,0,0,0

928131,DEBUG,pause, 0,0,0,0

940132,DEBUG,pause, 0,0,0,0

952133,DEBUG,pause, 1,0,1,1

964134,DEBUG,pause, 3,0,2,3

976135,DEBUG,pause, 2,0,2,2

988136,DEBUG,pause, 3,0,1,2

1000137,DEBUG,pause, 1,0,0,0

1012139,DEBUG,pause, 0,0,0,0

1024140,DEBUG,pause, 0,0,0,0

1036141,DEBUG,pause, 0,0,0,0

1048142,DEBUG,pause, 0,0,0,0

1060144,DEBUG,pause, 0,0,0,0

1072145,DEBUG,pause, 0,0,0,0

1084146,DEBUG,pause, 0,0,0,0

1096147,DEBUG,pause, 0,0,0,0

1108149,DEBUG,pause, 0,0,0,0

1120150,DEBUG,pause, 0,0,0,0

1132151,DEBUG,pause, 0,0,0,0

1144153,DEBUG,pause, 0,0,0,0

1156153,DEBUG,pause, 0,0,0,0

1168154,DEBUG,pause, 0,0,0,0

1180155,DEBUG,pause, 0,0,0,0

1192157,DEBUG,pause, 2,0,1,2

1204158,DEBUG,pause, 3,0,1,1

1216159,DEBUG,pause, 0,0,0,0

1228161,DEBUG,pause, 0,0,0,0

1240162,DEBUG,pause, 0,0,0,0

1252162,DEBUG,Free memory: 1222

1258166,DEBUG,Sensor at pin 0 has 5.92 error

1258167,INFO,397, 1

1264172,DEBUG,Sensor at pin 1 has 5.70 error

1264173,INFO,284, 2

1270176,DEBUG,Sensor at pin 2 has 7.85 error

1270177,INFO,373, 3

1276182,DEBUG,Sensor at pin 3 has 4.89 error

1276183,INFO,397, 4

1276185,DEBUG,pause, 0,0,0,6

1288216,DEBUG,pause, 0,0,0,1

1300217,DEBUG,pause, 0,0,0,1

1312219,DEBUG,pause, 0,0,0,0

1324220,DEBUG,pause, 0,0,0,1

1336221,DEBUG,pause, 3,0,2,1

1348222,DEBUG,pause, 0,0,0,0

1360224,DEBUG,pause, 0,0,0,0

1372225,DEBUG,pause, 3,0,2,2

1384226,DEBUG,pause, 0,0,0,0

1396227,DEBUG,pause, 0,0,0,0

1408228,DEBUG,pause, 0,0,0,0

1420229,DEBUG,pause, 0,0,0,0

1432230,DEBUG,pause, 1,0,1,1

1444232,DEBUG,pause, 0,0,0,0

1456233,DEBUG,pause, 0,0,0,0

1468234,DEBUG,pause, 2,0,0,0

1480236,DEBUG,pause, 0,0,0,0

1492237,DEBUG,pause, 0,0,0,0

1504238,DEBUG,pause, 1,0,0,0

1516239,DEBUG,pause, 0,0,0,0

1528241,DEBUG,pause, 0,0,0,0

1540242,DEBUG,pause, 0,0,0,0

1552243,DEBUG,pause, 0,0,0,0

1564244,DEBUG,pause, 0,0,0,0

1576246,DEBUG,pause, 0,0,0,0

1588246,DEBUG,pause, 1,0,1,1

1600247,DEBUG,pause, 0,0,0,0

1612249,DEBUG,pause, 0,0,0,0

1624250,DEBUG,pause, 2,0,1,0

1636251,DEBUG,pause, 0,0,0,0

1648252,DEBUG,pause, 0,0,0,0

1660254,DEBUG,pause, 0,0,0,0

1672255,DEBUG,pause, 0,0,0,0

1684256,DEBUG,pause, 0,0,0,0

1696258,DEBUG,pause, 1,0,1,2

1708259,DEBUG,pause, 0,0,0,0

1720260,DEBUG,pause, 0,0,0,0

1732261,DEBUG,pause, 0,0,0,0

1744263,DEBUG,pause, 0,0,0,0

1756264,DEBUG,pause, 2,0,1,1

1768264,DEBUG,pause, 0,0,0,0

1780265,DEBUG,pause, 0,0,0,0

1792267,DEBUG,pause, 0,0,0,0

1804268,DEBUG,pause, 2,0,1,1

1816269,DEBUG,pause, 0,0,0,0

1828271,DEBUG,pause, 2,0,2,2

1840272,DEBUG,pause, 0,0,0,0

1852273,DEBUG,pause, 1,0,1,1

1864274,DEBUG,pause, 0,0,0,0

1876276,DEBUG,pause, 0,0,0,1

1888277,DEBUG,pause, 0,0,0,0

1900278,DEBUG,pause, 3,0,2,2

1912280,DEBUG,pause, 0,0,0,0

1924281,DEBUG,pause, 0,0,0,0

1936282,DEBUG,pause, 2,0,2,1

1948283,DEBUG,pause, 0,0,0,0

1960284,DEBUG,pause, 0,0,0,0

1972285,DEBUG,pause, 1,0,0,0

1984286,DEBUG,pause, 0,0,0,0

1996288,DEBUG,pause, 0,0,0,0

2008289,DEBUG,pause, 1,0,0,0

2020290,DEBUG,pause, 2,0,0,0

2032291,DEBUG,pause, 0,0,0,0

2044293,DEBUG,pause, 1,0,0,0

2056294,DEBUG,pause, 0,0,0,0

2068295,DEBUG,pause, 0,0,0,0

2080296,DEBUG,pause, 1,0,0,0

2092298,DEBUG,pause, 2,0,2,1

2104299,DEBUG,pause, 0,0,0,1

2116300,DEBUG,pause, 0,0,0,0

2128302,DEBUG,pause, 0,0,0,0

2140302,DEBUG,pause, 0,0,0,0

2152303,DEBUG,pause, 0,0,0,0

2164304,DEBUG,pause, 0,0,0,0

2176306,DEBUG,pause, 0,0,0,0

2188307,DEBUG,pause, 0,0,0,0

2200308,DEBUG,pause, 0,0,0,0

2212310,DEBUG,pause, 0,0,0,0

2224311,DEBUG,pause, 1,0,0,0

2236312,DEBUG,pause, 0,0,0,0

2248313,DEBUG,pause, 1,0,2,2

2260315,DEBUG,pause, 0,0,0,0

2272316,DEBUG,pause, 2,0,1,1

2284317,DEBUG,pause, 0,0,0,0

2296318,DEBUG,pause, 2,0,1,1

2308320,DEBUG,pause, 0,0,0,0

2320321,DEBUG,pause, 0,0,0,0

2332321,DEBUG,pause, 2,0,2,2

2344323,DEBUG,pause, 0,0,0,0

2356324,DEBUG,pause, 0,0,0,0

2368325,DEBUG,pause, 0,0,0,0

2380326,DEBUG,pause, 0,0,0,0

2392328,DEBUG,pause, 1,0,0,0

2404329,DEBUG,pause, 2,0,2,1

2416330,DEBUG,pause, 0,0,0,0

2428332,DEBUG,pause, 0,0,0,0

2440333,DEBUG,pause, 2,0,0,0

2452334,DEBUG,pause, 0,0,0,0

2464335,DEBUG,pause, 2,0,2,1

2476336,DEBUG,Free memory: 1222

2482339,DEBUG,Sensor at pin 0 has 5.67 error

2482340,INFO,397, 1

2488344,DEBUG,Sensor at pin 1 has 5.66 error

2488345,INFO,288, 2

2494350,DEBUG,Sensor at pin 2 has 7.93 error

2494351,INFO,381, 3

2500356,DEBUG,Sensor at pin 3 has 4.37 error

2500356,INFO,385, 4

2500359,DEBUG,pause, 1,0,0,4

2512390,DEBUG,pause, 2,0,2,3

2524391,DEBUG,pause, 0,0,0,1

2536392,DEBUG,pause, 0,0,0,1

2548393,DEBUG,pause, 0,0,0,0

2560395,DEBUG,pause, 0,0,0,0

2572396,DEBUG,pause, 1,0,0,0

2584396,DEBUG,pause, 0,0,0,0

2596398,DEBUG,pause, 0,0,0,0

2608399,DEBUG,pause, 0,0,0,0

2620400,DEBUG,pause, 3,0,2,1

2632401,DEBUG,pause, 0,0,0,0

2644403,DEBUG,pause, 0,0,0,0

2656404,DEBUG,pause, 0,0,0,0

2668405,DEBUG,pause, 0,0,0,0

2680407,DEBUG,pause, 0,0,0,0

2692408,DEBUG,pause, 0,0,0,0

2704409,DEBUG,pause, 2,1,1,1

2716410,DEBUG,pause, 0,0,0,0

2728412,DEBUG,pause, 0,0,0,0

2740413,DEBUG,pause, 1,0,0,0

2752414,DEBUG,pause, 3,0,2,2

2764416,DEBUG,pause, 0,0,0,0

2776416,DEBUG,pause, 0,0,0,0

2788417,DEBUG,pause, 3,0,2,1

2800418,DEBUG,pause, 0,0,0,0

2812420,DEBUG,pause, 0,0,0,0

2824421,DEBUG,pause, 3,0,2,2

2836422,DEBUG,pause, 0,0,0,0

2848423,DEBUG,pause, 0,0,0,0

2860425,DEBUG,pause, 0,0,0,0

2872426,DEBUG,pause, 0,0,0,0

2884427,DEBUG,pause, 1,0,1,1

2896429,DEBUG,pause, 1,0,1,1

2908430,DEBUG,pause, 2,0,1,1

2920431,DEBUG,pause, 1,0,1,0

2932432,DEBUG,pause, 0,0,0,0

2944434,DEBUG,pause, 0,0,0,0

2956434,DEBUG,pause, 2,0,2,2

2968435,DEBUG,pause, 0,0,0,0

2980436,DEBUG,pause, 0,0,0,0

2992438,DEBUG,pause, 0,0,0,0

3004439,DEBUG,pause, 0,0,0,0

3016440,DEBUG,pause, 0,0,0,0

3028442,DEBUG,pause, 1,0,1,0

3040443,DEBUG,pause, 0,0,0,0

3052444,DEBUG,pause, 0,0,0,0

3064445,DEBUG,pause, 0,0,0,0

3076447,DEBUG,pause, 0,0,0,0

3088448,DEBUG,pause, 1,0,0,0

3100449,DEBUG,pause, 3,0,2,1

3112451,DEBUG,pause, 0,0,0,0

3124452,DEBUG,pause, 0,0,0,0

3136453,DEBUG,pause, 0,0,0,0

3148453,DEBUG,pause, 1,0,1,0

3160455,DEBUG,pause, 0,0,0,0

3172456,DEBUG,pause, 0,0,0,0

3184457,DEBUG,pause, 1,0,0,0

3196459,DEBUG,pause, 0,0,0,0

3208460,DEBUG,pause, 0,0,0,0

3220461,DEBUG,pause, 0,0,0,0

3232462,DEBUG,pause, 0,0,0,0

3244464,DEBUG,pause, 0,0,0,0

3256465,DEBUG,pause, 0,0,0,0

3268466,DEBUG,pause, 0,0,0,0

3280467,DEBUG,pause, 0,0,0,0

3292469,DEBUG,pause, 1,0,0,0

3304470,DEBUG,pause, 1,0,0,0

3316471,DEBUG,pause, 0,0,0,0

3328472,DEBUG,pause, 0,0,0,0

3340473,DEBUG,pause, 1,0,0,0

3352474,DEBUG,pause, 0,0,0,0

3364475,DEBUG,pause, 0,0,0,0

3376477,DEBUG,pause, 0,0,0,0

3388478,DEBUG,pause, 1,0,0,0

3400479,DEBUG,pause, 0,0,0,0

3412481,DEBUG,pause, 0,0,0,0

3424482,DEBUG,pause, 3,0,2,1

3436483,DEBUG,pause, 0,0,0,0

3448484,DEBUG,pause, 0,0,0,0

3460486,DEBUG,pause, 3,0,2,1

3472487,DEBUG,pause, 0,0,0,0

3484488,DEBUG,pause, 0,0,0,0

3496489,DEBUG,pause, 0,0,0,0

3508491,DEBUG,pause, 1,0,0,0

3520491,DEBUG,pause, 0,0,0,0

3532492,DEBUG,pause, 0,0,0,0

3544494,DEBUG,pause, 0,0,0,0

3556495,DEBUG,pause, 0,0,0,0

3568496,DEBUG,pause, 2,0,2,1

3580497,DEBUG,pause, 0,0,0,0

3592499,DEBUG,pause, 0,0,0,0

3604500,DEBUG,pause, 0,0,0,0

3616501,DEBUG,pause, 0,0,0,0

3628503,DEBUG,pause, 0,0,0,0

3640504,DEBUG,pause, 0,0,0,0

3652505,DEBUG,pause, 0,0,0,0

3664506,DEBUG,pause, 0,0,0,0

3676508,DEBUG,pause, 0,0,0,0

3688509,DEBUG,pause, 0,0,0,0

3700509,DEBUG,Free memory: 1222

3706513,DEBUG,Sensor at pin 0 has 5.38 error

3706513,INFO,389, 1

3712518,DEBUG,Sensor at pin 1 has 5.85 error

3712519,INFO,290, 2

3718523,DEBUG,Sensor at pin 2 has 7.64 error

3718524,INFO,381, 3

3724528,DEBUG,Sensor at pin 3 has 4.19 error

3724529,INFO,376, 4

3724532,DEBUG,pause, 2,0,0,3

3736563,DEBUG,pause, 0,0,0,0

3748564,DEBUG,pause, 0,0,0,0

3760566,DEBUG,pause, 0,0,0,0

3772567,DEBUG,pause, 0,0,0,0

3784568,DEBUG,pause, 0,0,0,0

3796569,DEBUG,pause, 0,0,0,0

3808570,DEBUG,pause, 0,0,0,0

3820571,DEBUG,pause, 0,0,0,0

3832572,DEBUG,pause, 0,0,0,0

3844574,DEBUG,pause, 0,0,0,0

3856575,DEBUG,pause, 0,0,0,0

3868576,DEBUG,pause, 2,0,1,1

3880578,DEBUG,pause, 0,0,0,0

3892579,DEBUG,pause, 0,0,0,0

3904580,DEBUG,pause, 0,0,0,0

3916581,DEBUG,pause, 0,0,0,0

3928583,DEBUG,pause, 0,0,0,0

3940584,DEBUG,pause, 0,0,0,0

3952585,DEBUG,pause, 3,0,2,1

3964587,DEBUG,pause, 0,0,0,0

3976587,DEBUG,pause, 0,0,0,0

3988588,DEBUG,pause, 0,0,0,0

4000589,DEBUG,pause, 1,0,0,0

4012591,DEBUG,pause, 0,0,0,0

4024592,DEBUG,pause, 0,0,0,0

4036593,DEBUG,pause, 3,0,2,1

4048594,DEBUG,pause, 0,0,0,0

4060596,DEBUG,pause, 0,0,0,0

4072597,DEBUG,pause, 0,0,0,3

4084598,DEBUG,pause, 1,0,1,0

4096600,DEBUG,pause, 3,0,2,2

4108601,DEBUG,pause, 0,0,0,0

4120602,DEBUG,pause, 0,0,0,0

4132603,DEBUG,pause, 0,0,0,0

4144605,DEBUG,pause, 0,0,0,0

4156606,DEBUG,pause, 0,0,0,0

4168606,DEBUG,pause, 0,0,0,0

4180608,DEBUG,pause, 0,0,0,0

4192609,DEBUG,pause, 0,0,0,0

4204610,DEBUG,pause, 0,0,0,0

4216611,DEBUG,pause, 0,0,0,0

4228613,DEBUG,pause, 0,0,0,0

4240614,DEBUG,pause, 0,0,0,0

4252615,DEBUG,pause, 0,0,0,0

4264616,DEBUG,pause, 0,0,0,0

4276618,DEBUG,pause, 0,0,0,0

4288619,DEBUG,pause, 0,0,0,0

4300620,DEBUG,pause, 0,0,0,0

4312622,DEBUG,pause, 3,0,2,1

4324623,DEBUG,pause, 2,0,2,1

4336624,DEBUG,pause, 1,0,2,0

4348624,DEBUG,pause, 0,0,0,0

4360626,DEBUG,pause, 0,0,0,0

4372627,DEBUG,pause, 0,0,0,0

4384628,DEBUG,pause, 1,0,0,0

4396630,DEBUG,pause, 2,0,1,1

4408631,DEBUG,pause, 1,0,0,0

4420632,DEBUG,pause, 0,0,0,0

4432633,DEBUG,pause, 0,0,2,0

4444635,DEBUG,pause, 2,0,1,1

4456636,DEBUG,pause, 0,0,0,0

4468637,DEBUG,pause, 0,0,0,0

4480638,DEBUG,pause, 0,0,0,0

4492640,DEBUG,pause, 0,0,0,0

4504641,DEBUG,pause, 0,0,0,0

4516642,DEBUG,pause, 0,0,0,0

4528644,DEBUG,pause, 0,0,0,0

4540644,DEBUG,pause, 0,0,0,0

4552645,DEBUG,pause, 2,0,1,0

4564646,DEBUG,pause, 0,0,0,0

4576648,DEBUG,pause, 0,0,0,0

4588649,DEBUG,pause, 1,0,1,0

4600650,DEBUG,pause, 2,0,1,1

4612652,DEBUG,pause, 0,0,0,0

4624653,DEBUG,pause, 0,0,0,0

4636654,DEBUG,pause, 0,0,0,0

4648655,DEBUG,pause, 0,0,0,0

4660657,DEBUG,pause, 0,0,0,0

4672658,DEBUG,pause, 0,0,0,0

4684659,DEBUG,pause, 0,0,0,0

4696660,DEBUG,pause, 0,0,0,0

4708662,DEBUG,pause, 0,0,0,0

4720662,DEBUG,pause, 1,0,0,0

4732663,DEBUG,pause, 2,0,1,1

4744665,DEBUG,pause, 0,0,0,0

4756666,DEBUG,pause, 0,0,0,0

4768667,DEBUG,pause, 0,0,0,0

4780668,DEBUG,pause, 1,0,0,1

4792670,DEBUG,pause, 0,0,0,0

4804671,DEBUG,pause, 0,0,0,0

4816672,DEBUG,pause, 2,0,1,1

4828674,DEBUG,pause, 3,0,2,0

4840675,DEBUG,pause, 0,0,0,0

4852676,DEBUG,pause, 0,0,0,0

4864677,DEBUG,pause, 0,0,0,0

4876679,DEBUG,pause, 3,0,2,1

4888680,DEBUG,pause, 0,0,0,0

4900681,DEBUG,pause, 0,0,0,0

4912681,DEBUG,pause, 0,0,0,0

4924683,DEBUG,Free memory: 1222

4930685,DEBUG,Sensor at pin 0 has 4.39 error

4930686,INFO,381, 1

4936691,DEBUG,Sensor at pin 1 has 5.88 error

4936692,INFO,291, 2

4942697,DEBUG,Sensor at pin 2 has 7.67 error

4942697,INFO,381, 3

4948702,DEBUG,Sensor at pin 3 has 4.00 error

4948703,INFO,370, 4

4948705,DEBUG,pause, 0,0,0,2

4960736,DEBUG,pause, 0,0,0,0

4972737,DEBUG,pause, 0,0,0,0

4984738,DEBUG,pause, 3,0,2,2

4996740,DEBUG,pause, 0,0,0,0

5008741,DEBUG,pause, 0,0,0,0

5020742,DEBUG,pause, 0,0,0,0

5032743,DEBUG,pause, 0,0,0,0

5044745,DEBUG,pause, 1,0,0,0

5056746,DEBUG,pause, 3,0,1,0

5068747,DEBUG,pause, 0,0,0,0

5080749,DEBUG,pause, 0,0,0,0

5092750,DEBUG,pause, 3,0,2,2

5104751,DEBUG,pause, 0,0,0,0

5116752,DEBUG,pause, 0,0,0,0

5128754,DEBUG,pause, 0,0,0,0

5140755,DEBUG,pause, 0,0,0,0

5152755,DEBUG,pause, 3,0,2,1

5164756,DEBUG,pause, 0,0,0,0

5176758,DEBUG,pause, 0,0,0,0

5188759,DEBUG,pause, 3,0,2,2

5200760,DEBUG,pause, 0,0,0,0

5212762,DEBUG,pause, 3,0,2,1

5224763,DEBUG,pause, 0,0,0,0

5236764,DEBUG,pause, 2,0,2,1

5248765,DEBUG,pause, 0,0,0,0

5260767,DEBUG,pause, 3,0,2,1

5272768,DEBUG,pause, 0,0,0,0

5284769,DEBUG,pause, 0,0,0,0

5296771,DEBUG,pause, 0,0,0,0

5308772,DEBUG,pause, 0,0,0,0

5320773,DEBUG,pause, 1,0,2,1

5332773,DEBUG,pause, 0,0,0,0

5344775,DEBUG,pause, 0,0,0,0

5356776,DEBUG,pause, 1,0,0,0

5368777,DEBUG,pause, 0,0,0,0

5380779,DEBUG,pause, 0,0,0,0

5392780,DEBUG,pause, 1,0,0,0

5404781,DEBUG,pause, 0,0,0,0

5416782,DEBUG,pause, 0,0,0,0

5428784,DEBUG,pause, 0,0,0,0

5440785,DEBUG,pause, 0,0,0,0

5452786,DEBUG,pause, 0,0,0,0

5464787,DEBUG,pause, 0,0,0,0

5476789,DEBUG,pause, 1,0,0,0

5488790,DEBUG,pause, 3,0,2,1

5500791,DEBUG,pause, 0,0,0,0

5512793,DEBUG,pause, 0,0,0,0

5524793,DEBUG,pause, 0,0,0,0

5536794,DEBUG,pause, 0,0,0,0

5548795,DEBUG,pause, 0,0,0,0

5560797,DEBUG,pause, 1,0,2,0

5572798,DEBUG,pause, 2,0,1,0

5584799,DEBUG,pause, 3,0,2,1

5596801,DEBUG,pause, 0,0,0,0

5608802,DEBUG,pause, 0,0,0,0

5620803,DEBUG,pause, 0,0,0,0

5632804,DEBUG,pause, 0,0,0,0

5644806,DEBUG,pause, 3,0,2,1

5656807,DEBUG,pause, 0,0,0,0

5668808,DEBUG,pause, 0,0,0,0

5680809,DEBUG,pause, 0,0,0,0

5692811,DEBUG,pause, 0,0,0,0

5704811,DEBUG,pause, 0,0,0,0

5716812,DEBUG,pause, 0,0,0,0

5728814,DEBUG,pause, 0,0,0,0

5740815,DEBUG,pause, 1,0,0,0

5752816,DEBUG,pause, 3,0,2,1

5764817,DEBUG,pause, 0,0,0,0

5776819,DEBUG,pause, 0,0,0,0

5788820,DEBUG,pause, 0,0,0,0

5800821,DEBUG,pause, 0,0,0,0

5812823,DEBUG,pause, 0,0,0,0

5824824,DEBUG,pause, 1,0,1,0

5836825,DEBUG,pause, 0,0,0,0

5848826,DEBUG,pause, 0,0,0,0

5860828,DEBUG,pause, 0,0,0,0

5872829,DEBUG,pause, 0,0,0,0

5884830,DEBUG,pause, 0,0,0,0

5896830,DEBUG,pause, 0,0,0,0

5908832,DEBUG,pause, 1,0,1,0

5920833,DEBUG,pause, 3,0,2,2

5932834,DEBUG,pause, 2,0,1,1

5944836,DEBUG,pause, 2,0,1,1

5956837,DEBUG,pause, 0,0,0,0

5968838,DEBUG,pause, 0,0,0,0

5980839,DEBUG,pause, 0,0,0,0

5992841,DEBUG,pause, 0,0,0,0

6004842,DEBUG,pause, 3,0,2,1

6016843,DEBUG,pause, 0,0,0,0

6028845,DEBUG,pause, 0,0,0,0

6040846,DEBUG,pause, 0,0,0,0

6052847,DEBUG,pause, 0,0,0,0

6064848,DEBUG,pause, 0,0,0,0

6076849,DEBUG,pause, 0,0,0,0

6088850,DEBUG,pause, 0,0,0,0

6100851,DEBUG,pause, 2,0,1,1

6112852,DEBUG,pause, 0,0,0,1

6124854,DEBUG,pause, 0,0,0,0

6136855,DEBUG,pause, 0,0,0,0

6148856,DEBUG,Free memory: 1222

6154859,DEBUG,Sensor at pin 0 has 3.77 error

6154860,INFO,380, 1

6160865,DEBUG,Sensor at pin 1 has 6.33 error

6160866,INFO,300, 2

6166870,DEBUG,Sensor at pin 2 has 7.58 error

6166871,INFO,384, 3

6172875,DEBUG,Sensor at pin 3 has 3.96 error

6172876,INFO,366, 4

6172878,DEBUG,pause, 3,0,2,4

6184909,DEBUG,pause, 0,0,0,0

6196911,DEBUG,pause, 0,0,0,0

6208912,DEBUG,pause, 2,0,1,1

6220913,DEBUG,pause, 0,0,0,0

6232914,DEBUG,pause, 0,0,0,0

6244916,DEBUG,pause, 1,1,0,0

6256917,DEBUG,pause, 0,0,0,0

6268918,DEBUG,pause, 0,0,0,0

6280920,DEBUG,pause, 1,0,1,1

6292921,DEBUG,pause, 0,0,0,0

6304922,DEBUG,pause, 0,0,0,0

6316922,DEBUG,pause, 1,0,0,0

6328924,DEBUG,pause, 0,0,0,0

6340925,DEBUG,pause, 0,0,0,0

6352926,DEBUG,pause, 2,0,2,1

6364928,DEBUG,pause, 0,0,0,0

6376929,DEBUG,pause, 0,0,0,0

6388930,DEBUG,pause, 0,0,0,0

6400931,DEBUG,pause, 0,0,0,0

6412933,DEBUG,pause, 0,0,0,0

6424934,DEBUG,pause, 1,0,0,0

6436935,DEBUG,pause, 0,0,0,0

6448936,DEBUG,pause, 0,0,0,0

6460938,DEBUG,pause, 0,0,0,0

6472939,DEBUG,pause, 0,0,0,0

6484940,DEBUG,pause, 0,0,0,0

6496942,DEBUG,pause, 3,0,2,0

6508942,DEBUG,pause, 0,0,0,0

6520943,DEBUG,pause, 0,0,0,0

6532944,DEBUG,pause, 0,0,0,0

6544946,DEBUG,pause, 1,0,0,0

6556947,DEBUG,pause, 0,0,0,0

6568948,DEBUG,pause, 1,0,0,0

6580950,DEBUG,pause, 0,0,0,0

6592951,DEBUG,pause, 1,0,0,0

6604952,DEBUG,pause, 0,0,0,0

6616953,DEBUG,pause, 1,0,1,0

6628955,DEBUG,pause, 0,0,0,0

6640956,DEBUG,pause, 0,0,0,0

6652957,DEBUG,pause, 0,0,0,0

6664958,DEBUG,pause, 2,0,2,1

6676960,DEBUG,pause, 0,0,0,0

6688960,DEBUG,pause, 3,0,2,1

6700961,DEBUG,pause, 0,0,0,0

6712963,DEBUG,pause, 3,0,2,1

6724964,DEBUG,pause, 0,0,0,0

6736965,DEBUG,pause, 0,0,0,0

6748966,DEBUG,pause, 0,0,0,0

6760968,DEBUG,pause, 0,0,0,0

6772969,DEBUG,pause, 0,0,0,0

6784970,DEBUG,pause, 0,0,0,0

6796972,DEBUG,pause, 0,0,0,0

6808973,DEBUG,pause, 0,0,0,0

6820974,DEBUG,pause, 1,0,1,0

6832975,DEBUG,pause, 0,0,0,0

6844977,DEBUG,pause, 0,0,0,0

6856978,DEBUG,pause, 1,0,0,0

6868979,DEBUG,pause, 0,0,0,0

6880979,DEBUG,pause, 0,0,0,0

6892981,DEBUG,pause, 0,0,0,0

6904982,DEBUG,pause, 0,0,0,0

6916983,DEBUG,pause, 2,0,1,1

6928985,DEBUG,pause, 0,0,0,0

6940986,DEBUG,pause, 0,0,0,0

6952987,DEBUG,pause, 3,0,2,0

6964988,DEBUG,pause, 0,0,0,0

6976990,DEBUG,pause, 0,0,0,0

6988991,DEBUG,pause, 3,0,2,1

7000992,DEBUG,pause, 0,0,0,0

7012994,DEBUG,pause, 0,0,0,0

7024995,DEBUG,pause, 0,0,0,0

7036996,DEBUG,pause, 0,0,0,0

7048997,DEBUG,pause, 0,0,0,0

7060998,DEBUG,pause, 0,0,0,0

7072999,DEBUG,pause, 3,0,2,1

7085000,DEBUG,pause, 0,0,0,0

7097001,DEBUG,pause, 0,0,0,0

7109003,DEBUG,pause, 0,0,0,0

7121004,DEBUG,pause, 0,0,0,0

7133005,DEBUG,pause, 1,0,0,0

7145007,DEBUG,pause, 0,0,0,0

7157008,DEBUG,pause, 1,0,0,0

7169009,DEBUG,pause, 0,0,0,0

7181010,DEBUG,pause, 0,0,0,0

7193012,DEBUG,pause, 1,0,0,0

7205013,DEBUG,pause, 0,0,0,0

7217014,DEBUG,pause, 0,0,0,0

7229016,DEBUG,pause, 0,0,0,0

7241017,DEBUG,pause, 0,0,0,0

7253017,DEBUG,pause, 0,0,0,0

7265018,DEBUG,pause, 0,0,0,0

7277020,DEBUG,pause, 3,0,1,1

7289021,DEBUG,pause, 0,0,0,0

7301022,DEBUG,pause, 0,0,0,0

7313024,DEBUG,pause, 0,0,0,0

7325025,DEBUG,pause, 0,0,0,0

7337026,DEBUG,pause, 0,0,0,0

7349027,DEBUG,pause, 1,0,0,0

7361029,DEBUG,pause, 3,0,2,0

7373029,DEBUG,Free memory: 1222

7379033,DEBUG,Sensor at pin 0 has 4.36 error

7379034,INFO,381, 1

7385037,DEBUG,Sensor at pin 1 has 6.11 error

7385038,INFO,304, 2

7391043,DEBUG,Sensor at pin 2 has 7.91 error

7391044,INFO,383, 3

7397049,DEBUG,Sensor at pin 3 has 3.19 error

7397049,INFO,363, 4

7397052,DEBUG,pause, 1,0,0,2

7409083,DEBUG,pause, 2,0,1,0

7421084,DEBUG,pause, 1,0,0,0

7433085,DEBUG,pause, 0,0,0,0

7445087,DEBUG,pause, 0,0,0,0

7457088,DEBUG,pause, 0,0,0,0

7469089,DEBUG,pause, 0,0,0,0

7481091,DEBUG,pause, 1,0,1,0

7493091,DEBUG,pause, 0,0,0,0

7505092,DEBUG,pause, 0,0,0,0

7517093,DEBUG,pause, 0,0,0,0

7529095,DEBUG,pause, 1,0,0,0

7541096,DEBUG,pause, 0,0,0,0

7553097,DEBUG,pause, 0,0,0,0

7565099,DEBUG,pause, 0,0,0,0

7577100,DEBUG,pause, 1,0,0,0

7589101,DEBUG,pause, 0,0,0,0

7601102,DEBUG,pause, 1,0,0,0

7613104,DEBUG,pause, 0,0,0,0

7625105,DEBUG,pause, 0,0,0,0

7637106,DEBUG,pause, 2,0,2,0

7649107,DEBUG,pause, 0,0,0,0

7661109,DEBUG,pause, 0,0,0,0

7673109,DEBUG,pause, 0,0,0,0

7685110,DEBUG,pause, 0,0,0,0

7697112,DEBUG,pause, 1,0,0,0

7709113,DEBUG,pause, 3,0,1,1

7721114,DEBUG,pause, 0,0,0,0

7733115,DEBUG,pause, 0,0,0,0

7745117,DEBUG,pause, 0,0,0,0

7757118,DEBUG,pause, 0,0,0,0

7769119,DEBUG,pause, 0,0,0,0

7781121,DEBUG,pause, 0,0,0,0

7793122,DEBUG,pause, 0,0,0,0

7805123,DEBUG,pause, 0,0,0,0

7817124,DEBUG,pause, 0,0,0,0

7829126,DEBUG,pause, 0,0,0,0

7841127,DEBUG,pause, 0,0,0,0

7853128,DEBUG,pause, 2,0,1,0

7865128,DEBUG,pause, 2,0,2,1

7877130,DEBUG,pause, 2,0,1,0

7889131,DEBUG,pause, 2,0,1,1

7901132,DEBUG,pause, 3,0,2,1

7913134,DEBUG,pause, 3,0,2,1

7925135,DEBUG,pause, 0,0,0,0

7937136,DEBUG,pause, 0,0,0,0

7949137,DEBUG,pause, 0,0,0,0

7961139,DEBUG,pause, 0,0,0,0

7973140,DEBUG,pause, 0,0,0,1

7985141,DEBUG,pause, 2,0,1,0

7997143,DEBUG,pause, 2,0,0,0

8009144,DEBUG,pause, 0,0,0,0

8021145,DEBUG,pause, 0,0,0,0

8033146,DEBUG,pause, 0,0,0,0

8045147,DEBUG,pause, 3,0,1,1

8057148,DEBUG,pause, 0,0,0,0

8069149,DEBUG,pause, 0,0,0,0

8081150,DEBUG,pause, 0,0,0,0

8093152,DEBUG,pause, 0,0,0,0

8105153,DEBUG,pause, 0,0,0,0

8117154,DEBUG,pause, 1,0,0,0

8129156,DEBUG,pause, 3,0,2,0

8141157,DEBUG,pause, 3,0,2,0

8153158,DEBUG,pause, 3,0,2,0

8165159,DEBUG,pause, 3,0,2,1

8177161,DEBUG,pause, 0,0,0,0

8189162,DEBUG,pause, 0,0,0,0

8201163,DEBUG,pause, 0,0,0,0

8213165,DEBUG,pause, 0,0,0,0

8225166,DEBUG,pause, 3,0,1,1

8237166,DEBUG,pause, 1,0,0,0

8249167,DEBUG,pause, 0,0,0,0

8261169,DEBUG,pause, 0,0,0,0

8273170,DEBUG,pause, 0,0,0,0

8285171,DEBUG,pause, 0,0,0,0

8297172,DEBUG,pause, 0,0,0,0

8309174,DEBUG,pause, 0,0,0,0

8321175,DEBUG,pause, 0,0,0,0

8333176,DEBUG,pause, 0,0,0,0

8345178,DEBUG,pause, 0,0,0,0

8357179,DEBUG,pause, 0,0,0,0

8369180,DEBUG,pause, 0,0,0,0

8381181,DEBUG,pause, 0,0,0,0

8393183,DEBUG,pause, 0,0,0,0

8405184,DEBUG,pause, 0,0,0,0

8417184,DEBUG,pause, 1,0,1,0

8429186,DEBUG,pause, 0,0,0,0

8441187,DEBUG,pause, 0,0,0,0

8453188,DEBUG,pause, 0,0,0,0

8465189,DEBUG,pause, 0,0,0,0

8477191,DEBUG,pause, 0,0,0,0

8489192,DEBUG,pause, 1,0,0,0

8501193,DEBUG,pause, 0,0,0,0

8513195,DEBUG,pause, 1,0,0,0

8525196,DEBUG,pause, 3,0,2,1

8537197,DEBUG,pause, 0,0,0,0

8549198,DEBUG,pause, 0,0,0,0

8561200,DEBUG,pause, 0,0,0,0

8573201,DEBUG,pause, 0,0,0,0

8585202,DEBUG,pause, 0,0,0,0

8597202,DEBUG,Free memory: 1222

8603206,DEBUG,Sensor at pin 0 has 4.77 error

8603206,INFO,374, 1

8609211,DEBUG,Sensor at pin 1 has 6.29 error

8609212,INFO,304, 2

8615217,DEBUG,Sensor at pin 2 has 7.91 error

8615218,INFO,383, 3

8621221,DEBUG,Sensor at pin 3 has 3.35 error

8621222,INFO,360, 4

8621224,DEBUG,pause, 0,0,0,0

8633256,DEBUG,pause, 0,0,0,0

8645258,DEBUG,pause, 0,0,0,0

8657259,DEBUG,pause, 2,0,2,1

8669259,DEBUG,pause, 0,0,0,0

8681261,DEBUG,pause, 0,0,0,0

8693262,DEBUG,pause, 3,0,1,1

8705263,DEBUG,pause, 0,0,0,0

8717264,DEBUG,pause, 0,0,0,0

8729266,DEBUG,pause, 0,0,0,0

8741267,DEBUG,pause, 0,0,0,0

8753268,DEBUG,pause, 0,0,0,0

8765270,DEBUG,pause, 1,0,0,0

8777271,DEBUG,pause, 2,0,1,0

8789272,DEBUG,pause, 0,0,0,0

8801273,DEBUG,pause, 0,0,0,0

8813275,DEBUG,pause, 0,0,0,0

8825276,DEBUG,pause, 1,0,1,0

8837277,DEBUG,pause, 3,0,2,1

8849277,DEBUG,pause, 2,0,0,0

8861279,DEBUG,pause, 0,0,0,0

8873280,DEBUG,pause, 0,0,0,0

8885281,DEBUG,pause, 0,0,0,0

8897283,DEBUG,pause, 0,0,0,0

8909284,DEBUG,pause, 3,0,2,2

8921285,DEBUG,pause, 0,0,0,0

8933286,DEBUG,pause, 0,0,0,0

8945288,DEBUG,pause, 0,0,0,0

8957289,DEBUG,pause, 0,0,0,0

8969290,DEBUG,pause, 0,0,0,0

8981292,DEBUG,pause, 0,0,0,0

8993293,DEBUG,pause, 0,0,0,0

9005294,DEBUG,pause, 2,0,1,0

9017295,DEBUG,pause, 0,0,0,0

9029297,DEBUG,pause, 0,0,0,0

9041297,DEBUG,pause, 0,0,0,0

9053298,DEBUG,pause, 0,0,0,0

9065299,DEBUG,pause, 1,0,1,0

9077301,DEBUG,pause, 3,0,2,1

9089302,DEBUG,pause, 0,0,0,0

9101303,DEBUG,pause, 0,0,0,0

9113305,DEBUG,pause, 0,0,0,0

9125306,DEBUG,pause, 0,0,0,0

9137307,DEBUG,pause, 0,0,0,0

9149308,DEBUG,pause, 0,0,0,0

9161310,DEBUG,pause, 0,0,0,0

9173311,DEBUG,pause, 0,0,0,0

9185312,DEBUG,pause, 0,0,0,0

9197314,DEBUG,pause, 0,0,0,0

9209315,DEBUG,pause, 0,0,0,0

9221315,DEBUG,pause, 0,0,0,0

9233316,DEBUG,pause, 0,0,0,0

