9999,DEBUG,Free memory: 1473

11001,INFO,490,1,0

12003,INFO,287,2,0

13005,INFO,456,3,0

14007,INFO,344,4,0

1214008,DEBUG,Free memory: 1473

1215009,INFO,497,1,0

1216012,INFO,282,2,0

1217013,INFO,482,3,0

1218016,INFO,346,4,0

2418017,DEBUG,Free memory: 1473

2419018,INFO,494,1,0

2420021,INFO,279,2,0

2421022,INFO,481,3,0

2422025,INFO,344,4,0

3622025,DEBUG,Free memory: 1473

3623027,INFO,490,1,0

3624030,INFO,275,2,0

3625031,INFO,478,3,0

3626034,INFO,343,4,0

4826034,DEBUG,Free memory: 1473

4827036,INFO,485,1,0

4828038,INFO,272,2,0

4829040,INFO,477,3,0

4830042,INFO,341,4,0

6030043,DEBUG,Free memory: 1473

6031045,INFO,480,1,0

6032047,INFO,269,2,0

6033049,INFO,474,3,0

6034051,INFO,339,4,0

7234052,DEBUG,Free memory: 1473

7235053,INFO,476,1,0

7236056,INFO,266,2,0

7237058,INFO,471,3,0

7238060,INFO,337,4,0

8438061,DEBUG,Free memory: 1473

8439062,INFO,471,1,0

8440065,INFO,263,2,0

8441066,INFO,468,3,0

8442068,INFO,335,4,0

9642068,DEBUG,Free memory: 1473

9643071,INFO,467,1,0

9644073,INFO,260,2,0

9645075,INFO,465,3,0

9646077,INFO,333,4,0

10846077,DEBUG,Free memory: 1473

10847080,INFO,464,1,0

10848081,INFO,258,2,0

10849084,INFO,463,3,0

10850086,INFO,331,4,0

12050086,DEBUG,Free memory: 1473

12051089,INFO,459,1,0

12052090,INFO,256,2,0

12053093,INFO,461,3,0

12054095,INFO,329,4,0

13254095,DEBUG,Free memory: 1473

13255098,INFO,456,1,0

13256099,INFO,253,2,0

13257102,INFO,458,3,0

13258104,INFO,327,4,0

14458104,DEBUG,Free memory: 1473

14459107,INFO,452,1,0

14460108,INFO,250,2,0

14461111,INFO,455,3,0

14462113,INFO,324,4,0

15662113,DEBUG,Free memory: 1473

15663116,INFO,448,1,0

15664117,INFO,248,2,0

15665120,INFO,453,3,0

15666122,INFO,322,4,0

16866122,DEBUG,Free memory: 1473

16867125,INFO,445,1,0

16868126,INFO,245,2,0

16869129,INFO,451,3,0

16870131,INFO,319,4,0

18070131,DEBUG,Free memory: 1473

18071134,INFO,441,1,0

18072135,INFO,243,2,0

18073138,INFO,449,3,0

18074139,INFO,316,4,0

19274140,DEBUG,Free memory: 1473

19275143,INFO,438,1,0

19276144,INFO,241,2,0

19277147,INFO,446,3,0

19278148,INFO,313,4,0

20478149,DEBUG,Free memory: 1473

20479152,INFO,434,1,0

20480153,INFO,240,2,0

20481156,INFO,444,3,0

20482157,INFO,309,4,0

21682158,DEBUG,Free memory: 1473

21683161,INFO,431,1,0

21684162,INFO,238,2,0

21685165,INFO,442,3,0

21686166,INFO,307,4,0

22886167,DEBUG,Free memory: 1473

22887170,INFO,428,1,0

22888171,INFO,236,2,0

22889174,INFO,440,3,0

22890175,INFO,304,4,0

24090176,DEBUG,Free memory: 1473

24091179,INFO,425,1,0

24092180,INFO,235,2,0

24093182,INFO,438,3,0

24094184,INFO,303,4,0

25294185,DEBUG,Free memory: 1473

25295187,INFO,422,1,0

25296189,INFO,233,2,0

25297191,INFO,436,3,0

25298193,INFO,300,4,0

26498194,DEBUG,Free memory: 1473

26499196,INFO,419,1,0

26500198,INFO,231,2,0

26501200,INFO,435,3,0

26502202,INFO,298,4,0

27702203,DEBUG,Free memory: 1473

27703205,INFO,416,1,0

27704207,INFO,229,2,0

27705209,INFO,433,3,0

27706211,INFO,295,4,0

28906212,DEBUG,Free memory: 1473

28907214,INFO,414,1,0

28908216,INFO,229,2,0

28909218,INFO,431,3,0

28910220,INFO,293,4,0

30110221,DEBUG,Free memory: 1473

30111222,INFO,411,1,0

30112225,INFO,228,2,0

30113227,INFO,430,3,0

30114229,INFO,291,4,0

31314230,DEBUG,Free memory: 1473

31315231,INFO,409,1,0

31316234,INFO,227,2,0

31317236,INFO,428,3,0

31318238,INFO,289,4,0

32518239,DEBUG,Free memory: 1473

32519240,INFO,408,1,0

32520243,INFO,228,2,0

32521245,INFO,427,3,0

32522247,INFO,287,4,0

33722248,DEBUG,Free memory: 1473

33723249,INFO,406,1,0

33724252,INFO,229,2,0

33725254,INFO,426,3,0

33726256,INFO,285,4,0

34926257,DEBUG,Free memory: 1473

34927258,INFO,406,1,0

34928261,INFO,230,2,0

34929263,INFO,426,3,0

34930265,INFO,282,4,0

36130266,DEBUG,Free memory: 1473

36131267,INFO,406,1,0

36132270,INFO,231,2,0

36133272,INFO,426,3,0

36134274,INFO,281,4,0

37334275,DEBUG,Free memory: 1473

37335276,INFO,408,1,0

37336279,INFO,233,2,0

37337280,INFO,425,3,0

37338283,INFO,278,4,0

