4500,INFO,Watering pot 2

0,INFO,Watering pot 1

4500,INFO,Watering pot 2

9000,INFO,Watering pot 3

13501,INFO,Watering pot 4

28002,DEBUG,Free memory: 1218

34006,DEBUG,Sensor at pin 0 has 5.36 error

34006,INFO,345, 1

40009,DEBUG,Sensor at pin 1 has 4.17 error

40010,INFO,287, 2

46013,DEBUG,Sensor at pin 2 has 8.13 error

46014,INFO,341, 3

52018,DEBUG,Sensor at pin 3 has 5.68 error

52018,INFO,443, 4

52019,DEBUG,pause, 2,0,0,10

64047,DEBUG,pause, 0,0,0,3

76048,DEBUG,pause, 1,0,0,4

88049,DEBUG,pause, 0,0,0,3

100049,DEBUG,pause, 0,0,0,2

112051,DEBUG,pause, 0,0,0,3

124052,DEBUG,pause, 0,0,0,2

136053,DEBUG,pause, 2,0,1,4

148055,DEBUG,pause, 0,0,0,3

160056,DEBUG,pause, 0,0,0,2

172057,DEBUG,pause, 0,0,0,3

184058,DEBUG,pause, 0,0,0,2

196060,DEBUG,pause, 1,0,0,2

208061,DEBUG,pause, 0,0,0,2

220061,DEBUG,pause, 2,0,1,3

232062,DEBUG,pause, 0,0,0,2

244064,DEBUG,pause, 0,0,0,2

256065,DEBUG,pause, 0,0,0,2

268066,DEBUG,pause, 1,0,0,3

280068,DEBUG,pause, 0,0,0,2

292069,DEBUG,pause, 0,0,0,2

304070,DEBUG,pause, 2,0,1,4

316071,DEBUG,pause, 0,0,0,2

328073,DEBUG,pause, 0,0,0,2

340073,DEBUG,pause, 0,0,0,3

352074,DEBUG,pause, 0,0,0,2

364076,DEBUG,pause, 0,0,0,2

376077,DEBUG,pause, 2,0,1,3

388078,DEBUG,pause, 0,0,0,2

400079,DEBUG,pause, 0,0,0,1

412081,DEBUG,pause, 0,0,0,1

424082,DEBUG,pause, 0,0,0,2

436083,DEBUG,pause, 0,0,0,0

448084,DEBUG,pause, 0,0,0,1

460086,DEBUG,pause, 0,0,0,1

472086,DEBUG,pause, 0,0,0,1

484087,DEBUG,pause, 1,0,0,3

496089,DEBUG,pause, 0,0,0,1

508090,DEBUG,pause, 0,0,0,2

520091,DEBUG,pause, 0,0,0,1

532092,DEBUG,pause, 0,0,0,1

544094,DEBUG,pause, 1,0,0,3

556095,DEBUG,pause, 2,0,0,3

568096,DEBUG,pause, 0,0,0,2

580098,DEBUG,pause, 0,0,0,2

592098,DEBUG,pause, 0,0,0,2

604099,DEBUG,pause, 0,0,0,2

616100,DEBUG,pause, 2,0,1,4

628102,DEBUG,pause, 2,0,1,3

640103,DEBUG,pause, 0,0,0,2

652104,DEBUG,pause, 0,0,0,2

664105,DEBUG,pause, 0,0,0,2

676107,DEBUG,pause, 0,0,0,1

688108,DEBUG,pause, 0,0,0,2

700109,DEBUG,pause, 1,0,0,2

712110,DEBUG,pause, 2,0,0,2

724111,DEBUG,pause, 0,0,0,2

736112,DEBUG,pause, 0,0,0,1

748113,DEBUG,pause, 0,0,0,1

760115,DEBUG,pause, 0,0,0,1

772116,DEBUG,pause, 0,0,0,1

784117,DEBUG,pause, 0,0,0,0

796119,DEBUG,pause, 0,0,0,1

808120,DEBUG,pause, 0,0,0,1

820121,DEBUG,pause, 0,0,0,0

832122,DEBUG,pause, 0,0,0,1

844123,DEBUG,pause, 0,0,0,1

856124,DEBUG,pause, 0,0,0,1

868125,DEBUG,pause, 0,0,0,1

880126,DEBUG,pause, 0,0,0,1

892128,DEBUG,pause, 0,0,0,1

904129,DEBUG,pause, 0,0,0,1

916130,DEBUG,pause, 0,0,0,0

928132,DEBUG,pause, 0,0,0,1

940133,DEBUG,pause, 0,0,0,2

952134,DEBUG,pause, 2,0,0,2

964134,DEBUG,pause, 0,0,0,1

976136,DEBUG,pause, 0,0,0,1

988137,DEBUG,pause, 0,0,0,1

1000138,DEBUG,pause, 0,0,0,0

1012140,DEBUG,pause, 0,0,0,1

1024141,DEBUG,pause, 0,0,0,1

1036142,DEBUG,pause, 1,0,1,2

1048143,DEBUG,pause, 0,0,0,4

1060145,DEBUG,pause, 0,0,0,2

1072146,DEBUG,pause, 0,0,0,1

1084147,DEBUG,pause, 0,0,0,1

1096148,DEBUG,pause, 0,0,0,1

1108150,DEBUG,pause, 0,0,0,1

1120151,DEBUG,pause, 0,0,0,1

1132151,DEBUG,pause, 0,0,0,1

1144153,DEBUG,pause, 0,0,0,1

1156154,DEBUG,pause, 0,0,0,1

1168155,DEBUG,pause, 0,0,0,2

1180156,DEBUG,pause, 0,0,0,0

1192158,DEBUG,pause, 0,0,0,1

1204159,DEBUG,pause, 0,0,0,2

1216160,DEBUG,pause, 1,0,0,2

1228162,DEBUG,pause, 1,0,0,3

1240163,DEBUG,pause, 0,0,0,3

1252163,DEBUG,Free memory: 1218

1258167,DEBUG,Sensor at pin 0 has 4.48 error

1258168,INFO,340, 1

1264172,DEBUG,Sensor at pin 1 has 4.80 error

1264173,INFO,286, 2

1270177,DEBUG,Sensor at pin 2 has 9.63 error

1270178,INFO,360, 3

1276183,DEBUG,Sensor at pin 3 has 4.07 error

1276183,INFO,436, 4

1276186,DEBUG,pause, 0,0,0,8

1288217,DEBUG,pause, 0,0,0,2

1300218,DEBUG,pause, 1,0,0,4

1312220,DEBUG,pause, 0,0,0,2

1324221,DEBUG,pause, 0,0,0,1

1336222,DEBUG,pause, 0,0,0,2

1348224,DEBUG,pause, 0,0,0,3

1360225,DEBUG,pause, 0,0,0,1

1372225,DEBUG,pause, 0,0,0,2

1384226,DEBUG,pause, 0,0,0,1

1396228,DEBUG,pause, 1,0,0,3

1408229,DEBUG,pause, 0,0,0,2

1420230,DEBUG,pause, 0,0,0,2

1432231,DEBUG,pause, 0,0,0,1

1444233,DEBUG,pause, 0,0,0,1

1456234,DEBUG,pause, 0,0,0,1

1468235,DEBUG,pause, 0,0,0,0

1480237,DEBUG,pause, 1,0,0,3

1492238,DEBUG,pause, 0,0,0,1

1504239,DEBUG,pause, 0,0,0,1

1516240,DEBUG,pause, 1,0,0,3

1528242,DEBUG,pause, 0,0,0,2

1540243,DEBUG,pause, 0,0,0,1

1552243,DEBUG,pause, 1,0,0,3

1564244,DEBUG,pause, 0,0,0,2

1576246,DEBUG,pause, 0,0,0,0

1588247,DEBUG,pause, 0,0,0,1

1600248,DEBUG,pause, 0,0,0,2

1612250,DEBUG,pause, 0,0,0,1

1624251,DEBUG,pause, 0,0,0,0

1636252,DEBUG,pause, 0,0,0,1

1648253,DEBUG,pause, 0,0,0,2

1660255,DEBUG,pause, 0,0,0,1

1672256,DEBUG,pause, 0,0,0,1

1684257,DEBUG,pause, 0,0,0,1

1696259,DEBUG,pause, 0,0,0,1

1708260,DEBUG,pause, 0,0,0,1

1720261,DEBUG,pause, 0,0,0,1

1732262,DEBUG,pause, 0,0,0,1

1744263,DEBUG,pause, 0,0,0,1

1756264,DEBUG,pause, 0,0,0,2

1768265,DEBUG,pause, 1,0,0,1

1780267,DEBUG,pause, 0,0,0,1

1792268,DEBUG,pause, 0,0,0,1

1804269,DEBUG,pause, 0,0,0,0

1816270,DEBUG,pause, 1,0,0,3

1828272,DEBUG,pause, 0,0,0,0

1840273,DEBUG,pause, 0,0,0,0

1852274,DEBUG,pause, 0,0,0,0

1864275,DEBUG,pause, 0,0,0,0

1876277,DEBUG,pause, 0,0,0,1

1888278,DEBUG,pause, 0,0,0,1

1900279,DEBUG,pause, 2,0,0,1

1912281,DEBUG,pause, 1,0,0,2

1924281,DEBUG,pause, 0,0,0,1

1936282,DEBUG,pause, 0,0,0,0

1948283,DEBUG,pause, 0,0,0,0

1960285,DEBUG,pause, 0,0,0,2

1972286,DEBUG,pause, 1,0,0,3

1984287,DEBUG,pause, 0,0,0,0

1996289,DEBUG,pause, 0,0,0,1

2008290,DEBUG,pause, 0,0,0,0

2020291,DEBUG,pause, 0,0,0,3

2032292,DEBUG,pause, 0,0,0,3

2044294,DEBUG,pause, 0,0,0,1

2056295,DEBUG,pause, 0,0,0,0

2068296,DEBUG,pause, 0,0,0,0

2080297,DEBUG,pause, 0,0,0,0

2092299,DEBUG,pause, 0,0,0,0

2104300,DEBUG,pause, 0,0,0,1

2116300,DEBUG,pause, 0,0,0,0

2128302,DEBUG,pause, 0,0,0,0

2140303,DEBUG,pause, 0,0,0,0

2152304,DEBUG,pause, 1,0,0,2

2164305,DEBUG,pause, 0,0,0,0

2176307,DEBUG,pause, 0,0,0,1

2188308,DEBUG,pause, 0,0,0,1

2200309,DEBUG,pause, 0,0,0,0

2212311,DEBUG,pause, 0,0,0,0

2224312,DEBUG,pause, 0,0,0,0

2236313,DEBUG,pause, 0,0,0,2

2248314,DEBUG,pause, 0,0,0,1

2260316,DEBUG,pause, 0,0,0,2

2272317,DEBUG,pause, 0,0,0,0

2284318,DEBUG,pause, 0,0,0,0

2296318,DEBUG,pause, 0,0,0,0

2308320,DEBUG,pause, 0,0,0,0

2320321,DEBUG,pause, 1,0,0,2

2332322,DEBUG,pause, 0,0,0,1

2344324,DEBUG,pause, 0,0,0,0

2356325,DEBUG,pause, 0,0,0,0

2368326,DEBUG,pause, 0,0,0,0

2380327,DEBUG,pause, 0,0,0,0

2392329,DEBUG,pause, 0,0,0,0

2404330,DEBUG,pause, 0,0,0,3

2416331,DEBUG,pause, 0,0,0,0

2428333,DEBUG,pause, 0,0,0,1

2440334,DEBUG,pause, 0,0,0,0

2452335,DEBUG,pause, 0,0,0,0

2464336,DEBUG,pause, 0,0,0,2

2476337,DEBUG,Free memory: 1218

2482340,DEBUG,Sensor at pin 0 has 3.63 error

2482340,INFO,333, 1

2488345,DEBUG,Sensor at pin 1 has 4.75 error

2488346,INFO,285, 2

2494351,DEBUG,Sensor at pin 2 has 8.84 error

2494352,INFO,368, 3

2500356,DEBUG,Sensor at pin 3 has 3.90 error

2500357,INFO,429, 4

2500359,DEBUG,pause, 1,0,0,6

2512391,DEBUG,pause, 1,0,0,4

2524392,DEBUG,pause, 2,0,0,2

2536393,DEBUG,pause, 0,0,0,1

2548393,DEBUG,pause, 0,0,0,1

2560395,DEBUG,pause, 0,0,0,1

2572396,DEBUG,pause, 0,0,0,0

2584397,DEBUG,pause, 0,0,0,0

2596399,DEBUG,pause, 0,0,0,0

2608400,DEBUG,pause, 0,0,0,2

2620401,DEBUG,pause, 0,0,0,0

2632402,DEBUG,pause, 0,0,0,0

2644404,DEBUG,pause, 0,0,0,0

2656405,DEBUG,pause, 0,0,0,1

2668406,DEBUG,pause, 0,0,0,0

2680408,DEBUG,pause, 0,0,0,1

2692409,DEBUG,pause, 1,0,0,1

2704410,DEBUG,pause, 0,0,0,2

2716411,DEBUG,pause, 0,0,0,2

2728412,DEBUG,pause, 0,0,0,2

2740413,DEBUG,pause, 0,0,0,0

2752414,DEBUG,pause, 0,0,0,0

2764416,DEBUG,pause, 0,0,0,0

2776417,DEBUG,pause, 0,0,0,0

2788418,DEBUG,pause, 0,0,0,0

2800419,DEBUG,pause, 1,0,0,5

2812421,DEBUG,pause, 0,0,0,1

2824422,DEBUG,pause, 0,0,0,1

2836423,DEBUG,pause, 0,0,0,0

2848424,DEBUG,pause, 0,0,0,0

2860426,DEBUG,pause, 0,0,0,0

2872427,DEBUG,pause, 0,0,0,0

2884428,DEBUG,pause, 0,0,0,0

2896430,DEBUG,pause, 0,0,0,0

2908431,DEBUG,pause, 0,0,0,0

2920431,DEBUG,pause, 0,0,0,0

2932432,DEBUG,pause, 1,0,0,0

2944434,DEBUG,pause, 0,0,0,0

2956435,DEBUG,pause, 0,0,0,0

2968436,DEBUG,pause, 0,0,0,3

2980438,DEBUG,pause, 0,0,0,0

2992439,DEBUG,pause, 0,0,0,0

3004440,DEBUG,pause, 0,0,0,0

3016441,DEBUG,pause, 0,0,0,0

3028443,DEBUG,pause, 0,0,0,0

3040444,DEBUG,pause, 1,0,0,1

3052445,DEBUG,pause, 0,0,0,0

3064446,DEBUG,pause, 0,0,0,0

3076448,DEBUG,pause, 1,0,0,1

3088449,DEBUG,pause, 0,0,0,0

3100449,DEBUG,pause, 0,0,0,0

3112451,DEBUG,pause, 1,0,0,0

3124452,DEBUG,pause, 0,0,0,0

3136453,DEBUG,pause, 0,0,0,0

3148454,DEBUG,pause, 0,0,0,0

3160456,DEBUG,pause, 0,0,0,0

3172457,DEBUG,pause, 0,0,0,0

3184458,DEBUG,pause, 0,0,0,0

3196460,DEBUG,pause, 0,0,0,3

3208461,DEBUG,pause, 0,0,0,0

3220462,DEBUG,pause, 0,0,0,0

3232463,DEBUG,pause, 0,0,0,0

3244465,DEBUG,pause, 0,0,0,0

3256466,DEBUG,pause, 0,0,0,0

3268467,DEBUG,pause, 0,0,0,0

3280468,DEBUG,pause, 0,0,0,0

3292469,DEBUG,pause, 0,0,0,1

3304470,DEBUG,pause, 0,0,0,0

3316471,DEBUG,pause, 0,0,0,0

3328473,DEBUG,pause, 0,0,0,0

3340474,DEBUG,pause, 0,0,0,0

3352475,DEBUG,pause, 1,0,0,1

3364476,DEBUG,pause, 0,0,0,0

3376478,DEBUG,pause, 0,0,0,0

3388479,DEBUG,pause, 0,0,0,0

3400480,DEBUG,pause, 0,0,0,0

3412482,DEBUG,pause, 0,0,0,0

3424483,DEBUG,pause, 0,0,0,0

3436484,DEBUG,pause, 0,0,0,0

3448485,DEBUG,pause, 0,0,0,0

3460487,DEBUG,pause, 0,0,0,0

3472487,DEBUG,pause, 0,0,0,0

3484488,DEBUG,pause, 0,0,0,0

3496489,DEBUG,pause, 0,0,0,0

3508491,DEBUG,pause, 0,0,0,0

3520492,DEBUG,pause, 0,0,0,0

3532493,DEBUG,pause, 0,0,0,0

3544495,DEBUG,pause, 0,0,0,0

3556496,DEBUG,pause, 0,0,0,0

3568497,DEBUG,pause, 0,0,0,0

3580498,DEBUG,pause, 0,0,0,0

3592500,DEBUG,pause, 0,0,0,0

3604501,DEBUG,pause, 0,0,0,0

3616502,DEBUG,pause, 1,0,0,0

3628504,DEBUG,pause, 0,0,0,0

3640505,DEBUG,pause, 0,0,0,0

3652506,DEBUG,pause, 0,0,0,1

3664506,DEBUG,pause, 0,0,0,0

3676508,DEBUG,pause, 0,0,0,0

3688509,DEBUG,pause, 0,0,0,0

3700510,DEBUG,Free memory: 1218

3706513,DEBUG,Sensor at pin 0 has 3.50 error

3706514,INFO,327, 1

3712519,DEBUG,Sensor at pin 1 has 4.25 error

3712520,INFO,283, 2

3718523,DEBUG,Sensor at pin 2 has 8.42 error

3718524,INFO,371, 3

3724529,DEBUG,Sensor at pin 3 has 3.96 error

3724530,INFO,422, 4

3724532,DEBUG,pause, 1,0,0,6

3736563,DEBUG,pause, 0,0,0,3

3748564,DEBUG,pause, 0,0,0,1

3760566,DEBUG,pause, 1,0,0,0

3772567,DEBUG,pause, 0,0,0,2

3784568,DEBUG,pause, 0,0,0,0

3796570,DEBUG,pause, 0,0,0,0

3808571,DEBUG,pause, 1,0,0,1

3820572,DEBUG,pause, 0,0,0,0

3832573,DEBUG,pause, 0,0,0,0

3844575,DEBUG,pause, 0,0,0,0

3856576,DEBUG,pause, 0,0,0,0

3868577,DEBUG,pause, 0,0,0,0

3880579,DEBUG,pause, 0,0,0,0

3892580,DEBUG,pause, 0,0,0,0

3904580,DEBUG,pause, 0,0,0,0

3916581,DEBUG,pause, 0,0,0,0

3928583,DEBUG,pause, 0,0,0,1

3940584,DEBUG,pause, 0,0,0,0

3952585,DEBUG,pause, 0,0,0,0

3964587,DEBUG,pause, 0,0,0,0

3976588,DEBUG,pause, 1,0,0,0

3988589,DEBUG,pause, 1,0,0,1

4000590,DEBUG,pause, 0,0,0,0

4012592,DEBUG,pause, 0,0,0,0

4024593,DEBUG,pause, 0,0,0,0

4036594,DEBUG,pause, 1,0,0,1

4048595,DEBUG,pause, 0,0,0,0

4060597,DEBUG,pause, 0,0,0,0

4072598,DEBUG,pause, 1,0,0,1

4084599,DEBUG,pause, 0,0,0,0

4096600,DEBUG,pause, 0,0,0,0

4108601,DEBUG,pause, 0,0,0,0

4120602,DEBUG,pause, 0,0,0,1

4132603,DEBUG,pause, 0,0,0,0

4144605,DEBUG,pause, 0,0,0,0

4156606,DEBUG,pause, 0,0,0,0

4168607,DEBUG,pause, 0,0,0,0

4180609,DEBUG,pause, 0,0,0,0

4192610,DEBUG,pause, 0,0,0,1

4204611,DEBUG,pause, 0,0,0,0

4216612,DEBUG,pause, 0,0,0,0

4228614,DEBUG,pause, 0,0,0,0

4240615,DEBUG,pause, 0,0,0,0

4252616,DEBUG,pause, 0,0,0,1

4264617,DEBUG,pause, 0,0,0,0

4276618,DEBUG,pause, 0,0,0,0

4288619,DEBUG,pause, 0,0,0,0

4300620,DEBUG,pause, 0,0,0,0

4312622,DEBUG,pause, 0,0,0,0

4324623,DEBUG,pause, 0,0,0,0

4336624,DEBUG,pause, 0,0,0,0

4348625,DEBUG,pause, 1,0,0,0

4360627,DEBUG,pause, 0,0,0,0

4372628,DEBUG,pause, 0,0,0,0

4384629,DEBUG,pause, 0,0,0,0

4396631,DEBUG,pause, 0,0,0,0

4408632,DEBUG,pause, 0,0,0,0

4420633,DEBUG,pause, 0,0,0,0

4432634,DEBUG,pause, 0,0,0,0

4444636,DEBUG,pause, 0,0,0,0

4456637,DEBUG,pause, 0,0,0,0

4468637,DEBUG,pause, 0,0,0,0

4480638,DEBUG,pause, 0,0,0,0

4492640,DEBUG,pause, 1,0,0,0

4504641,DEBUG,pause, 0,0,0,0

4516642,DEBUG,pause, 0,0,0,0

4528644,DEBUG,pause, 1,0,0,1

4540645,DEBUG,pause, 0,0,0,0

4552646,DEBUG,pause, 0,0,0,0

4564647,DEBUG,pause, 0,0,0,0

4576649,DEBUG,pause, 0,0,0,0

4588650,DEBUG,pause, 0,0,0,0

4600651,DEBUG,pause, 0,0,0,0

4612653,DEBUG,pause, 0,0,0,0

4624654,DEBUG,pause, 0,0,0,0

4636655,DEBUG,pause, 0,0,0,0

4648655,DEBUG,pause, 0,0,0,0

4660657,DEBUG,pause, 0,0,0,0

4672658,DEBUG,pause, 0,0,0,0

4684659,DEBUG,pause, 1,0,0,1

4696660,DEBUG,pause, 0,0,0,0

4708662,DEBUG,pause, 0,0,0,0

4720663,DEBUG,pause, 0,0,0,0

4732664,DEBUG,pause, 0,0,0,0

4744666,DEBUG,pause, 0,0,0,0

4756667,DEBUG,pause, 0,0,0,0

4768668,DEBUG,pause, 0,0,0,0

4780669,DEBUG,pause, 0,0,0,0

4792671,DEBUG,pause, 0,0,0,0

4804672,DEBUG,pause, 0,0,0,0

4816673,DEBUG,pause, 0,0,0,0

4828675,DEBUG,pause, 0,0,0,0

4840675,DEBUG,pause, 0,0,0,0

4852676,DEBUG,pause, 0,0,0,0

4864677,DEBUG,pause, 0,0,0,0

4876679,DEBUG,pause, 0,0,0,0

4888680,DEBUG,pause, 0,0,0,0

4900681,DEBUG,pause, 0,0,0,0

4912683,DEBUG,pause, 0,0,0,0

4924683,DEBUG,Free memory: 1218

4930686,DEBUG,Sensor at pin 0 has 3.11 error

4930688,INFO,320, 1

4936692,DEBUG,Sensor at pin 1 has 3.66 error

4936693,INFO,279, 2

4942697,DEBUG,Sensor at pin 2 has 8.52 error

4942698,INFO,369, 3

4948703,DEBUG,Sensor at pin 3 has 3.80 error

4948704,INFO,414, 4

4948706,DEBUG,pause, 0,0,0,5

4960737,DEBUG,pause, 0,0,0,1

4972738,DEBUG,pause, 0,0,0,0

4984739,DEBUG,pause, 0,0,0,1

4996741,DEBUG,pause, 0,0,0,0

5008742,DEBUG,pause, 0,0,0,0

5020743,DEBUG,pause, 1,0,0,0

5032744,DEBUG,pause, 0,0,0,0

5044746,DEBUG,pause, 0,0,0,0

5056747,DEBUG,pause, 1,0,0,0

5068748,DEBUG,pause, 0,0,0,0

5080749,DEBUG,pause, 0,0,0,0

5092750,DEBUG,pause, 0,0,0,0

5104751,DEBUG,pause, 0,0,0,0

5116752,DEBUG,pause, 0,0,0,0

5128754,DEBUG,pause, 0,0,0,0

5140755,DEBUG,pause, 0,0,0,0

5152756,DEBUG,pause, 0,0,0,0

5164758,DEBUG,pause, 0,0,0,0

5176759,DEBUG,pause, 0,0,0,0

5188760,DEBUG,pause, 0,0,0,0

5200761,DEBUG,pause, 0,0,0,0

5212763,DEBUG,pause, 0,0,0,0

5224764,DEBUG,pause, 0,0,0,0

5236765,DEBUG,pause, 1,0,0,0

5248766,DEBUG,pause, 0,0,0,0

5260767,DEBUG,pause, 0,0,0,0

5272768,DEBUG,pause, 0,0,0,0

5284769,DEBUG,pause, 0,0,0,0

5296771,DEBUG,pause, 0,0,0,0

5308772,DEBUG,pause, 0,0,0,0

5320773,DEBUG,pause, 1,0,0,0

5332774,DEBUG,pause, 0,0,0,0

5344776,DEBUG,pause, 0,0,0,0

5356777,DEBUG,pause, 1,0,0,0

5368778,DEBUG,pause, 0,0,0,0

5380780,DEBUG,pause, 1,0,0,0

5392781,DEBUG,pause, 0,0,0,0

5404782,DEBUG,pause, 0,0,0,0

5416783,DEBUG,pause, 0,0,0,0

5428785,DEBUG,pause, 0,0,0,0

5440786,DEBUG,pause, 0,0,0,0

5452786,DEBUG,pause, 0,0,0,0

5464787,DEBUG,pause, 1,0,0,0

5476789,DEBUG,pause, 0,0,0,0

5488790,DEBUG,pause, 0,0,0,0

5500791,DEBUG,pause, 0,0,0,0

5512793,DEBUG,pause, 0,0,0,0

5524794,DEBUG,pause, 0,0,0,0

5536795,DEBUG,pause, 0,0,0,0

5548796,DEBUG,pause, 0,0,0,0

5560798,DEBUG,pause, 1,0,0,0

5572799,DEBUG,pause, 0,0,0,0

5584800,DEBUG,pause, 0,0,0,0

5596802,DEBUG,pause, 0,0,0,0

5608803,DEBUG,pause, 0,0,0,0

5620804,DEBUG,pause, 0,0,0,0

5632804,DEBUG,pause, 1,0,0,0

5644806,DEBUG,pause, 0,0,0,0

5656807,DEBUG,pause, 0,0,0,0

5668808,DEBUG,pause, 1,0,0,0

5680809,DEBUG,pause, 0,0,0,0

5692811,DEBUG,pause, 0,0,0,0

5704812,DEBUG,pause, 0,0,0,0

5716813,DEBUG,pause, 0,0,0,0

5728815,DEBUG,pause, 0,0,0,0

5740816,DEBUG,pause, 0,0,0,0

5752817,DEBUG,pause, 0,0,0,0

5764818,DEBUG,pause, 0,0,0,0

5776820,DEBUG,pause, 0,0,0,0

5788821,DEBUG,pause, 0,0,0,0

5800822,DEBUG,pause, 0,0,0,0

5812824,DEBUG,pause, 0,0,0,0

5824824,DEBUG,pause, 0,0,0,0

5836825,DEBUG,pause, 0,0,0,0

5848826,DEBUG,pause, 0,0,0,0

5860828,DEBUG,pause, 1,0,0,0

5872829,DEBUG,pause, 0,0,0,0

5884830,DEBUG,pause, 0,0,0,0

5896832,DEBUG,pause, 0,0,0,0

5908833,DEBUG,pause, 0,0,0,0

5920834,DEBUG,pause, 0,0,0,0

5932835,DEBUG,pause, 0,0,0,0

5944837,DEBUG,pause, 0,0,0,0

5956838,DEBUG,pause, 0,0,0,0

5968839,DEBUG,pause, 0,0,0,0

5980840,DEBUG,pause, 2,0,0,0

5992842,DEBUG,pause, 1,0,0,0

6004842,DEBUG,pause, 0,0,0,0

6016843,DEBUG,pause, 0,0,0,0

6028845,DEBUG,pause, 0,0,0,0

6040846,DEBUG,pause, 0,0,0,0

6052847,DEBUG,pause, 0,0,0,0

6064848,DEBUG,pause, 0,0,0,0

6076850,DEBUG,pause, 0,0,0,0

6088851,DEBUG,pause, 0,0,0,0

6100852,DEBUG,pause, 0,0,0,0

6112854,DEBUG,pause, 0,0,0,0

6124855,DEBUG,pause, 0,0,0,0

6136856,DEBUG,pause, 0,0,0,0

6148856,DEBUG,Free memory: 1218

6154860,DEBUG,Sensor at pin 0 has 3.16 error

6154861,INFO,316, 1

6160865,DEBUG,Sensor at pin 1 has 3.63 error

6160866,INFO,277, 2

6166871,DEBUG,Sensor at pin 2 has 8.37 error

6166872,INFO,372, 3

6172875,DEBUG,Sensor at pin 3 has 3.61 error

6172876,INFO,405, 4

6172879,DEBUG,pause, 0,0,0,3

6184910,DEBUG,pause, 0,0,0,0

6196912,DEBUG,pause, 0,0,0,0

6208913,DEBUG,pause, 0,0,0,0

6220914,DEBUG,pause, 0,1,0,0

6232914,DEBUG,pause, 0,0,0,0

6244916,DEBUG,pause, 0,0,0,0

6256917,DEBUG,pause, 0,0,0,0

6268918,DEBUG,pause, 0,0,0,0

6280920,DEBUG,pause, 0,0,0,0

6292921,DEBUG,pause, 0,0,0,0

6304922,DEBUG,pause, 0,0,0,0

6316923,DEBUG,pause, 0,0,0,0

6328925,DEBUG,pause, 0,0,0,0

6340926,DEBUG,pause, 0,0,0,0

6352927,DEBUG,pause, 0,0,0,0

6364929,DEBUG,pause, 0,0,0,0

6376930,DEBUG,pause, 0,0,0,0

6388931,DEBUG,pause, 0,0,0,0

6400932,DEBUG,pause, 0,0,0,0

6412934,DEBUG,pause, 0,0,0,0

6424934,DEBUG,pause, 1,0,0,0

6436935,DEBUG,pause, 2,0,0,0

6448936,DEBUG,pause, 0,0,0,0

6460938,DEBUG,pause, 0,0,0,0

6472939,DEBUG,pause, 0,0,0,0

6484940,DEBUG,pause, 0,0,0,0

6496942,DEBUG,pause, 0,0,0,0

6508943,DEBUG,pause, 0,0,0,0

6520944,DEBUG,pause, 0,0,0,0

6532945,DEBUG,pause, 0,0,0,0

6544947,DEBUG,pause, 2,0,0,0

6556948,DEBUG,pause, 1,0,0,0

6568949,DEBUG,pause, 0,0,0,0

6580951,DEBUG,pause, 1,0,0,0

6592952,DEBUG,pause, 0,0,0,0

6604952,DEBUG,pause, 0,0,0,0

6616953,DEBUG,pause, 0,0,0,0

6628955,DEBUG,pause, 0,0,0,0

6640956,DEBUG,pause, 0,0,0,0

6652957,DEBUG,pause, 0,0,0,0

6664958,DEBUG,pause, 0,0,0,0

6676960,DEBUG,pause, 0,0,0,0

6688961,DEBUG,pause, 0,0,0,0

6700962,DEBUG,pause, 0,0,0,0

6712964,DEBUG,pause, 0,0,0,0

6724965,DEBUG,pause, 0,0,0,0

6736966,DEBUG,pause, 0,0,0,0

6748967,DEBUG,pause, 0,0,0,0

6760969,DEBUG,pause, 0,0,0,0

6772970,DEBUG,pause, 0,0,0,0

6784971,DEBUG,pause, 0,0,0,0

6796972,DEBUG,pause, 0,0,0,0

6808973,DEBUG,pause, 0,0,0,0

6820974,DEBUG,pause, 0,0,0,0

6832975,DEBUG,pause, 0,0,0,0

6844977,DEBUG,pause, 0,0,0,0

6856978,DEBUG,pause, 0,0,0,0

6868979,DEBUG,pause, 0,0,0,0

6880980,DEBUG,pause, 0,0,0,0

6892982,DEBUG,pause, 0,0,0,0

6904983,DEBUG,pause, 0,0,0,0

6916984,DEBUG,pause, 0,0,0,0

6928986,DEBUG,pause, 0,0,0,0

6940987,DEBUG,pause, 0,0,0,0

6952988,DEBUG,pause, 1,0,0,0

6964989,DEBUG,pause, 0,0,0,0

6976990,DEBUG,pause, 0,0,0,0

6988991,DEBUG,pause, 0,0,0,0

7000992,DEBUG,pause, 0,0,0,0

7012994,DEBUG,pause, 0,0,0,0

7024995,DEBUG,pause, 0,0,0,0

7036996,DEBUG,pause, 0,0,0,0

7048997,DEBUG,pause, 0,0,0,0

7060999,DEBUG,pause, 0,0,0,0

7073000,DEBUG,pause, 0,0,0,0

7085001,DEBUG,pause, 0,0,0,0

7097003,DEBUG,pause, 0,0,0,0

7109004,DEBUG,pause, 0,0,0,0

7121005,DEBUG,pause, 0,0,0,0

7133006,DEBUG,pause, 0,0,0,0

7145008,DEBUG,pause, 0,0,0,0

7157009,DEBUG,pause, 0,0,0,0

7169009,DEBUG,pause, 1,0,0,0

7181010,DEBUG,pause, 1,0,0,0

7193012,DEBUG,pause, 0,0,0,0

7205013,DEBUG,pause, 0,0,0,0

7217014,DEBUG,pause, 0,0,0,0

7229016,DEBUG,pause, 1,0,0,0

7241017,DEBUG,pause, 0,0,0,0

7253018,DEBUG,pause, 0,0,0,0

7265019,DEBUG,pause, 0,0,0,0

7277021,DEBUG,pause, 0,0,0,0

7289022,DEBUG,pause, 0,0,0,0

7301023,DEBUG,pause, 0,0,0,0

7313025,DEBUG,pause, 0,0,0,0

7325026,DEBUG,pause, 0,0,0,0

7337027,DEBUG,pause, 0,0,0,0

7349027,DEBUG,pause, 0,0,0,0

7361029,DEBUG,pause, 0,0,0,0

7373030,DEBUG,Free memory: 1218

7379033,DEBUG,Sensor at pin 0 has 3.00 error

7379034,INFO,312, 1

7385038,DEBUG,Sensor at pin 1 has 3.53 error

7385039,INFO,277, 2

7391043,DEBUG,Sensor at pin 2 has 8.60 error

7391044,INFO,370, 3

7397049,DEBUG,Sensor at pin 3 has 3.11 error

7397050,INFO,400, 4

7397052,DEBUG,pause, 1,0,0,4

7409083,DEBUG,pause, 1,0,0,1

7421084,DEBUG,pause, 0,0,0,0

7433085,DEBUG,pause, 0,0,0,0

7445087,DEBUG,pause, 1,0,0,0

7457088,DEBUG,pause, 0,0,0,0

7469089,DEBUG,pause, 0,0,0,0

7481091,DEBUG,pause, 0,0,0,0

7493092,DEBUG,pause, 0,0,0,0

7505093,DEBUG,pause, 0,0,0,0

7517094,DEBUG,pause, 0,0,0,0

7529096,DEBUG,pause, 1,0,0,0

7541097,DEBUG,pause, 0,0,0,0

7553098,DEBUG,pause, 0,0,0,0

7565100,DEBUG,pause, 0,0,0,0

7577101,DEBUG,pause, 0,0,0,0

7589101,DEBUG,pause, 0,0,0,0

7601102,DEBUG,pause, 0,0,0,0

7613104,DEBUG,pause, 0,0,0,0

7625105,DEBUG,pause, 0,0,0,0

7637106,DEBUG,pause, 0,0,0,0

7649107,DEBUG,pause, 0,0,0,0

7661109,DEBUG,pause, 0,0,0,0

7673110,DEBUG,pause, 0,0,0,0

7685111,DEBUG,pause, 0,0,0,0

7697113,DEBUG,pause, 0,0,0,0

7709114,DEBUG,pause, 0,0,0,0

7721115,DEBUG,pause, 0,0,0,0

7733116,DEBUG,pause, 0,0,0,0

7745118,DEBUG,pause, 0,0,0,0

7757119,DEBUG,pause, 0,0,0,0

7769119,DEBUG,pause, 0,0,0,0

7781121,DEBUG,pause, 0,0,0,0

7793122,DEBUG,pause, 0,0,0,0

7805123,DEBUG,pause, 0,0,0,0

7817124,DEBUG,pause, 0,0,0,0

7829126,DEBUG,pause, 0,0,0,0

7841127,DEBUG,pause, 0,0,0,0

7853128,DEBUG,pause, 0,0,0,0

7865129,DEBUG,pause, 0,0,0,0

7877131,DEBUG,pause, 0,0,0,0

7889132,DEBUG,pause, 0,0,0,0

7901133,DEBUG,pause, 0,0,0,0

7913135,DEBUG,pause, 0,0,0,0

7925136,DEBUG,pause, 0,0,0,0

7937137,DEBUG,pause, 0,0,0,0

7949138,DEBUG,pause, 0,0,0,0

7961139,DEBUG,pause, 0,0,0,0

7973140,DEBUG,pause, 0,0,0,0

7985141,DEBUG,pause, 0,0,0,0

7997143,DEBUG,pause, 0,0,0,0

8009144,DEBUG,pause, 0,0,0,0

8021145,DEBUG,pause, 0,0,0,0

8033146,DEBUG,pause, 0,0,0,0

8045148,DEBUG,pause, 0,0,0,0

8057149,DEBUG,pause, 0,0,0,0

8069150,DEBUG,pause, 0,0,0,0

8081152,DEBUG,pause, 0,0,0,0

8093153,DEBUG,pause, 0,0,0,0

8105154,DEBUG,pause, 0,0,0,0

8117155,DEBUG,pause, 0,0,0,0

8129157,DEBUG,pause, 0,0,0,0

8141157,DEBUG,pause, 0,0,0,0

8153158,DEBUG,pause, 1,0,0,0

8165159,DEBUG,pause, 0,0,0,0

8177161,DEBUG,pause, 0,0,0,0

8189162,DEBUG,pause, 0,0,0,0

8201163,DEBUG,pause, 1,0,0,0

8213165,DEBUG,pause, 0,0,0,0

8225166,DEBUG,pause, 0,0,0,0

8237167,DEBUG,pause, 0,0,0,0

8249168,DEBUG,pause, 0,0,0,0

8261170,DEBUG,pause, 0,1,0,0

8273171,DEBUG,pause, 0,0,0,0

8285172,DEBUG,pause, 0,0,0,0

8297174,DEBUG,pause, 0,0,0,0

8309175,DEBUG,pause, 0,0,0,0

8321175,DEBUG,pause, 0,0,0,0

8333176,DEBUG,pause, 0,0,0,0

8345178,DEBUG,pause, 0,0,0,0

8357179,DEBUG,pause, 0,0,0,0

8369180,DEBUG,pause, 0,0,0,0

8381181,DEBUG,pause, 0,0,0,0

8393183,DEBUG,pause, 0,0,0,0

8405184,DEBUG,pause, 0,0,0,0

8417185,DEBUG,pause, 0,0,0,0

8429187,DEBUG,pause, 1,0,0,0

8441188,DEBUG,pause, 0,0,0,0

8453189,DEBUG,pause, 0,0,0,0

8465190,DEBUG,pause, 0,0,0,0

8477192,DEBUG,pause, 0,0,0,0

8489193,DEBUG,pause, 0,0,0,0

8501194,DEBUG,pause, 0,0,0,0

8513195,DEBUG,pause, 0,0,0,0

8525196,DEBUG,pause, 0,0,0,0

8537197,DEBUG,pause, 0,0,0,0

8549198,DEBUG,pause, 0,0,0,0

8561200,DEBUG,pause, 0,0,0,0

8573201,DEBUG,pause, 0,0,0,0

8585202,DEBUG,pause, 0,0,0,0

8597202,DEBUG,Free memory: 1218

8603206,DEBUG,Sensor at pin 0 has 3.07 error

8603207,INFO,311, 1

8609212,DEBUG,Sensor at pin 1 has 3.15 error

8609213,INFO,275, 2

8615217,DEBUG,Sensor at pin 2 has 8.39 error

8615218,INFO,367, 3

8621222,DEBUG,Sensor at pin 3 has 3.51 error

8621223,INFO,394, 4

8621225,DEBUG,pause, 1,0,0,4

8633256,DEBUG,pause, 0,0,0,0

8645258,DEBUG,pause, 0,0,0,0

8657259,DEBUG,pause, 0,0,0,0

8669260,DEBUG,pause, 0,0,0,0

8681262,DEBUG,pause, 0,0,0,0

8693263,DEBUG,pause, 0,0,0,0

8705264,DEBUG,pause, 1,0,0,0

8717265,DEBUG,pause, 0,0,0,0

8729267,DEBUG,pause, 0,0,0,0

8741268,DEBUG,pause, 0,0,0,0

8753269,DEBUG,pause, 0,0,0,0

8765270,DEBUG,pause, 0,0,0,0

8777271,DEBUG,pause, 0,0,0,0

8789272,DEBUG,pause, 0,0,0,0

8801273,DEBUG,pause, 0,0,0,0

8813275,DEBUG,pause, 0,0,0,0

8825276,DEBUG,pause, 0,0,0,0

8837277,DEBUG,pause, 1,0,0,0

8849278,DEBUG,pause, 0,0,0,0

8861280,DEBUG,pause, 0,0,0,0

8873281,DEBUG,pause, 0,0,0,0

8885282,DEBUG,pause, 0,0,0,0

8897284,DEBUG,pause, 0,0,0,0

8909285,DEBUG,pause, 0,0,0,0

8921286,DEBUG,pause, 0,0,0,0

8933287,DEBUG,pause, 0,0,0,0

8945288,DEBUG,pause, 0,0,0,0

8957289,DEBUG,pause, 0,0,0,0

8969290,DEBUG,pause, 0,0,0,0

8981292,DEBUG,pause, 0,0,0,0

8993293,DEBUG,pause, 0,0,0,0

9005294,DEBUG,pause, 0,0,0,0

9017295,DEBUG,pause, 0,0,0,0

9029297,DEBUG,pause, 0,0,0,0

9041298,DEBUG,pause, 0,0,0,0

9053299,DEBUG,pause, 0,0,0,0

9065300,DEBUG,pause, 0,0,0,0

9077302,DEBUG,pause, 0,0,0,0

9089303,DEBUG,pause, 0,0,0,0

9101304,DEBUG,pause, 0,0,0,0

9113306,DEBUG,pause, 0,0,0,0

9125307,DEBUG,pause, 0,0,0,0

9137307,DEBUG,pause, 0,0,0,0

9149308,DEBUG,pause, 0,0,0,0

9161310,DEBUG,pause, 0,0,0,0

9173311,DEBUG,pause, 0,0,0,0

9185312,DEBUG,pause, 1,0,0,0

9197314,DEBUG,pause, 0,0,0,0

9209315,DEBUG,pause, 0,0,0,0

9221316,DEBUG,pause, 0,0,0,0

9233317,DEBUG,pause, 0,0,1,0

9245319,DEBUG,pause, 0,0,0,0

9257320,DEBUG,pause, 0,0,0,0

9269321,DEBUG,pause, 0,0,0,0

9281323,DEBUG,pause, 0,0,0,0

9293324,DEBUG,pause, 0,0,0,0

9305325,DEBUG,pause, 0,0,0,0

9317325,DEBUG,pause, 0,0,0,0

9329327,DEBUG,pause, 0,0,0,0

9341328,DEBUG,pause, 0,0,0,0

9353329,DEBUG,pause, 0,0,0,0

9365330,DEBUG,pause, 0,0,0,0

9377332,DEBUG,pause, 0,0,0,0

9389333,DEBUG,pause, 0,0,0,0

9401334,DEBUG,pause, 0,0,0,0

9413336,DEBUG,pause, 0,0,0,0

9425337,DEBUG,pause, 0,0,0,0

9437338,DEBUG,pause, 0,0,0,0

9449339,DEBUG,pause, 0,0,0,0

9461341,DEBUG,pause, 0,0,0,0

9473342,DEBUG,pause, 0,0,0,0

9485343,DEBUG,pause, 0,0,0,0

9497345,DEBUG,pause, 0,0,0,0

9509345,DEBUG,pause, 0,0,0,0

9521346,DEBUG,pause, 0,0,0,0

9533347,DEBUG,pause, 0,0,0,0

9545349,DEBUG,pause, 0,0,0,0

9557350,DEBUG,pause, 0,0,0,0

9569351,DEBUG,pause, 0,0,0,0

9581352,DEBUG,pause, 0,0,0,0

9593354,DEBUG,pause, 0,0,0,0

9605355,DEBUG,pause, 0,0,0,0

9617356,DEBUG,pause, 0,0,0,0

9629358,DEBUG,pause, 0,0,0,0

9641359,DEBUG,pause, 0,0,0,0

9653360,DEBUG,pause, 0,0,0,0

9665361,DEBUG,pause, 0,0,0,0

9677363,DEBUG,pause, 0,0,0,0

9689363,DEBUG,pause, 0,0,0,0

9701364,DEBUG,pause, 0,0,0,0

9713366,DEBUG,pause, 0,0,0,0

9725367,DEBUG,pause, 0,0,0,0

9737368,DEBUG,pause, 0,0,0,0

9749369,DEBUG,pause, 0,0,0,0

9761371,DEBUG,pause, 0,0,0,0

9773372,DEBUG,pause, 0,0,0,0

9785373,DEBUG,pause, 0,0,0,0

9797374,DEBUG,pause, 0,0,0,0

9809376,DEBUG,pause, 0,0,0,0

9821376,DEBUG,Free memory: 1218

9827380,DEBUG,Sensor at pin 0 has 3.01 error

9827381,INFO,307, 1

9833384,DEBUG,Sensor at pin 1 has 2.95 error

9833385,INFO,273, 2

9839390,DEBUG,Sensor at pin 2 has 8.53 error

9839391,INFO,366, 3

9845395,DEBUG,Sensor at pin 3 has 3.74 error

9845396,INFO,389, 4

9845399,DEBUG,pause, 0,0,0,3

9857430,DEBUG,pause, 0,0,0,0

9869431,DEBUG,pause, 0,0,0,0

9881433,DEBUG,pause, 0,0,0,0

9893434,DEBUG,pause, 0,0,0,0

9905435,DEBUG,pause, 0,0,0,0

9917435,DEBUG,pause, 0,0,0,0

9929437,DEBUG,pause, 0,0,0,0

9941438,DEBUG,pause, 0,0,0,0

9953439,DEBUG,pause, 0,0,0,0

9965441,DEBUG,pause, 0,0,0,0

9977442,DEBUG,pause, 0,0,0,0

9989443,DEBUG,pause, 0,0,0,0

10001444,DEBUG,pause, 0,0,0,0

10013446,DEBUG,pause, 0,0,0,0

10025447,DEBUG,pause, 0,0,0,0

10037448,DEBUG,pause, 0,0,0,0

10049449,DEBUG,pause, 0,0,0,0

10061451,DEBUG,pause, 0,0,0,0

10073452,DEBUG,pause, 0,0,0,0

10085453,DEBUG,pause, 0,0,0,0

10097455,DEBUG,pause, 0,0,0,0

10109456,DEBUG,pause, 0,0,0,0

10121457,DEBUG,pause, 0,0,0,0

10133458,DEBUG,pause, 0,0,0,0

10145460,DEBUG,pause, 0,0,0,0

10157461,DEBUG,pause, 0,0,0,0

10169462,DEBUG,pause, 0,0,0,0

10181464,DEBUG,pause, 0,0,0,0

10193465,DEBUG,pause, 0,0,0,0

10205465,DEBUG,pause, 0,0,0,0

10217466,DEBUG,pause, 0,0,0,0

10229468,DEBUG,pause, 0,0,0,0

10241469,DEBUG,pause, 0,0,0,0

10253470,DEBUG,pause, 0,0,0,0

10265472,DEBUG,pause, 0,0,0,0

10277473,DEBUG,pause, 0,0,0,0

10289474,DEBUG,pause, 0,0,0,0

10301475,DEBUG,pause, 0,0,0,0

10313477,DEBUG,pause, 0,0,0,0

10325478,DEBUG,pause, 0,0,0,0

10337479,DEBUG,pause, 0,0,0,0

10349480,DEBUG,pause, 0,0,0,0

10361482,DEBUG,pause, 0,0,0,0

10373483,DEBUG,pause, 0,0,0,0

10385484,DEBUG,pause, 0,0,0,0

10397486,DEBUG,pause, 0,0,0,0

10409487,DEBUG,pause, 0,0,0,0

10421488,DEBUG,pause, 1,0,0,0

10433489,DEBUG,pause, 1,0,0,0

10445491,DEBUG,pause, 0,0,0,0

10457492,DEBUG,pause, 0,0,0,0

10469493,DEBUG,pause, 0,0,0,0

10481495,DEBUG,pause, 0,0,0,0

10493496,DEBUG,pause, 0,0,0,0

10505497,DEBUG,pause, 0,0,0,0

10517498,DEBUG,pause, 0,0,0,0

10529500,DEBUG,pause, 0,0,0,0

10541501,DEBUG,pause, 0,0,0,0

10553502,DEBUG,pause, 0,0,0,0

10565502,DEBUG,pause, 0,0,0,0

10577504,DEBUG,pause, 0,0,0,0

10589505,DEBUG,pause, 0,0,0,0

10601506,DEBUG,pause, 0,0,0,0

10613508,DEBUG,pause, 0,0,0,0

10625509,DEBUG,pause, 0,0,0,0

10637510,DEBUG,pause, 0,0,0,0

10649511,DEBUG,pause, 0,0,0,0

10661513,DEBUG,pause, 0,0,0,0

10673514,DEBUG,pause, 0,0,0,0

10685515,DEBUG,pause, 0,0,0,0

10697517,DEBUG,pause, 0,0,0,0

10709518,DEBUG,pause, 0,0,0,0

10721519,DEBUG,pause, 0,0,0,0

10733520,DEBUG,pause, 0,0,0,0

10745522,DEBUG,pause, 0,0,0,0

10757523,DEBUG,pause, 0,0,0,0

10769524,DEBUG,pause, 0,0,0,0

10781526,DEBUG,pause, 0,0,0,0

10793527,DEBUG,pause, 0,0,0,0

10805528,DEBUG,pause, 0,0,0,0

10817529,DEBUG,pause, 0,0,0,0

10829531,DEBUG,pause, 0,0,0,0

10841532,DEBUG,pause, 0,0,0,0

10853533,DEBUG,pause, 0,0,0,0

10865534,DEBUG,pause, 0,0,0,0

10877536,DEBUG,pause, 0,0,0,0

10889537,DEBUG,pause, 0,0,0,0

10901538,DEBUG,pause, 0,0,0,0

10913540,DEBUG,pause, 0,0,0,0

10925540,DEBUG,pause, 1,0,0,0

10937541,DEBUG,pause, 0,0,0,0

10949542,DEBUG,pause, 0,0,0,0

10961544,DEBUG,pause, 0,0,0,0

10973545,DEBUG,pause, 0,0,0,0

10985546,DEBUG,pause, 0,0,0,0

10997548,DEBUG,pause, 0,0,0,0

11009549,DEBUG,pause, 0,0,0,0

11021550,DEBUG,pause, 0,0,0,0

11033551,DEBUG,pause, 0,0,0,0

11045553,DEBUG,Free memory: 1218

11051555,DEBUG,Sensor at pin 0 has 3.02 error

11051556,INFO,306, 1

11057563,DEBUG,Sensor at pin 1 has 3.06 error

11057564,INFO,273, 2

11063570,DEBUG,Sensor at pin 2 has 8.27 error

11063571,INFO,364, 3

11069578,DEBUG,Sensor at pin 3 has 3.77 error

11069579,INFO,387, 4

11069583,DEBUG,pause, 1,0,0,3

11081615,DEBUG,pause, 0,0,0,0

11093616,DEBUG,pause, 0,0,0,0

11105617,DEBUG,pause, 0,0,0,0

11117619,DEBUG,pause, 1,0,0,0

11129620,DEBUG,pause, 0,0,0,0

11141621,DEBUG,pause, 0,0,0,0

11153623,DEBUG,pause, 0,0,0,0

11165624,DEBUG,pause, 0,0,0,0

11177625,DEBUG,pause, 0,0,0,0

11189626,DEBUG,pause, 0,0,0,0

11201628,DEBUG,pause, 0,0,0,0

11213629,DEBUG,pause, 0,0,0,0

11225630,DEBUG,pause, 0,0,0,0

11237632,DEBUG,pause, 0,0,0,0

11249633,DEBUG,pause, 1,0,0,0

11261634,DEBUG,pause, 0,0,0,0

11273635,DEBUG,pause, 0,0,0,0

11285637,DEBUG,pause, 0,0,0,0

11297638,DEBUG,pause, 0,0,0,0

11309639,DEBUG,pause, 0,0,0,0

11321640,DEBUG,pause, 0,0,0,0

11333642,DEBUG,pause, 0,0,0,0

11345643,DEBUG,pause, 0,0,0,0

11357644,DEBUG,pause, 0,0,0,0

11369646,DEBUG,pause, 0,0,0,0

11381647,DEBUG,pause, 0,0,0,0

11393648,DEBUG,pause, 0,0,0,0

11405649,DEBUG,pause, 0,0,0,0

11417651,DEBUG,pause, 0,0,0,0

11429652,DEBUG,pause, 0,0,0,0

11441652,DEBUG,pause, 0,0,0,0

11453654,DEBUG,pause, 0,0,0,0

11465655,DEBUG,pause, 0,0,0,0

11477656,DEBUG,pause, 0,0,0,0

11489657,DEBUG,pause, 1,0,0,0

11501659,DEBUG,pause, 0,0,0,0

11513660,DEBUG,pause, 0,0,0,0

11525661,DEBUG,pause, 0,0,0,0

11537662,DEBUG,pause, 1,0,0,0

11549664,DEBUG,pause, 0,0,0,0

11561665,DEBUG,pause, 0,0,0,0

11573666,DEBUG,pause, 0,0,0,0

11585668,DEBUG,pause, 0,0,0,0

11597669,DEBUG,pause, 0,0,0,0

11609670,DEBUG,pause, 0,0,0,0

11621671,DEBUG,pause, 0,0,0,0

11633673,DEBUG,pause, 0,0,0,0

11645674,DEBUG,pause, 0,0,0,0

11657675,DEBUG,pause, 0,0,0,0

11669677,DEBUG,pause, 0,0,0,0

11681678,DEBUG,pause, 0,0,0,0

11693679,DEBUG,pause, 0,0,0,0

11705680,DEBUG,pause, 0,0,0,0

11717682,DEBUG,pause, 0,0,0,0

11729683,DEBUG,pause, 0,0,0,0

11741684,DEBUG,pause, 0,0,0,0

11753686,DEBUG,pause, 0,0,0,0

11765687,DEBUG,pause, 0,0,0,0

11777688,DEBUG,pause, 0,0,0,0

11789689,DEBUG,pause, 0,0,0,0

11801691,DEBUG,pause, 0,0,0,0

11813691,DEBUG,pause, 0,0,0,0

11825692,DEBUG,pause, 0,0,0,0

11837693,DEBUG,pause, 0,0,0,0

11849695,DEBUG,pause, 0,0,0,0

11861696,DEBUG,pause, 0,0,0,0

11873697,DEBUG,pause, 0,0,0,0

11885699,DEBUG,pause, 0,0,0,0

11897700,DEBUG,pause, 0,0,0,0

11909701,DEBUG,pause, 0,0,0,0

11921702,DEBUG,pause, 0,0,0,0

11933704,DEBUG,pause, 0,0,0,0

11945705,DEBUG,pause, 0,0,0,0

11957706,DEBUG,pause, 0,0,0,0

11969708,DEBUG,pause, 0,0,0,0

11981709,DEBUG,pause, 0,0,0,0

11993710,DEBUG,pause, 0,0,0,0

12005711,DEBUG,pause, 0,0,0,0

12017713,DEBUG,pause, 0,0,0,0

12029714,DEBUG,pause, 0,0,0,0

12041715,DEBUG,pause, 0,0,0,0

12053716,DEBUG,pause, 0,0,0,0

12065718,DEBUG,pause, 0,0,0,0

12077719,DEBUG,pause, 0,0,0,0

12089720,DEBUG,pause, 0,0,0,0

12101722,DEBUG,pause, 1,0,0,0

12113723,DEBUG,pause, 0,0,0,0

12125724,DEBUG,pause, 0,0,0,0

12137725,DEBUG,pause, 0,0,0,0

12149727,DEBUG,pause, 0,0,0,0

12161728,DEBUG,pause, 0,0,0,0

12173728,DEBUG,pause, 0,0,0,0

12185730,DEBUG,pause, 0,0,0,0

12197731,DEBUG,pause, 0,0,0,0

12209732,DEBUG,pause, 0,0,0,0

12221733,DEBUG,pause, 0,0,0,0

12233735,DEBUG,pause, 0,0,0,0

12245736,DEBUG,pause, 0,0,0,0

12257737,DEBUG,pause, 0,0,0,0

12269739,DEBUG,Free memory: 1218

12275741,DEBUG,Sensor at pin 0 has 3.25 error

12275742,INFO,305, 1

12281749,DEBUG,Sensor at pin 1 has 2.69 error

12281750,INFO,271, 2

12287757,DEBUG,Sensor at pin 2 has 8.18 error

12287757,INFO,364, 3

12293764,DEBUG,Sensor at pin 3 has 3.21 error

12293765,INFO,382, 4

12293769,DEBUG,pause, 0,0,0,3

12305802,DEBUG,pause, 0,0,0,0

12317803,DEBUG,pause, 2,0,0,0

12329804,DEBUG,pause, 0,0,0,0

12341806,DEBUG,pause, 0,0,0,0

12353806,DEBUG,pause, 0,0,0,0

12365807,DEBUG,pause, 0,0,0,0

12377808,DEBUG,pause, 0,0,0,0

12389810,DEBUG,pause, 0,0,0,0

12401811,DEBUG,pause, 0,0,0,0

12413812,DEBUG,pause, 0,0,0,0

12425814,DEBUG,pause, 0,0,0,0

12437815,DEBUG,pause, 0,0,0,0

12449816,DEBUG,pause, 1,0,0,0

12461817,DEBUG,pause, 0,0,0,0

12473819,DEBUG,pause, 0,0,0,0

12485820,DEBUG,pause, 0,0,0,0

12497821,DEBUG,pause, 0,0,0,0

12509822,DEBUG,pause, 0,0,0,0

12521824,DEBUG,pause, 0,0,0,0

12533825,DEBUG,pause, 0,0,0,0

12545826,DEBUG,pause, 0,0,0,0

12557828,DEBUG,pause, 0,0,0,0

12569829,DEBUG,pause, 0,0,0,0

12581830,DEBUG,pause, 0,0,0,0

12593831,DEBUG,pause, 0,0,0,0

12605833,DEBUG,pause, 0,0,0,0

12617834,DEBUG,pause, 0,0,0,0

12629835,DEBUG,pause, 0,0,0,0

12641837,DEBUG,pause, 0,0,0,0

12653838,DEBUG,pause, 0,0,0,0

12665839,DEBUG,pause, 0,0,0,0

12677840,DEBUG,pause, 0,0,0,0

12689842,DEBUG,pause, 0,0,0,0

12701843,DEBUG,pause, 0,0,0,0

12713844,DEBUG,pause, 0,0,0,0

12725844,DEBUG,pause, 0,0,0,0

12737846,DEBUG,pause, 0,0,0,0

12749847,DEBUG,pause, 0,0,0,0

12761848,DEBUG,pause, 0,0,0,0

12773850,DEBUG,pause, 0,0,0,0

12785851,DEBUG,pause, 0,0,0,0

12797852,DEBUG,pause, 0,0,0,0

12809853,DEBUG,pause, 0,0,0,0

12821855,DEBUG,pause, 0,0,0,0

12833856,DEBUG,pause, 0,0,0,0

12845857,DEBUG,pause, 0,0,0,0

12857859,DEBUG,pause, 0,0,0,0

12869860,DEBUG,pause, 0,0,0,0

12881861,DEBUG,pause, 0,0,0,0

12893862,DEBUG,pause, 0,0,0,0

12905864,DEBUG,pause, 0,0,0,0

12917865,DEBUG,pause, 0,0,0,0

12929866,DEBUG,pause, 0,0,0,0

12941868,DEBUG,pause, 0,0,0,0

12953869,DEBUG,pause, 0,0,0,0

12965870,DEBUG,pause, 0,0,0,0

12977871,DEBUG,pause, 0,0,0,0

12989873,DEBUG,pause, 0,0,0,0

13001874,DEBUG,pause, 0,0,0,0

13013875,DEBUG,pause, 0,0,0,0

13025876,DEBUG,pause, 0,0,0,0

13037878,DEBUG,pause, 0,0,0,0

13049879,DEBUG,pause, 0,0,0,0

13061880,DEBUG,pause, 0,0,0,0

13073882,DEBUG,pause, 0,0,0,0

13085883,DEBUG,pause, 0,0,0,0

13097883,DEBUG,pause, 0,0,0,0

13109884,DEBUG,pause, 0,0,0,0

13121886,DEBUG,pause, 0,0,0,0

13133887,DEBUG,pause, 0,0,0,0

13145888,DEBUG,pause, 0,0,0,0

13157890,DEBUG,pause, 1,0,0,0

13169891,DEBUG,pause, 0,0,0,0

13181892,DEBUG,pause, 0,0,0,0

13193893,DEBUG,pause, 0,0,0,0

13205895,DEBUG,pause, 0,0,0,0

13217896,DEBUG,pause, 0,0,0,0

13229897,DEBUG,pause, 0,0,0,0

13241899,DEBUG,pause, 0,0,0,0

13253900,DEBUG,pause, 0,0,0,0

13265901,DEBUG,pause, 0,0,0,0

13277902,DEBUG,pause, 0,0,0,0

13289904,DEBUG,pause, 0,0,0,0

13301905,DEBUG,pause, 0,0,0,0

13313906,DEBUG,pause, 1,0,0,0

13325907,DEBUG,pause, 0,0,0,0

13337909,DEBUG,pause, 0,0,0,0

13349910,DEBUG,pause, 0,0,0,0

13361911,DEBUG,pause, 0,0,0,0

13373913,DEBUG,pause, 0,0,0,0

13385914,DEBUG,pause, 0,0,0,0

13397915,DEBUG,pause, 0,0,0,0

13409916,DEBUG,pause, 0,0,0,0

13421918,DEBUG,pause, 0,0,0,0

13433919,DEBUG,pause, 0,0,0,0

13445920,DEBUG,pause, 0,0,0,0

13457921,DEBUG,pause, 0,0,0,0

13469922,DEBUG,pause, 0,0,0,0

13481923,DEBUG,pause, 0,0,0,0

13493924,DEBUG,Free memory: 1218

13499927,DEBUG,Sensor at pin 0 has 3.46 error

13499928,INFO,306, 1

13505935,DEBUG,Sensor at pin 1 has 2.52 error

13505936,INFO,271, 2

13511943,DEBUG,Sensor at pin 2 has 8.15 error

13511944,INFO,361, 3

13517949,DEBUG,Sensor at pin 3 has 3.42 error

13517950,INFO,379, 4

13517955,DEBUG,pause, 0,0,0,1

13529988,DEBUG,pause, 0,0,0,0

13541989,DEBUG,pause, 0,0,0,0

13553990,DEBUG,pause, 0,0,0,0

13565991,DEBUG,pause, 0,0,0,0

13577993,DEBUG,pause, 0,0,0,0

13589994,DEBUG,pause, 0,0,0,0

13601994,DEBUG,pause, 0,0,0,0

13613996,DEBUG,pause, 0,0,0,0

13625997,DEBUG,pause, 0,0,0,0

13637998,DEBUG,pause, 0,0,0,0

13649999,DEBUG,pause, 0,0,0,0

13662001,DEBUG,pause, 0,0,0,0

13674002,DEBUG,pause, 0,0,0,0

13686003,DEBUG,pause, 0,0,0,0

13698004,DEBUG,pause, 1,0,0,0

13710006,DEBUG,pause, 1,0,0,0

13722007,DEBUG,pause, 0,0,0,0

13734008,DEBUG,pause, 0,0,0,0

13746010,DEBUG,pause, 0,0,0,0

13758011,DEBUG,pause, 0,0,0,0

13770012,DEBUG,pause, 0,0,0,0

13782013,DEBUG,pause, 0,0,0,0

13794015,DEBUG,pause, 0,0,0,0

13806016,DEBUG,pause, 0,0,0,0

13818017,DEBUG,pause, 0,0,0,0

13830019,DEBUG,pause, 0,0,0,0

13842020,DEBUG,pause, 0,0,0,0

13854021,DEBUG,pause, 0,0,0,0

13866022,DEBUG,pause, 0,0,0,0

13878024,DEBUG,pause, 0,0,0,0

13890025,DEBUG,pause, 0,0,0,0

13902026,DEBUG,pause, 1,0,0,0

13914028,DEBUG,pause, 0,0,0,0

13926029,DEBUG,pause, 0,0,0,0

13938030,DEBUG,pause, 0,0,0,0

13950031,DEBUG,pause, 0,0,0,0

13962033,DEBUG,pause, 0,0,0,0

13974033,DEBUG,pause, 0,0,0,0

13986034,DEBUG,pause, 0,0,0,0

13998035,DEBUG,pause, 0,0,0,0

14010037,DEBUG,pause, 0,0,0,0

14022038,DEBUG,pause, 0,0,0,0

14034039,DEBUG,pause, 0,0,0,0

14046041,DEBUG,pause, 0,0,0,0

14058042,DEBUG,pause, 0,0,0,0

14070043,DEBUG,pause, 0,0,0,0

14082044,DEBUG,pause, 0,0,0,0

14094046,DEBUG,pause, 0,0,0,0

14106047,DEBUG,pause, 0,0,0,0

14118048,DEBUG,pause, 0,0,0,0

14130050,DEBUG,pause, 0,0,0,0

14142051,DEBUG,pause, 0,0,0,0

14154052,DEBUG,pause, 0,0,0,0

14166053,DEBUG,pause, 0,0,0,0

14178055,DEBUG,pause, 0,0,0,0

14190056,DEBUG,pause, 0,0,0,0

14202057,DEBUG,pause, 0,0,0,0

14214059,DEBUG,pause, 0,0,0,0

14226060,DEBUG,pause, 0,0,0,0

14238061,DEBUG,pause, 0,0,0,0

14250062,DEBUG,pause, 0,0,0,0

14262064,DEBUG,pause, 0,0,0,0

14274065,DEBUG,pause, 0,0,0,0

14286066,DEBUG,pause, 0,0,0,0

14298067,DEBUG,pause, 0,0,0,0

14310069,DEBUG,pause, 0,0,0,0

14322070,DEBUG,pause, 0,0,0,0

14334071,DEBUG,pause, 0,0,0,0

14346072,DEBUG,pause, 0,0,0,0

14358073,DEBUG,pause, 0,0,0,0

14370074,DEBUG,pause, 1,0,0,0

14382075,DEBUG,pause, 0,0,0,0

14394077,DEBUG,pause, 0,0,0,0

14406078,DEBUG,pause, 0,0,0,0

14418079,DEBUG,pause, 0,0,0,0

14430081,DEBUG,pause, 0,0,0,0

14442082,DEBUG,pause, 0,0,0,0

14454083,DEBUG,pause, 0,0,0,0

14466084,DEBUG,pause, 0,0,0,0

14478086,DEBUG,pause, 0,0,0,0

14490087,DEBUG,pause, 0,0,0,0

14502088,DEBUG,pause, 0,0,0,0

14514089,DEBUG,pause, 0,0,0,0

14526091,DEBUG,pause, 0,0,0,0

14538092,DEBUG,pause, 1,0,0,0

14550093,DEBUG,pause, 0,0,0,0

14562095,DEBUG,pause, 1,0,0,0

14574096,DEBUG,pause, 0,0,0,0

14586097,DEBUG,pause, 0,0,0,0

14598098,DEBUG,pause, 1,0,0,0

14610100,DEBUG,pause, 0,0,0,0

14622101,DEBUG,pause, 0,0,0,0

14634102,DEBUG,pause, 0,0,0,0

14646104,DEBUG,pause, 0,0,0,0

14658105,DEBUG,pause, 0,0,0,0

14670106,DEBUG,pause, 0,0,0,0

14682107,DEBUG,pause, 0,0,0,0

14694109,DEBUG,pause, 0,0,0,0

14706110,DEBUG,pause, 0,0,0,0

14718110,DEBUG,Free memory: 1218

14724114,DEBUG,Sensor at pin 0 has 3.36 error

14724114,INFO,307, 1

14730121,DEBUG,Sensor at pin 1 has 2.62 error

14730122,INFO,270, 2

14736129,DEBUG,Sensor at pin 2 has 8.44 error

14736130,INFO,361, 3

14742135,DEBUG,Sensor at pin 3 has 3.12 error

14742136,INFO,377, 4

14742141,DEBUG,pause, 0,0,0,2

14754173,DEBUG,pause, 1,0,0,0

14766175,DEBUG,pause, 0,0,0,0

14778176,DEBUG,pause, 0,0,0,0

14790177,DEBUG,pause, 0,0,0,0

14802179,DEBUG,pause, 0,0,0,0

14814180,DEBUG,pause, 0,0,0,0

14826181,DEBUG,pause, 0,0,0,0

14838182,DEBUG,pause, 0,0,0,0

14850184,DEBUG,pause, 0,0,0,0

14862184,DEBUG,pause, 0,0,0,0

14874185,DEBUG,pause, 0,0,0,0

14886187,DEBUG,pause, 1,0,0,0

14898188,DEBUG,pause, 0,0,0,0

14910189,DEBUG,pause, 0,0,0,0

14922190,DEBUG,pause, 0,0,0,0

14934192,DEBUG,pause, 0,0,0,0

14946193,DEBUG,pause, 2,0,0,0

14958194,DEBUG,pause, 0,0,0,0

14970195,DEBUG,pause, 0,0,0,0

14982197,DEBUG,pause, 1,0,0,0

14994198,DEBUG,pause, 0,0,0,0

15006199,DEBUG,pause, 0,0,0,0

15018201,DEBUG,pause, 1,0,0,0

15030202,DEBUG,pause, 0,0,0,0

15042203,DEBUG,pause, 0,0,0,0

15054204,DEBUG,pause, 0,0,0,0

15066206,DEBUG,pause, 0,0,0,0

15078207,DEBUG,pause, 0,0,0,0

15090208,DEBUG,pause, 0,0,0,0

15102210,DEBUG,pause, 0,0,0,0

15114211,DEBUG,pause, 0,0,0,0

15126212,DEBUG,pause, 0,0,0,0

15138213,DEBUG,pause, 0,0,0,0

15150215,DEBUG,pause, 0,0,0,0

15162216,DEBUG,pause, 0,0,0,0

15174217,DEBUG,pause, 0,0,0,0

15186219,DEBUG,pause, 0,0,0,0

15198220,DEBUG,pause, 1,0,0,0

15210221,DEBUG,pause, 0,0,0,0

15222222,DEBUG,pause, 0,0,0,0

15234223,DEBUG,pause, 0,0,0,0

15246224,DEBUG,pause, 0,0,0,0

15258225,DEBUG,pause, 0,0,0,0

15270226,DEBUG,pause, 0,0,0,0

15282228,DEBUG,pause, 1,0,0,0

15294229,DEBUG,pause, 0,0,0,0

15306230,DEBUG,pause, 0,0,0,0

15318232,DEBUG,pause, 1,0,0,0

15330233,DEBUG,pause, 0,0,0,0

15342234,DEBUG,pause, 0,0,0,0

15354235,DEBUG,pause, 0,0,0,0

15366237,DEBUG,pause, 0,0,0,0

15378238,DEBUG,pause, 0,0,0,0

15390239,DEBUG,pause, 0,0,0,0

15402241,DEBUG,pause, 0,0,0,0

15414242,DEBUG,pause, 0,0,0,0

15426243,DEBUG,pause, 0,0,0,0

15438244,DEBUG,pause, 0,0,0,0

15450246,DEBUG,pause, 0,0,0,2

15462247,DEBUG,pause, 0,0,0,0

15474248,DEBUG,pause, 1,0,0,0

15486249,DEBUG,pause, 0,0,0,0

15498251,DEBUG,pause, 1,0,0,0

15510252,DEBUG,pause, 0,0,0,0

15522253,DEBUG,pause, 0,0,0,0

15534255,DEBUG,pause, 0,0,0,0

15546256,DEBUG,pause, 1,0,0,0

15558257,DEBUG,pause, 0,0,0,0

15570258,DEBUG,pause, 1,0,0,0

15582260,DEBUG,pause, 0,0,0,0

15594260,DEBUG,pause, 0,0,0,0

15606261,DEBUG,pause, 0,0,0,0

15618263,DEBUG,pause, 0,0,0,0

15630264,DEBUG,pause, 0,0,0,0

15642265,DEBUG,pause, 0,0,0,0

15654266,DEBUG,pause, 0,0,0,0

15666268,DEBUG,pause, 0,0,0,0

15678269,DEBUG,pause, 0,0,0,0

15690270,DEBUG,pause, 0,0,0,0

15702272,DEBUG,pause, 0,0,0,0

15714273,DEBUG,pause, 0,0,0,0

15726274,DEBUG,pause, 0,0,0,0

15738275,DEBUG,pause, 0,0,0,0

15750277,DEBUG,pause, 0,0,0,0

15762278,DEBUG,pause, 0,0,0,0

15774279,DEBUG,pause, 0,0,0,0

15786280,DEBUG,pause, 0,0,0,0

15798282,DEBUG,pause, 0,0,0,0

15810283,DEBUG,pause, 0,0,0,0

15822284,DEBUG,pause, 0,0,0,0

15834286,DEBUG,pause, 0,0,0,0

15846287,DEBUG,pause, 1,0,0,0

15858288,DEBUG,pause, 0,0,0,0

15870289,DEBUG,pause, 0,0,0,0

15882291,DEBUG,pause, 0,0,0,0

15894292,DEBUG,pause, 0,0,0,0

15906293,DEBUG,pause, 0,0,0,0

15918295,DEBUG,pause, 0,0,0,0

15930296,DEBUG,pause, 0,0,0,0

15942296,DEBUG,Free memory: 1218

15948300,DEBUG,Sensor at pin 0 has 3.54 error

15948301,INFO,306, 1

15954307,DEBUG,Sensor at pin 1 has 2.66 error

15954308,INFO,271, 2

15960314,DEBUG,Sensor at pin 2 has 8.32 error

15960315,INFO,364, 3

15966321,DEBUG,Sensor at pin 3 has 3.59 error

15966322,INFO,375, 4

15966327,DEBUG,pause, 0,0,0,1

15978359,DEBUG,pause, 0,0,0,0

15990361,DEBUG,pause, 0,0,0,0

16002362,DEBUG,pause, 0,0,0,0

16014363,DEBUG,pause, 0,0,0,0

16026364,DEBUG,pause, 0,0,0,0

16038366,DEBUG,pause, 0,0,0,0

16050367,DEBUG,pause, 0,0,0,0

16062368,DEBUG,pause, 1,0,0,0

16074370,DEBUG,pause, 0,0,0,0

16086371,DEBUG,pause, 0,0,0,0

16098371,DEBUG,pause, 0,0,0,0

16110372,DEBUG,pause, 0,0,0,0

16122374,DEBUG,pause, 0,0,0,0

16134375,DEBUG,pause, 1,0,0,0

16146376,DEBUG,pause, 0,0,0,0

16158377,DEBUG,pause, 0,0,0,0

16170379,DEBUG,pause, 0,0,0,0

16182380,DEBUG,pause, 0,0,0,0

16194381,DEBUG,pause, 0,0,0,0

16206383,DEBUG,pause, 0,0,0,0

16218384,DEBUG,pause, 0,0,0,0

16230385,DEBUG,pause, 0,0,0,0

16242386,DEBUG,pause, 0,0,0,0

16254388,DEBUG,pause, 1,0,0,0

16266389,DEBUG,pause, 0,0,0,0

16278390,DEBUG,pause, 0,0,0,0

16290392,DEBUG,pause, 1,0,0,0

16302393,DEBUG,pause, 0,0,0,0

16314394,DEBUG,pause, 0,0,0,0

16326395,DEBUG,pause, 1,0,0,0

16338397,DEBUG,pause, 0,0,0,0

16350398,DEBUG,pause, 0,0,0,0

16362399,DEBUG,pause, 0,0,0,0

16374401,DEBUG,pause, 0,0,0,0

16386402,DEBUG,pause, 0,0,0,0

16398403,DEBUG,pause, 0,0,0,0

16410404,DEBUG,pause, 0,0,0,0

16422406,DEBUG,pause, 0,0,0,0

16434407,DEBUG,pause, 0,0,0,0

16446408,DEBUG,pause, 0,0,0,0

16458409,DEBUG,pause, 0,0,0,0

16470410,DEBUG,pause, 0,0,0,0

16482411,DEBUG,pause, 0,0,0,0

16494412,DEBUG,pause, 0,0,0,0

16506414,DEBUG,pause, 1,0,0,0

16518415,DEBUG,pause, 0,0,0,0

16530416,DEBUG,pause, 0,0,0,0

16542417,DEBUG,pause, 0,0,0,0

16554419,DEBUG,pause, 0,0,0,0

16566420,DEBUG,pause, 0,0,0,0

16578421,DEBUG,pause, 0,0,0,0

16590423,DEBUG,pause, 0,0,0,0

16602424,DEBUG,pause, 1,0,0,0

16614425,DEBUG,pause, 0,0,0,0

16626426,DEBUG,pause, 0,0,0,0

16638428,DEBUG,pause, 0,0,0,0

16650429,DEBUG,pause, 0,0,0,0

16662430,DEBUG,pause, 0,0,0,0

16674432,DEBUG,pause, 0,0,0,0

16686433,DEBUG,pause, 0,0,0,0

16698434,DEBUG,pause, 0,0,0,0

16710435,DEBUG,pause, 0,0,0,0

16722437,DEBUG,pause, 0,0,0,0

16734438,DEBUG,pause, 0,0,0,0

16746439,DEBUG,pause, 0,0,0,0

16758440,DEBUG,pause, 0,0,0,0

16770442,DEBUG,pause, 0,0,0,0

16782443,DEBUG,pause, 0,0,0,0

16794444,DEBUG,pause, 0,0,0,0

16806446,DEBUG,pause, 1,0,0,0

16818447,DEBUG,pause, 0,0,0,0

16830448,DEBUG,pause, 0,0,0,0

16842448,DEBUG,pause, 0,0,0,0

16854450,DEBUG,pause, 0,0,0,0

16866451,DEBUG,pause, 0,0,0,0

16878452,DEBUG,pause, 0,0,0,0

16890454,DEBUG,pause, 0,0,0,0

16902455,DEBUG,pause, 0,0,0,0

16914456,DEBUG,pause, 0,0,0,0

16926457,DEBUG,pause, 0,0,0,0

16938459,DEBUG,pause, 0,0,0,0

16950460,DEBUG,pause, 0,0,0,0

16962461,DEBUG,pause, 0,0,0,0

16974462,DEBUG,pause, 0,0,0,0

16986464,DEBUG,pause, 0,0,0,0

16998465,DEBUG,pause, 0,0,0,0

17010466,DEBUG,pause, 0,0,0,0

17022468,DEBUG,pause, 0,0,0,0

17034469,DEBUG,pause, 0,0,0,0

17046470,DEBUG,pause, 0,0,0,0

17058471,DEBUG,pause, 1,0,0,0

17070473,DEBUG,pause, 0,0,0,0

17082474,DEBUG,pause, 0,0,0,0

17094475,DEBUG,pause, 0,0,0,0

17106477,DEBUG,pause, 0,0,0,0

17118478,DEBUG,pause, 0,0,0,0

17130479,DEBUG,pause, 0,0,0,0

17142480,DEBUG,pause, 0,0,0,0

17154482,DEBUG,pause, 0,0,0,0

17166482,DEBUG,Free memory: 1218

17172486,DEBUG,Sensor at pin 0 has 3.44 error

17172487,INFO,306, 1

17178492,DEBUG,Sensor at pin 1 has 2.64 error

17178493,INFO,270, 2

17184500,DEBUG,Sensor at pin 2 has 8.47 error

17184501,INFO,361, 3

17190507,DEBUG,Sensor at pin 3 has 3.13 error

17190508,INFO,373, 4

17190513,DEBUG,pause, 1,0,0,2

17202545,DEBUG,pause, 1,0,0,0

17214546,DEBUG,pause, 0,0,0,0

17226548,DEBUG,pause, 0,0,0,0

17238549,DEBUG,pause, 0,0,0,0

17250550,DEBUG,pause, 0,0,0,0

17262552,DEBUG,pause, 0,0,0,0

17274553,DEBUG,pause, 0,0,0,0

17286554,DEBUG,pause, 0,0,0,0

17298555,DEBUG,pause, 0,0,0,0

17310557,DEBUG,pause, 0,0,0,0

17322557,DEBUG,pause, 0,0,0,0

17334558,DEBUG,pause, 0,0,0,0

17346560,DEBUG,pause, 0,0,0,0

17358561,DEBUG,pause, 0,0,0,0

17370562,DEBUG,pause, 0,0,0,0

17382563,DEBUG,pause, 0,0,0,0

17394565,DEBUG,pause, 0,0,0,0

17406566,DEBUG,pause, 0,0,0,0

17418567,DEBUG,pause, 0,0,0,0

17430568,DEBUG,pause, 0,0,0,0

17442570,DEBUG,pause, 0,0,0,0

17454571,DEBUG,pause, 0,0,0,0

17466572,DEBUG,pause, 0,0,0,0

17478574,DEBUG,pause, 0,0,0,0

17490575,DEBUG,pause, 0,0,0,0

17502576,DEBUG,pause, 0,0,0,0

17514577,DEBUG,pause, 0,0,0,0

17526579,DEBUG,pause, 0,0,0,0

17538580,DEBUG,pause, 0,0,0,0

17550581,DEBUG,pause, 0,0,0,0

17562583,DEBUG,pause, 0,0,0,0

17574584,DEBUG,pause, 0,0,0,0

17586585,DEBUG,pause, 1,0,0,0

17598586,DEBUG,pause, 0,0,0,0

17610588,DEBUG,pause, 0,0,0,0

17622589,DEBUG,pause, 0,0,0,0

17634590,DEBUG,pause, 0,0,0,0

17646592,DEBUG,pause, 0,0,0,0

17658593,DEBUG,pause, 0,0,0,0

17670594,DEBUG,pause, 0,0,0,0

17682595,DEBUG,pause, 0,0,0,0

17694596,DEBUG,pause, 0,0,0,0

17706597,DEBUG,pause, 0,0,0,0

17718598,DEBUG,pause, 0,0,0,0

17730599,DEBUG,pause, 0,0,0,0

17742601,DEBUG,pause, 0,0,0,0

17754602,DEBUG,pause, 0,0,0,0

17766603,DEBUG,pause, 0,0,0,0

17778605,DEBUG,pause, 0,0,0,0

17790606,DEBUG,pause, 0,0,0,0

17802607,DEBUG,pause, 0,0,0,0

17814608,DEBUG,pause, 0,0,0,0

17826610,DEBUG,pause, 0,0,0,0

17838611,DEBUG,pause, 0,0,0,0

17850612,DEBUG,pause, 0,0,0,0

17862614,DEBUG,pause, 0,0,0,0

17874615,DEBUG,pause, 0,0,0,0

17886616,DEBUG,pause, 0,0,0,0

17898617,DEBUG,pause, 0,0,0,0

17910619,DEBUG,pause, 0,0,0,0

17922620,DEBUG,pause, 0,0,0,0

17934621,DEBUG,pause, 0,0,0,0

17946622,DEBUG,pause, 0,0,0,0

17958624,DEBUG,pause, 0,0,0,0

17970625,DEBUG,pause, 0,0,0,0

17982626,DEBUG,pause, 0,0,0,0

17994628,DEBUG,pause, 0,0,0,0

18006629,DEBUG,pause, 0,0,0,0

18018630,DEBUG,pause, 0,0,0,0

18030631,DEBUG,pause, 0,0,0,0

18042633,DEBUG,pause, 0,0,0,0

18054633,DEBUG,pause, 0,0,0,0

18066634,DEBUG,pause, 0,0,0,0

18078636,DEBUG,pause, 0,0,0,0

18090637,DEBUG,pause, 0,0,0,0

18102638,DEBUG,pause, 0,0,0,0

18114639,DEBUG,pause, 0,0,0,0

18126641,DEBUG,pause, 0,0,0,0

18138642,DEBUG,pause, 0,0,0,0

18150643,DEBUG,pause, 0,0,0,0

18162644,DEBUG,pause, 0,0,0,0

18174646,DEBUG,pause, 0,0,0,0

18186647,DEBUG,pause, 0,0,0,0

18198648,DEBUG,pause, 0,0,0,0

18210650,DEBUG,pause, 0,0,0,0

18222651,DEBUG,pause, 0,0,0,0

18234652,DEBUG,pause, 1,0,0,0

18246653,DEBUG,pause, 0,0,0,0

18258655,DEBUG,pause, 0,0,0,0

18270656,DEBUG,pause, 0,0,0,0

18282657,DEBUG,pause, 0,0,0,0

18294659,DEBUG,pause, 0,0,0,0

18306660,DEBUG,pause, 0,0,0,0

18318661,DEBUG,pause, 0,0,0,0

18330662,DEBUG,pause, 0,0,0,0

18342664,DEBUG,pause, 0,0,0,0

18354665,DEBUG,pause, 0,0,0,0

18366666,DEBUG,pause, 0,0,0,0

18378668,DEBUG,pause, 1,0,0,0

18390668,DEBUG,Free memory: 1218

18396672,DEBUG,Sensor at pin 0 has 3.54 error

18396673,INFO,306, 1

18402678,DEBUG,Sensor at pin 1 has 2.66 error

18402679,INFO,269, 2

18408686,DEBUG,Sensor at pin 2 has 8.37 error

18408687,INFO,361, 3

18414693,DEBUG,Sensor at pin 3 has 3.79 error

18414694,INFO,371, 4

18414699,DEBUG,pause, 0,0,0,1

18426731,DEBUG,pause, 0,0,0,0

18438732,DEBUG,pause, 0,0,0,0

18450734,DEBUG,pause, 0,0,0,0

18462735,DEBUG,pause, 0,0,0,0

18474736,DEBUG,pause, 0,0,0,0

18486737,DEBUG,pause, 0,0,0,0

18498739,DEBUG,pause, 0,0,0,0

18510740,DEBUG,pause, 0,0,0,0

18522741,DEBUG,pause, 0,0,0,0

18534743,DEBUG,pause, 0,0,0,0

18546744,DEBUG,pause, 0,0,0,0

18558745,DEBUG,pause, 0,0,0,0

18570745,DEBUG,pause, 1,0,0,0

18582747,DEBUG,pause, 1,0,0,0

18594748,DEBUG,pause, 0,0,0,0

18606749,DEBUG,pause, 0,0,0,0

18618750,DEBUG,pause, 0,0,0,0

18630752,DEBUG,pause, 0,0,0,0

18642753,DEBUG,pause, 0,0,0,0

18654754,DEBUG,pause, 0,0,0,0

18666756,DEBUG,pause, 0,0,0,0

18678757,DEBUG,pause, 0,0,0,0

18690758,DEBUG,pause, 0,0,0,0

18702759,DEBUG,pause, 0,0,0,0

18714761,DEBUG,pause, 0,0,0,0

18726762,DEBUG,pause, 1,0,0,0

18738763,DEBUG,pause, 0,0,0,0

18750765,DEBUG,pause, 0,0,0,0

18762766,DEBUG,pause, 0,0,0,0

18774767,DEBUG,pause, 0,0,0,0

18786768,DEBUG,pause, 0,0,0,0

18798770,DEBUG,pause, 0,0,0,0

18810771,DEBUG,pause, 0,0,0,0

18822772,DEBUG,pause, 0,0,0,0

18834774,DEBUG,pause, 0,0,0,0

18846775,DEBUG,pause, 0,0,0,0

18858776,DEBUG,pause, 0,0,0,0

18870777,DEBUG,pause, 0,0,0,0

18882779,DEBUG,pause, 0,0,0,0

18894780,DEBUG,pause, 0,0,0,0

18906781,DEBUG,pause, 0,0,0,0

18918782,DEBUG,pause, 0,0,0,0

18930783,DEBUG,pause, 1,0,0,0

18942784,DEBUG,pause, 1,0,0,0

18954785,DEBUG,pause, 0,0,0,0

18966787,DEBUG,pause, 0,0,0,0

18978788,DEBUG,pause, 1,0,0,0

18990789,DEBUG,pause, 0,0,0,0

19002790,DEBUG,pause, 0,0,0,0

19014792,DEBUG,pause, 0,0,0,0

19026793,DEBUG,pause, 0,0,0,0

19038794,DEBUG,pause, 0,0,0,0

19050796,DEBUG,pause, 0,0,0,0

19062797,DEBUG,pause, 0,0,0,0

19074798,DEBUG,pause, 0,0,0,0

19086799,DEBUG,pause, 0,0,0,0

19098801,DEBUG,pause, 0,0,0,0

19110802,DEBUG,pause, 0,0,0,0

19122803,DEBUG,pause, 0,0,0,0

19134804,DEBUG,pause, 0,0,0,0

19146806,DEBUG,pause, 0,0,0,0

19158807,DEBUG,pause, 0,0,0,0

19170808,DEBUG,pause, 0,0,0,0

19182810,DEBUG,pause, 0,0,0,0

19194811,DEBUG,pause, 1,0,0,0

19206812,DEBUG,pause, 0,0,0,0

19218813,DEBUG,pause, 0,0,0,0

19230815,DEBUG,pause, 1,1,0,0

19242816,DEBUG,pause, 0,0,0,0

19254817,DEBUG,pause, 0,0,0,0

19266819,DEBUG,pause, 0,0,0,0

19278820,DEBUG,pause, 0,0,0,0

19290821,DEBUG,pause, 0,0,0,0

19302821,DEBUG,pause, 0,0,0,0

19314823,DEBUG,pause, 0,0,0,0

19326824,DEBUG,pause, 0,0,0,0

19338825,DEBUG,pause, 0,0,0,0

19350827,DEBUG,pause, 0,0,0,0

19362828,DEBUG,pause, 0,0,0,0

19374829,DEBUG,pause, 0,1,0,0

19386830,DEBUG,pause, 0,0,0,0

19398832,DEBUG,pause, 0,0,0,0

19410833,DEBUG,pause, 0,0,0,0

19422834,DEBUG,pause, 0,0,0,0

19434835,DEBUG,pause, 0,0,0,0

19446837,DEBUG,pause, 0,0,0,0

19458838,DEBUG,pause, 0,0,0,0

19470839,DEBUG,pause, 0,0,0,0

19482841,DEBUG,pause, 0,0,0,0

19494842,DEBUG,pause, 0,0,0,0

19506843,DEBUG,pause, 0,0,0,0

19518844,DEBUG,pause, 0,0,0,0

19530846,DEBUG,pause, 0,0,0,0

19542847,DEBUG,pause, 1,0,0,1

19554848,DEBUG,pause, 0,0,0,0

19566850,DEBUG,pause, 0,0,0,0

19578851,DEBUG,pause, 0,0,0,0

19590852,DEBUG,pause, 0,0,0,0

19602853,DEBUG,pause, 0,0,0,0

19614854,DEBUG,Free memory: 1218

19620857,DEBUG,Sensor at pin 0 has 3.37 error

19620858,INFO,305, 1

19626864,DEBUG,Sensor at pin 1 has 2.59 error

19626865,INFO,269, 2

19632872,DEBUG,Sensor at pin 2 has 8.53 error

19632873,INFO,359, 3

19638880,DEBUG,Sensor at pin 3 has 3.40 error

19638880,INFO,369, 4

19638885,DEBUG,pause, 2,0,0,3

19650917,DEBUG,pause, 0,0,0,0

19662918,DEBUG,pause, 0,0,0,0

19674919,DEBUG,pause, 0,0,0,0

19686921,DEBUG,pause, 1,0,0,0

19698922,DEBUG,pause, 0,0,0,0

19710923,DEBUG,pause, 0,0,0,0

19722925,DEBUG,pause, 0,0,0,0

19734926,DEBUG,pause, 0,0,0,0

19746927,DEBUG,pause, 0,0,0,0

19758928,DEBUG,pause, 0,0,0,0

19770930,DEBUG,pause, 0,0,0,0

19782931,DEBUG,pause, 0,0,0,0

19794932,DEBUG,pause, 1,0,0,0

19806934,DEBUG,pause, 0,0,0,0

19818934,DEBUG,pause, 0,0,0,0

19830935,DEBUG,pause, 1,0,0,0

19842936,DEBUG,pause, 0,0,0,0

19854938,DEBUG,pause, 0,0,0,0

19866939,DEBUG,pause, 0,0,0,0

19878940,DEBUG,pause, 0,0,0,0

19890941,DEBUG,pause, 0,0,0,0

19902943,DEBUG,pause, 0,0,0,0

19914944,DEBUG,pause, 0,0,0,0

19926945,DEBUG,pause, 0,0,0,0

19938947,DEBUG,pause, 0,0,0,0

19950948,DEBUG,pause, 0,0,0,0

19962949,DEBUG,pause, 0,0,0,0

19974950,DEBUG,pause, 0,0,0,0

19986952,DEBUG,pause, 0,0,0,0

19998953,DEBUG,pause, 0,0,0,0

20010954,DEBUG,pause, 0,0,0,0

20022956,DEBUG,pause, 0,0,0,0

20034957,DEBUG,pause, 0,0,0,0

20046958,DEBUG,pause, 0,0,0,0

20058959,DEBUG,pause, 0,0,0,0

20070961,DEBUG,pause, 0,0,0,0

20082962,DEBUG,pause, 0,0,0,0

20094963,DEBUG,pause, 0,0,0,0

20106964,DEBUG,pause, 0,0,0,0

20118966,DEBUG,pause, 0,0,0,1

20130967,DEBUG,pause, 0,0,0,0

20142968,DEBUG,pause, 0,0,0,0

20154970,DEBUG,pause, 0,0,0,0

20166971,DEBUG,pause, 0,0,0,0

20178971,DEBUG,pause, 0,0,0,0

20190972,DEBUG,pause, 0,0,0,0

20202974,DEBUG,pause, 0,0,0,0

20214975,DEBUG,pause, 0,0,0,0

20226976,DEBUG,pause, 0,0,0,0

20238978,DEBUG,pause, 0,0,0,0

20250979,DEBUG,pause, 0,0,0,0

20262980,DEBUG,pause, 0,0,0,0

20274981,DEBUG,pause, 0,0,0,0

20286983,DEBUG,pause, 0,0,0,0

20298984,DEBUG,pause, 0,0,0,0

20310985,DEBUG,pause, 0,0,0,0

20322987,DEBUG,pause, 0,0,0,0

20334988,DEBUG,pause, 0,0,0,0

20346989,DEBUG,pause, 0,0,0,0

20358990,DEBUG,pause, 0,0,0,0

20370992,DEBUG,pause, 0,0,0,0

20382993,DEBUG,pause, 1,0,0,0

20394994,DEBUG,pause, 0,0,0,0

20406995,DEBUG,pause, 0,0,0,0

20418997,DEBUG,pause, 1,0,0,0

20430998,DEBUG,pause, 0,0,0,0

20442999,DEBUG,pause, 0,0,0,0

20455001,DEBUG,pause, 0,0,0,0

20467002,DEBUG,pause, 1,0,0,2

20479003,DEBUG,pause, 0,0,0,0

20491004,DEBUG,pause, 0,0,0,0

20503006,DEBUG,pause, 0,0,0,0

20515007,DEBUG,pause, 0,0,0,0

20527008,DEBUG,pause, 0,0,0,0

20539010,DEBUG,pause, 0,0,0,0

20551010,DEBUG,pause, 1,0,0,0

20563011,DEBUG,pause, 0,0,0,0

20575012,DEBUG,pause, 0,0,0,0

20587014,DEBUG,pause, 1,0,0,0

20599015,DEBUG,pause, 0,0,0,0

20611016,DEBUG,pause, 0,0,0,0

20623017,DEBUG,pause, 0,0,0,0

20635019,DEBUG,pause, 0,0,0,0

20647020,DEBUG,pause, 0,0,0,0

20659021,DEBUG,pause, 1,0,0,0

20671023,DEBUG,pause, 0,0,0,0

20683024,DEBUG,pause, 0,0,0,0

20695025,DEBUG,pause, 0,0,0,0

20707026,DEBUG,pause, 0,0,0,0

20719028,DEBUG,pause, 1,0,0,0

20731029,DEBUG,pause, 0,0,0,0

20743030,DEBUG,pause, 0,0,0,0

20755032,DEBUG,pause, 0,0,0,0

20767033,DEBUG,pause, 0,0,0,0

20779034,DEBUG,pause, 0,0,0,0

20791035,DEBUG,pause, 0,0,0,0

20803037,DEBUG,pause, 0,0,0,0

20815038,DEBUG,pause, 0,0,0,0

20827039,DEBUG,pause, 0,0,0,0

20839040,DEBUG,Free memory: 1218

20845043,DEBUG,Sensor at pin 0 has 3.26 error

20845044,INFO,304, 1

20851050,DEBUG,Sensor at pin 1 has 2.36 error

20851051,INFO,268, 2

20857058,DEBUG,Sensor at pin 2 has 8.61 error

20857059,INFO,356, 3

20863066,DEBUG,Sensor at pin 3 has 3.76 error

20863066,INFO,367, 4

20863071,DEBUG,pause, 0,0,0,1

20875103,DEBUG,pause, 1,0,0,0

20887104,DEBUG,pause, 0,0,0,0

20899105,DEBUG,pause, 0,0,0,0

20911107,DEBUG,pause, 0,0,0,0

20923108,DEBUG,pause, 0,0,0,0

20935109,DEBUG,pause, 0,0,0,0

20947110,DEBUG,pause, 0,0,0,0

20959112,DEBUG,pause, 0,0,0,0

20971113,DEBUG,pause, 0,0,0,0

20983114,DEBUG,pause, 0,0,0,0

20995116,DEBUG,pause, 0,0,0,0

21007117,DEBUG,pause, 0,0,0,0

21019118,DEBUG,pause, 0,0,0,0

21031119,DEBUG,pause, 0,0,0,0

21043121,DEBUG,pause, 0,0,0,0

21055121,DEBUG,pause, 0,0,0,0

21067122,DEBUG,pause, 0,0,0,0

21079123,DEBUG,pause, 0,0,0,0

21091125,DEBUG,pause, 0,0,0,0

21103126,DEBUG,pause, 0,0,0,0

21115127,DEBUG,pause, 0,0,0,0

21127129,DEBUG,pause, 0,0,0,0

21139130,DEBUG,pause, 0,0,0,0

21151131,DEBUG,pause, 0,0,0,0

21163132,DEBUG,pause, 0,0,0,0

21175134,DEBUG,pause, 0,0,0,0

21187135,DEBUG,pause, 1,0,0,0

21199136,DEBUG,pause, 0,0,0,0

21211138,DEBUG,pause, 0,0,0,0

21223139,DEBUG,pause, 0,0,0,0

21235140,DEBUG,pause, 0,0,0,0

21247141,DEBUG,pause, 0,0,0,0

21259143,DEBUG,pause, 0,0,0,0

21271144,DEBUG,pause, 0,0,0,0

21283145,DEBUG,pause, 0,0,0,0

21295147,DEBUG,pause, 0,0,0,0

21307148,DEBUG,pause, 0,0,0,0

21319149,DEBUG,pause, 0,0,0,0

21331150,DEBUG,pause, 0,0,0,0

21343152,DEBUG,pause, 0,0,0,0

21355153,DEBUG,pause, 0,0,0,0

21367154,DEBUG,pause, 1,0,0,0

21379155,DEBUG,pause, 0,0,0,0

21391157,DEBUG,pause, 0,0,0,0

21403158,DEBUG,pause, 0,0,0,0

21415158,DEBUG,pause, 0,0,0,0

21427160,DEBUG,pause, 0,0,0,0

21439161,DEBUG,pause, 0,0,0,0

21451162,DEBUG,pause, 0,0,0,0

21463163,DEBUG,pause, 0,0,0,0

21475165,DEBUG,pause, 1,0,0,0

21487166,DEBUG,pause, 0,0,0,0

21499167,DEBUG,pause, 0,0,0,0

21511169,DEBUG,pause, 0,0,0,0

21523170,DEBUG,pause, 0,0,0,0

21535171,DEBUG,pause, 0,0,0,0

21547172,DEBUG,pause, 0,0,0,0

21559174,DEBUG,pause, 0,0,0,0

21571175,DEBUG,pause, 0,0,0,0

21583176,DEBUG,pause, 0,0,0,0

21595177,DEBUG,pause, 0,0,0,0

21607179,DEBUG,pause, 0,0,0,0

21619180,DEBUG,pause, 0,0,0,0

21631181,DEBUG,pause, 0,0,0,0

21643183,DEBUG,pause, 0,0,0,0

21655184,DEBUG,pause, 0,0,0,0

21667185,DEBUG,pause, 0,0,0,0

21679186,DEBUG,pause, 0,0,0,0

21691188,DEBUG,pause, 0,0,0,0

21703189,DEBUG,pause, 0,0,0,0

21715190,DEBUG,pause, 0,0,0,0

21727192,DEBUG,pause, 1,0,0,0

21739193,DEBUG,pause, 0,0,0,0

21751194,DEBUG,pause, 0,0,0,0

21763195,DEBUG,pause, 0,0,0,0

21775197,DEBUG,pause, 0,0,0,0

21787197,DEBUG,pause, 0,0,0,0

21799198,DEBUG,pause, 0,0,0,0

21811200,DEBUG,pause, 0,0,0,0

21823201,DEBUG,pause, 0,0,0,0

21835202,DEBUG,pause, 0,0,0,0

21847203,DEBUG,pause, 0,0,0,0

21859205,DEBUG,pause, 0,0,0,0

21871206,DEBUG,pause, 0,0,0,0

21883207,DEBUG,pause, 0,0,0,0

21895208,DEBUG,pause, 0,0,0,0

21907210,DEBUG,pause, 0,0,0,0

21919211,DEBUG,pause, 1,0,0,0

21931212,DEBUG,pause, 0,0,0,0

21943214,DEBUG,pause, 0,0,0,0

21955215,DEBUG,pause, 0,0,0,0

21967216,DEBUG,pause, 0,0,0,0

21979217,DEBUG,pause, 0,0,0,0

21991219,DEBUG,pause, 0,0,0,0

22003220,DEBUG,pause, 0,0,0,0

22015221,DEBUG,pause, 0,0,0,0

22027223,DEBUG,pause, 0,0,0,0

22039224,DEBUG,pause, 0,0,0,0

22051225,DEBUG,pause, 0,0,0,0

22063225,DEBUG,Free memory: 1218

22069229,DEBUG,Sensor at pin 0 has 3.12 error

22069230,INFO,301, 1

22075236,DEBUG,Sensor at pin 1 has 2.15 error

22075237,INFO,265, 2

22081244,DEBUG,Sensor at pin 2 has 8.69 error

22081245,INFO,356, 3

22087251,DEBUG,Sensor at pin 3 has 3.12 error

22087252,INFO,365, 4

22087257,DEBUG,pause, 0,0,0,2

22099289,DEBUG,pause, 1,0,0,0

22111290,DEBUG,pause, 0,0,0,0

22123291,DEBUG,pause, 0,0,0,0

22135292,DEBUG,pause, 0,0,0,0

22147294,DEBUG,pause, 0,0,0,0

22159295,DEBUG,pause, 0,0,0,0

22171296,DEBUG,pause, 0,0,0,0

22183298,DEBUG,pause, 0,0,0,0

22195299,DEBUG,pause, 0,0,0,0

22207300,DEBUG,pause, 1,0,0,0

22219301,DEBUG,pause, 0,0,0,0

22231303,DEBUG,pause, 0,0,0,0

22243304,DEBUG,pause, 0,0,0,0

22255305,DEBUG,pause, 0,0,0,0

22267307,DEBUG,pause, 0,0,0,0

22279308,DEBUG,pause, 0,0,0,0

22291308,DEBUG,pause, 0,0,0,0

22303309,DEBUG,pause, 0,0,0,0

22315311,DEBUG,pause, 0,0,0,0

22327312,DEBUG,pause, 0,0,0,0

22339313,DEBUG,pause, 0,0,0,0

22351314,DEBUG,pause, 0,0,0,0

22363316,DEBUG,pause, 0,0,0,0

22375317,DEBUG,pause, 0,0,0,0

22387318,DEBUG,pause, 0,0,0,0

22399320,DEBUG,pause, 0,0,0,0

22411321,DEBUG,pause, 0,0,0,0

22423322,DEBUG,pause, 0,0,0,0

22435323,DEBUG,pause, 0,0,0,0

22447325,DEBUG,pause, 0,0,0,0

22459326,DEBUG,pause, 0,0,0,0

22471327,DEBUG,pause, 0,0,0,0

22483329,DEBUG,pause, 0,0,0,0

22495330,DEBUG,pause, 0,0,0,0

22507331,DEBUG,pause, 1,0,0,0

22519332,DEBUG,pause, 0,0,0,0

22531334,DEBUG,pause, 0,0,0,0

22543335,DEBUG,pause, 0,0,0,0

22555336,DEBUG,pause, 0,0,0,0

22567337,DEBUG,pause, 0,0,0,0

22579339,DEBUG,pause, 0,0,0,0

22591340,DEBUG,pause, 0,0,0,0

22603341,DEBUG,pause, 0,0,0,0

22615343,DEBUG,pause, 0,0,0,0

22627344,DEBUG,pause, 0,0,0,0

22639345,DEBUG,pause, 0,0,0,0

22651346,DEBUG,pause, 0,0,0,0

22663347,DEBUG,pause, 0,0,0,0

22675348,DEBUG,pause, 0,0,0,0

22687349,DEBUG,pause, 0,0,0,0

22699351,DEBUG,pause, 0,0,0,0

22711352,DEBUG,pause, 0,0,0,0

22723353,DEBUG,pause, 0,0,0,0

22735354,DEBUG,pause, 0,0,0,0

22747356,DEBUG,pause, 0,0,0,0

22759357,DEBUG,pause, 0,0,0,0

22771358,DEBUG,pause, 0,0,0,0

22783360,DEBUG,pause, 0,0,0,0

22795361,DEBUG,pause, 0,0,0,0

22807362,DEBUG,pause, 0,0,0,0

22819363,DEBUG,pause, 0,0,0,0

22831365,DEBUG,pause, 0,0,0,0

22843366,DEBUG,pause, 0,0,0,0

22855367,DEBUG,pause, 0,0,0,0

22867368,DEBUG,pause, 0,0,0,0

22879370,DEBUG,pause, 0,0,0,0

22891371,DEBUG,pause, 0,0,0,0

22903372,DEBUG,pause, 0,0,0,0

22915374,DEBUG,pause, 0,0,0,0

22927375,DEBUG,pause, 0,0,0,0

22939376,DEBUG,pause, 0,0,0,0

22951377,DEBUG,pause, 0,0,0,0

22963379,DEBUG,pause, 0,0,0,0

22975380,DEBUG,pause, 0,0,0,0

22987381,DEBUG,pause, 0,0,0,0

22999383,DEBUG,pause, 0,0,0,0

23011384,DEBUG,pause, 0,0,0,0

23023384,DEBUG,pause, 0,0,0,0

23035385,DEBUG,pause, 0,0,0,0

23047387,DEBUG,pause, 0,0,0,0

23059388,DEBUG,pause, 0,0,0,0

23071389,DEBUG,pause, 0,0,0,0

23083390,DEBUG,pause, 0,0,0,0

23095392,DEBUG,pause, 1,0,0,0

23107393,DEBUG,pause, 0,0,0,0

23119394,DEBUG,pause, 0,0,0,0

23131396,DEBUG,pause, 0,0,0,0

23143397,DEBUG,pause, 0,0,0,0

23155398,DEBUG,pause, 0,0,0,0

23167399,DEBUG,pause, 1,0,0,0

23179401,DEBUG,pause, 0,0,0,0

23191402,DEBUG,pause, 0,0,0,0

23203403,DEBUG,pause, 0,0,0,0

23215405,DEBUG,pause, 0,0,0,0

23227406,DEBUG,pause, 1,0,0,0

23239407,DEBUG,pause, 0,0,0,0

23251408,DEBUG,pause, 0,0,0,0

23263410,DEBUG,pause, 0,0,0,0

23275411,DEBUG,pause, 0,0,0,0

23287411,DEBUG,Free memory: 1218

23293415,DEBUG,Sensor at pin 0 has 2.99 error

23293416,INFO,298, 1

23299422,DEBUG,Sensor at pin 1 has 2.26 error

23299423,INFO,264, 2

23305430,DEBUG,Sensor at pin 2 has 8.52 error

23305431,INFO,358, 3

23311437,DEBUG,Sensor at pin 3 has 3.45 error

23311438,INFO,364, 4

23311442,DEBUG,pause, 1,0,0,2

23323474,DEBUG,pause, 1,0,0,0

23335476,DEBUG,pause, 0,0,0,0

23347477,DEBUG,pause, 0,0,0,0

23359478,DEBUG,pause, 0,0,0,0

23371480,DEBUG,pause, 0,0,0,0

23383481,DEBUG,pause, 0,0,0,0

23395482,DEBUG,pause, 0,0,0,0

23407483,DEBUG,pause, 0,0,0,0

23419485,DEBUG,pause, 0,0,0,0

23431486,DEBUG,pause, 0,0,0,0

23443487,DEBUG,pause, 0,0,0,0

23455489,DEBUG,pause, 1,0,0,0

23467490,DEBUG,pause, 0,0,0,0

23479491,DEBUG,pause, 0,0,0,0

23491492,DEBUG,pause, 0,0,0,0

23503494,DEBUG,pause, 0,0,0,0

23515495,DEBUG,pause, 0,0,0,0

23527496,DEBUG,pause, 1,0,0,0

23539497,DEBUG,pause, 0,0,0,0

23551498,DEBUG,pause, 0,0,0,0

23563499,DEBUG,pause, 0,0,0,0

23575500,DEBUG,pause, 0,0,0,0

23587502,DEBUG,pause, 0,0,0,0

23599503,DEBUG,pause, 0,0,0,0

23611504,DEBUG,pause, 0,0,0,0

23623505,DEBUG,pause, 0,0,0,0

23635507,DEBUG,pause, 0,0,0,0

23647508,DEBUG,pause, 0,0,0,0

23659509,DEBUG,pause, 0,0,0,0

23671511,DEBUG,pause, 0,0,0,0

23683512,DEBUG,pause, 0,0,0,0

23695513,DEBUG,pause, 1,0,0,0

23707514,DEBUG,pause, 1,0,0,0

23719516,DEBUG,pause, 0,0,0,0

23731517,DEBUG,pause, 0,0,0,0

23743518,DEBUG,pause, 0,0,0,0

23755520,DEBUG,pause, 0,0,0,0

23767521,DEBUG,pause, 0,0,0,0

23779522,DEBUG,pause, 0,0,0,0

23791523,DEBUG,pause, 0,0,0,0

23803525,DEBUG,pause, 0,0,0,0

23815526,DEBUG,pause, 0,0,0,0

23827527,DEBUG,pause, 0,0,0,0

23839528,DEBUG,pause, 0,0,0,0

23851530,DEBUG,pause, 0,0,0,0

23863531,DEBUG,pause, 0,0,0,0

23875532,DEBUG,pause, 0,0,0,0

23887534,DEBUG,pause, 0,0,0,0

23899535,DEBUG,pause, 0,0,0,0

23911535,DEBUG,pause, 0,0,0,0

23923536,DEBUG,pause, 0,0,0,0

23935538,DEBUG,pause, 0,0,0,0

23947539,DEBUG,pause, 0,0,0,0

23959540,DEBUG,pause, 0,0,0,0

23971542,DEBUG,pause, 0,0,0,0

23983543,DEBUG,pause, 1,0,0,0

23995544,DEBUG,pause, 0,0,0,0

24007545,DEBUG,pause, 0,0,0,0

24019547,DEBUG,pause, 0,0,0,0

24031548,DEBUG,pause, 1,0,0,0

24043549,DEBUG,pause, 0,0,0,0

24055550,DEBUG,pause, 1,0,0,0

24067552,DEBUG,pause, 0,0,0,0

24079553,DEBUG,pause, 0,0,0,0

24091554,DEBUG,pause, 0,0,0,0

24103556,DEBUG,pause, 0,0,0,0

24115557,DEBUG,pause, 0,0,0,0

24127558,DEBUG,pause, 0,0,0,0

24139559,DEBUG,pause, 0,0,0,0

24151561,DEBUG,pause, 0,0,0,0

24163562,DEBUG,pause, 0,0,0,0

24175563,DEBUG,pause, 0,0,0,0

24187565,DEBUG,pause, 0,0,0,0

24199566,DEBUG,pause, 0,0,0,0

24211567,DEBUG,pause, 0,0,0,0

24223568,DEBUG,pause, 0,0,0,0

24235570,DEBUG,pause, 0,0,0,0

24247571,DEBUG,pause, 0,0,0,0

24259572,DEBUG,pause, 0,0,0,0

24271572,DEBUG,pause, 0,0,0,0

24283574,DEBUG,pause, 1,0,0,0

24295575,DEBUG,pause, 0,0,0,0

24307576,DEBUG,pause, 0,0,0,0

24319578,DEBUG,pause, 1,0,0,0

24331579,DEBUG,pause, 0,0,0,0

24343580,DEBUG,pause, 1,0,0,0

24355581,DEBUG,pause, 0,0,0,0

24367583,DEBUG,pause, 0,0,0,0

24379584,DEBUG,pause, 0,0,0,0

24391585,DEBUG,pause, 0,0,0,0

24403587,DEBUG,pause, 1,0,0,0

24415588,DEBUG,pause, 0,0,0,0

24427589,DEBUG,pause, 0,0,0,0

24439590,DEBUG,pause, 0,0,0,0

24451592,DEBUG,pause, 0,0,0,0

24463593,DEBUG,pause, 0,0,0,0

24475594,DEBUG,pause, 0,0,0,0

24487596,DEBUG,pause, 0,0,0,0

24499597,DEBUG,pause, 0,0,0,0

24511597,DEBUG,Free memory: 1218

24517601,DEBUG,Sensor at pin 0 has 3.06 error

24517602,INFO,295, 1

24523608,DEBUG,Sensor at pin 1 has 2.00 error

24523609,INFO,261, 2

24529615,DEBUG,Sensor at pin 2 has 8.52 error

24529616,INFO,359, 3

24535623,DEBUG,Sensor at pin 3 has 3.69 error

24535624,INFO,361, 4

24535628,DEBUG,pause, 0,0,0,3

24547660,DEBUG,pause, 0,0,0,0

24559662,DEBUG,pause, 1,0,0,0

24571663,DEBUG,pause, 1,0,0,0

24583664,DEBUG,pause, 1,0,0,0

24595665,DEBUG,pause, 0,0,0,0

24607667,DEBUG,pause, 1,0,0,0

24619668,DEBUG,pause, 0,0,0,0

24631669,DEBUG,pause, 0,0,0,0

24643671,DEBUG,pause, 0,0,0,0

24655672,DEBUG,pause, 0,0,0,0

24667673,DEBUG,pause, 0,0,0,0

24679674,DEBUG,pause, 0,0,0,0

24691676,DEBUG,pause, 0,0,0,0

24703677,DEBUG,pause, 0,0,0,0

24715678,DEBUG,pause, 0,0,0,0

24727680,DEBUG,pause, 0,0,0,0

24739681,DEBUG,pause, 0,0,0,0

24751682,DEBUG,pause, 0,0,0,0

24763683,DEBUG,pause, 0,0,0,0

24775684,DEBUG,pause, 0,0,0,0

24787685,DEBUG,pause, 0,0,0,0

24799686,DEBUG,pause, 0,0,0,0

24811687,DEBUG,pause, 0,0,0,0

24823689,DEBUG,pause, 0,0,0,0

24835690,DEBUG,pause, 0,0,0,0

24847691,DEBUG,pause, 0,0,0,0

24859693,DEBUG,pause, 0,0,0,0

24871694,DEBUG,pause, 0,0,0,0

24883695,DEBUG,pause, 0,0,0,0

24895696,DEBUG,pause, 0,0,0,0

24907698,DEBUG,pause, 0,0,0,0

24919699,DEBUG,pause, 0,0,0,0

24931700,DEBUG,pause, 0,0,0,0

24943702,DEBUG,pause, 0,0,0,0

24955703,DEBUG,pause, 0,0,0,0

24967704,DEBUG,pause, 0,0,0,0

24979705,DEBUG,pause, 0,0,0,0

24991707,DEBUG,pause, 0,0,0,0

25003708,DEBUG,pause, 0,0,0,0

25015709,DEBUG,pause, 0,0,0,0

25027710,DEBUG,pause, 0,0,0,0

25039712,DEBUG,pause, 0,0,0,0

25051713,DEBUG,pause, 1,0,0,0

25063714,DEBUG,pause, 0,0,0,0

25075716,DEBUG,pause, 0,0,0,0

25087717,DEBUG,pause, 0,0,0,0

25099718,DEBUG,pause, 0,0,0,0

25111719,DEBUG,pause, 0,0,0,0

25123721,DEBUG,pause, 0,0,0,0

25135722,DEBUG,pause, 0,0,0,0

25147722,DEBUG,pause, 0,0,0,0

25159724,DEBUG,pause, 0,0,0,0

25171725,DEBUG,pause, 0,0,0,0

25183726,DEBUG,pause, 0,0,0,0

25195727,DEBUG,pause, 0,0,0,0

25207729,DEBUG,pause, 0,0,0,0

25219730,DEBUG,pause, 0,0,0,0

25231731,DEBUG,pause, 0,0,0,0

25243732,DEBUG,pause, 0,0,0,0

25255734,DEBUG,pause, 0,0,0,0

25267735,DEBUG,pause, 0,0,0,0

25279736,DEBUG,pause, 0,0,0,0

25291738,DEBUG,pause, 0,0,0,0

25303739,DEBUG,pause, 0,0,0,0

25315740,DEBUG,pause, 1,0,0,0

25327741,DEBUG,pause, 0,0,0,0

25339743,DEBUG,pause, 0,0,0,0

25351744,DEBUG,pause, 0,0,0,0

25363745,DEBUG,pause, 0,0,0,0

25375747,DEBUG,pause, 0,0,0,0

25387748,DEBUG,pause, 0,0,0,0

25399749,DEBUG,pause, 1,0,0,0

25411750,DEBUG,pause, 0,0,0,0

25423752,DEBUG,pause, 0,0,0,0

25435753,DEBUG,pause, 0,0,0,0

25447754,DEBUG,pause, 0,0,0,0

25459756,DEBUG,pause, 0,0,0,0

25471757,DEBUG,pause, 0,0,0,0

25483758,DEBUG,pause, 0,0,0,0

25495759,DEBUG,pause, 0,0,0,0

25507760,DEBUG,pause, 0,0,0,0

25519761,DEBUG,pause, 0,0,0,0

25531762,DEBUG,pause, 0,0,0,0

25543763,DEBUG,pause, 0,0,0,0

25555765,DEBUG,pause, 0,0,0,0

25567766,DEBUG,pause, 0,0,0,0

25579767,DEBUG,pause, 0,0,0,0

25591769,DEBUG,pause, 0,0,0,0

25603770,DEBUG,pause, 1,0,0,0

25615771,DEBUG,pause, 0,0,0,0

25627772,DEBUG,pause, 0,0,0,0

25639774,DEBUG,pause, 0,0,0,0

25651775,DEBUG,pause, 0,0,0,0

25663776,DEBUG,pause, 0,0,0,0

25675778,DEBUG,pause, 0,0,1,0

25687779,DEBUG,pause, 0,0,0,0

25699780,DEBUG,pause, 1,1,0,0

25711781,DEBUG,pause, 0,0,0,0

25723783,DEBUG,pause, 0,0,0,0

25735783,DEBUG,Free memory: 1218

25741787,DEBUG,Sensor at pin 0 has 2.84 error

25741788,INFO,291, 1

25747793,DEBUG,Sensor at pin 1 has 1.67 error

25747794,INFO,256, 2

25753801,DEBUG,Sensor at pin 2 has 8.37 error

25753802,INFO,356, 3

25759809,DEBUG,Sensor at pin 3 has 3.33 error

25759810,INFO,360, 4

25759814,DEBUG,pause, 0,0,0,1

25771846,DEBUG,pause, 1,0,0,0

25783847,DEBUG,pause, 0,0,0,0

25795849,DEBUG,pause, 0,0,0,0

25807850,DEBUG,pause, 0,0,0,0

25819851,DEBUG,pause, 0,0,0,0

25831853,DEBUG,pause, 0,0,0,0

25843854,DEBUG,pause, 0,0,0,0

25855855,DEBUG,pause, 0,0,0,0

25867856,DEBUG,pause, 0,0,0,0

25879858,DEBUG,pause, 0,0,0,0

25891859,DEBUG,pause, 0,0,0,0

25903860,DEBUG,pause, 0,0,0,0

25915862,DEBUG,pause, 0,0,0,0

25927863,DEBUG,pause, 0,0,0,0

25939864,DEBUG,pause, 0,0,0,0

25951865,DEBUG,pause, 0,0,0,0

25963867,DEBUG,pause, 0,0,0,0

25975868,DEBUG,pause, 0,0,0,0

25987868,DEBUG,pause, 0,0,0,0

25999869,DEBUG,pause, 0,0,0,0

26011871,DEBUG,pause, 0,0,0,0

26023872,DEBUG,pause, 0,0,0,0

26035873,DEBUG,pause, 0,0,0,0

26047875,DEBUG,pause, 0,0,0,0

26059876,DEBUG,pause, 0,0,0,0

26071877,DEBUG,pause, 0,0,0,0

26083878,DEBUG,pause, 0,0,0,0

26095880,DEBUG,pause, 0,0,0,0

26107881,DEBUG,pause, 0,0,0,0

26119882,DEBUG,pause, 0,0,0,0

26131884,DEBUG,pause, 0,0,0,0

26143885,DEBUG,pause, 0,0,0,0

26155886,DEBUG,pause, 0,0,0,0

26167887,DEBUG,pause, 0,0,0,0

26179889,DEBUG,pause, 0,0,0,0

26191890,DEBUG,pause, 0,0,0,0

26203891,DEBUG,pause, 0,0,0,1

26215892,DEBUG,pause, 0,0,0,0

26227894,DEBUG,pause, 0,0,0,0

26239895,DEBUG,pause, 0,0,0,0

26251896,DEBUG,pause, 1,0,0,0

26263898,DEBUG,pause, 0,0,0,0

26275899,DEBUG,pause, 1,0,0,0

26287900,DEBUG,pause, 0,0,0,0

26299901,DEBUG,pause, 0,0,0,0

26311903,DEBUG,pause, 0,0,0,0

26323904,DEBUG,pause, 0,0,0,0

26335905,DEBUG,pause, 0,0,0,1

26347907,DEBUG,pause, 0,0,0,0

26359907,DEBUG,pause, 0,0,0,0

26371908,DEBUG,pause, 0,0,0,0

26383909,DEBUG,pause, 0,0,0,0

26395911,DEBUG,pause, 0,0,0,0

26407912,DEBUG,pause, 0,0,0,0

26419913,DEBUG,pause, 0,0,0,0

26431915,DEBUG,pause, 0,0,0,0

26443916,DEBUG,pause, 0,0,0,0

26455917,DEBUG,pause, 0,0,0,0

26467918,DEBUG,pause, 0,0,0,0

26479920,DEBUG,pause, 0,0,0,0

26491921,DEBUG,pause, 0,0,0,0

26503922,DEBUG,pause, 0,0,0,0

26515923,DEBUG,pause, 0,0,0,0

26527925,DEBUG,pause, 0,0,0,0

26539926,DEBUG,pause, 0,0,0,0

26551927,DEBUG,pause, 1,0,0,0

26563929,DEBUG,pause, 0,0,0,0

26575930,DEBUG,pause, 0,0,0,0

26587931,DEBUG,pause, 0,0,0,0

26599932,DEBUG,pause, 0,0,0,0

26611934,DEBUG,pause, 0,0,0,0

26623935,DEBUG,pause, 0,0,0,0

26635936,DEBUG,pause, 0,0,0,0

26647938,DEBUG,pause, 0,0,0,0

26659939,DEBUG,pause, 0,0,0,0

26671940,DEBUG,pause, 0,0,0,0

26683941,DEBUG,pause, 0,0,0,0

26695943,DEBUG,pause, 0,0,0,0

26707944,DEBUG,pause, 0,0,0,0

26719945,DEBUG,pause, 0,0,0,0

26731945,DEBUG,pause, 0,0,0,0

26743947,DEBUG,pause, 0,0,0,0

26755948,DEBUG,pause, 0,0,0,0

26767949,DEBUG,pause, 0,0,0,0

26779951,DEBUG,pause, 0,0,0,0

26791952,DEBUG,pause, 0,0,0,0

26803953,DEBUG,pause, 0,0,0,0

26815954,DEBUG,pause, 0,0,0,0

26827956,DEBUG,pause, 0,0,0,0

26839957,DEBUG,pause, 0,0,0,0

26851958,DEBUG,pause, 0,0,0,0

26863960,DEBUG,pause, 0,0,0,0

26875961,DEBUG,pause, 0,0,0,0

26887962,DEBUG,pause, 0,0,0,0

26899963,DEBUG,pause, 0,0,0,0

26911965,DEBUG,pause, 0,0,0,0

26923966,DEBUG,pause, 1,0,0,0

26935967,DEBUG,pause, 0,0,0,0

26947969,DEBUG,pause, 0,0,0,0

26959969,DEBUG,Free memory: 1218

26965972,DEBUG,Sensor at pin 0 has 2.83 error

26965974,INFO,287, 1

26971979,DEBUG,Sensor at pin 1 has 1.77 error

26971980,INFO,256, 2

26977987,DEBUG,Sensor at pin 2 has 8.42 error

26977988,INFO,354, 3

26983995,DEBUG,Sensor at pin 3 has 4.25 error

26983995,INFO,358, 4

26984000,DEBUG,pause, 0,0,0,0

26996032,DEBUG,pause, 1,0,0,0

27008033,DEBUG,pause, 0,0,0,0

27020035,DEBUG,pause, 0,0,0,0

27032036,DEBUG,pause, 0,0,0,0

27044037,DEBUG,pause, 0,0,0,0

27056038,DEBUG,pause, 0,0,0,0

27068040,DEBUG,pause, 0,0,0,0

27080041,DEBUG,pause, 0,0,0,0

27092042,DEBUG,pause, 0,0,0,0

27104044,DEBUG,pause, 0,0,0,0

27116045,DEBUG,pause, 0,0,0,0

27128046,DEBUG,pause, 0,0,0,0

27140047,DEBUG,pause, 0,0,0,0

27152049,DEBUG,pause, 0,0,0,0

27164050,DEBUG,pause, 1,0,0,0

27176050,DEBUG,pause, 0,0,0,0

27188051,DEBUG,pause, 0,0,0,0

27200053,DEBUG,pause, 0,0,0,0

27212054,DEBUG,pause, 0,0,0,0

27224055,DEBUG,pause, 0,0,0,0

27236057,DEBUG,pause, 0,0,0,0

27248058,DEBUG,pause, 1,0,0,0

27260059,DEBUG,pause, 0,0,0,0

27272060,DEBUG,pause, 0,0,0,0

27284062,DEBUG,pause, 0,0,0,0

27296063,DEBUG,pause, 0,0,0,0

27308064,DEBUG,pause, 0,0,0,0

27320066,DEBUG,pause, 0,0,0,0

27332067,DEBUG,pause, 0,0,0,0

27344068,DEBUG,pause, 0,0,0,0

27356069,DEBUG,pause, 3,0,0,0

27368071,DEBUG,pause, 0,0,0,0

27380072,DEBUG,pause, 1,0,0,0

27392073,DEBUG,pause, 1,0,0,0

27404075,DEBUG,pause, 0,0,0,0

27416076,DEBUG,pause, 0,0,0,0

27428077,DEBUG,pause, 0,0,0,0

27440078,DEBUG,pause, 0,0,0,0

27452080,DEBUG,pause, 0,0,0,0

27464081,DEBUG,pause, 0,0,0,0

27476082,DEBUG,pause, 0,0,0,0

27488083,DEBUG,pause, 1,0,0,0

27500085,DEBUG,pause, 0,0,0,0

27512086,DEBUG,pause, 0,0,0,0

27524087,DEBUG,pause, 0,0,0,0

27536088,DEBUG,pause, 0,0,0,0

27548089,DEBUG,pause, 0,0,0,0

27560090,DEBUG,pause, 0,0,0,0

27572091,DEBUG,pause, 1,0,0,0

27584093,DEBUG,pause, 0,0,0,0

27596094,DEBUG,pause, 0,0,0,0

27608095,DEBUG,pause, 0,0,0,0

27620097,DEBUG,pause, 0,0,0,0

27632098,DEBUG,pause, 0,0,0,0

27644099,DEBUG,pause, 0,0,0,0

27656100,DEBUG,pause, 1,0,0,0

27668102,DEBUG,pause, 0,0,0,0

27680103,DEBUG,pause, 0,0,0,0

27692104,DEBUG,pause, 1,0,0,0

27704105,DEBUG,pause, 0,0,0,0

27716107,DEBUG,pause, 0,0,0,0

27728108,DEBUG,pause, 1,0,0,0

27740109,DEBUG,pause, 0,0,0,0

27752111,DEBUG,pause, 0,0,0,0

27764112,DEBUG,pause, 0,0,0,0

27776113,DEBUG,pause, 0,0,0,0

27788114,DEBUG,pause, 0,0,0,0

27800116,DEBUG,pause, 0,0,0,0

27812117,DEBUG,pause, 1,0,0,0

27824118,DEBUG,pause, 0,0,0,0

27836120,DEBUG,pause, 0,0,0,0

27848121,DEBUG,pause, 0,0,0,0

27860122,DEBUG,pause, 0,0,0,0

27872123,DEBUG,pause, 0,0,0,0

27884125,DEBUG,pause, 0,0,0,0

27896126,DEBUG,pause, 0,0,0,0

27908126,DEBUG,pause, 0,0,0,0

27920128,DEBUG,pause, 0,0,0,0

27932129,DEBUG,pause, 0,0,0,0

27944130,DEBUG,pause, 0,0,0,0

27956131,DEBUG,pause, 0,0,0,0

27968133,DEBUG,pause, 0,0,0,0

27980134,DEBUG,pause, 0,0,0,0

27992135,DEBUG,pause, 0,0,0,0

28004136,DEBUG,pause, 0,0,0,0

28016138,DEBUG,pause, 0,0,0,0

28028139,DEBUG,pause, 0,0,0,0

28040140,DEBUG,pause, 0,0,0,0

28052142,DEBUG,pause, 0,0,0,0

28064143,DEBUG,pause, 0,0,0,0

28076144,DEBUG,pause, 0,0,0,0

28088145,DEBUG,pause, 1,0,0,0

28100147,DEBUG,pause, 0,0,0,0

28112148,DEBUG,pause, 0,0,0,0

28124149,DEBUG,pause, 0,0,0,0

28136151,DEBUG,pause, 0,0,0,0

28148152,DEBUG,pause, 0,0,0,0

28160153,DEBUG,pause, 1,0,0,0

28172154,DEBUG,pause, 0,0,0,0

28184155,DEBUG,Free memory: 1218

28190158,DEBUG,Sensor at pin 0 has 2.75 error

28190159,INFO,285, 1

28196165,DEBUG,Sensor at pin 1 has 1.76 error

28196166,INFO,253, 2

28202173,DEBUG,Sensor at pin 2 has 8.75 error

28202174,INFO,353, 3

28208181,DEBUG,Sensor at pin 3 has 4.10 error

28208181,INFO,358, 4

28208186,DEBUG,pause, 1,0,0,3

28220218,DEBUG,pause, 0,0,0,0

28232219,DEBUG,pause, 0,0,0,0

28244220,DEBUG,pause, 1,0,0,0

28256222,DEBUG,pause, 0,0,0,0

28268223,DEBUG,pause, 0,0,0,0

28280224,DEBUG,pause, 0,0,0,0

28292226,DEBUG,pause, 0,0,0,0

28304227,DEBUG,pause, 0,0,0,0

28316228,DEBUG,pause, 0,0,0,0

28328229,DEBUG,pause, 0,0,0,0

28340231,DEBUG,pause, 0,0,0,0

28352232,DEBUG,pause, 0,0,0,0

28364233,DEBUG,pause, 1,0,0,3

28376233,DEBUG,pause, 0,0,0,0

28388235,DEBUG,pause, 0,0,0,0

28400236,DEBUG,pause, 0,0,0,0

28412237,DEBUG,pause, 0,0,0,0

28424239,DEBUG,pause, 0,0,0,0

28436240,DEBUG,pause, 0,0,0,0

28448241,DEBUG,pause, 0,0,0,0

28460242,DEBUG,pause, 0,0,0,0

28472244,DEBUG,pause, 0,0,0,0

28484245,DEBUG,pause, 0,0,0,0

28496246,DEBUG,pause, 0,0,0,0

28508248,DEBUG,pause, 0,0,0,0

28520249,DEBUG,pause, 0,0,0,0

28532250,DEBUG,pause, 0,0,0,0

28544251,DEBUG,pause, 1,0,0,0

28556253,DEBUG,pause, 0,0,0,0

28568254,DEBUG,pause, 0,0,0,0

28580255,DEBUG,pause, 0,0,0,0

28592257,DEBUG,pause, 0,0,0,0

28604258,DEBUG,pause, 0,0,0,0

28616259,DEBUG,pause, 1,0,0,0

28628260,DEBUG,pause, 0,0,0,0

28640262,DEBUG,pause, 2,0,0,0

28652263,DEBUG,pause, 0,0,0,0

28664264,DEBUG,pause, 0,0,0,0

28676265,DEBUG,pause, 0,0,0,0

28688267,DEBUG,pause, 0,0,0,0

28700268,DEBUG,pause, 0,0,0,0

28712269,DEBUG,pause, 0,0,0,0

28724271,DEBUG,pause, 0,0,0,0

28736272,DEBUG,pause, 0,0,0,0

28748272,DEBUG,pause, 0,0,0,0

28760273,DEBUG,pause, 0,0,0,0

28772275,DEBUG,pause, 0,0,0,0

28784276,DEBUG,pause, 0,0,0,0

28796277,DEBUG,pause, 0,0,0,0

28808279,DEBUG,pause, 0,0,0,0

28820280,DEBUG,pause, 0,0,0,0

28832281,DEBUG,pause, 0,0,0,0

28844282,DEBUG,pause, 0,0,0,0

28856284,DEBUG,pause, 1,0,0,0

28868285,DEBUG,pause, 0,0,0,0

28880286,DEBUG,pause, 0,0,0,0

28892288,DEBUG,pause, 0,0,0,0

28904289,DEBUG,pause, 0,0,0,0

28916290,DEBUG,pause, 0,0,0,0

28928291,DEBUG,pause, 0,0,0,0

28940293,DEBUG,pause, 0,0,0,0

28952294,DEBUG,pause, 0,0,0,0

28964295,DEBUG,pause, 0,0,0,0

