4500,INFO,Watering pot 2

0,INFO,Reset reason: no reason (0)

0,INFO,Watering pot 1

4500,INFO,Watering pot 2

9001,INFO,Watering pot 3

13502,INFO,Watering pot 4

18002,DEBUG,Free memory: 1152

22008,DEBUG,Sensor at pin 0 has 0.31 error

22009,INFO,496, 1

26014,DEBUG,Sensor at pin 1 has 1.34 error

26014,INFO,306, 2

30020,DEBUG,Sensor at pin 2 has 12.24 error

30021,INFO,473, 3

34028,DEBUG,Sensor at pin 3 has 0.51 error

34029,INFO,327, 4

34030,DEBUG,pause, 2,1,1,13

46057,DEBUG,pause, 2,0,0,0

58058,DEBUG,pause, 1,0,0,0

70060,DEBUG,pause, 0,0,0,0

82061,DEBUG,pause, 1,0,0,0

94062,DEBUG,pause, 0,0,0,0

106062,DEBUG,pause, 0,0,0,0

118064,DEBUG,pause, 0,0,0,0

130065,DEBUG,pause, 1,0,0,0

142066,DEBUG,pause, 1,0,0,0

154067,DEBUG,pause, 1,0,0,0

166069,DEBUG,pause, 1,0,0,0

178070,DEBUG,pause, 1,0,0,0

190071,DEBUG,pause, 1,0,0,0

202073,DEBUG,pause, 1,0,0,0

214074,DEBUG,pause, 1,0,0,0

226074,DEBUG,pause, 0,0,0,0

238075,DEBUG,pause, 0,0,0,0

250077,DEBUG,pause, 0,0,0,0

262078,DEBUG,pause, 1,0,0,0

274079,DEBUG,pause, 1,0,0,0

286081,DEBUG,pause, 1,0,0,0

298082,DEBUG,pause, 1,0,0,0

310083,DEBUG,pause, 0,0,0,0

322084,DEBUG,pause, 0,0,0,0

334086,DEBUG,pause, 1,0,0,0

346086,DEBUG,pause, 0,0,0,0

358087,DEBUG,pause, 0,0,0,0

370088,DEBUG,pause, 1,0,0,0

382090,DEBUG,pause, 0,0,0,0

394091,DEBUG,pause, 1,0,0,0

406092,DEBUG,pause, 0,0,0,0

418094,DEBUG,pause, 0,0,0,0

430095,DEBUG,pause, 0,0,0,0

442096,DEBUG,pause, 1,0,0,0

454097,DEBUG,pause, 1,0,0,0

466099,DEBUG,pause, 0,0,0,0

478099,DEBUG,pause, 0,0,0,0

490100,DEBUG,pause, 0,0,0,0

502102,DEBUG,pause, 1,0,0,0

514103,DEBUG,pause, 0,0,0,0

526104,DEBUG,pause, 0,0,0,0

538105,DEBUG,pause, 0,0,0,0

550107,DEBUG,pause, 0,0,0,0

562108,DEBUG,pause, 1,0,0,0

574109,DEBUG,pause, 0,0,0,0

586110,DEBUG,pause, 1,0,0,0

598111,DEBUG,pause, 0,0,0,0

610112,DEBUG,pause, 0,0,0,0

622113,DEBUG,pause, 0,0,0,0

634115,DEBUG,pause, 1,0,0,0

646116,DEBUG,pause, 0,0,0,0

658117,DEBUG,pause, 0,0,0,0

670118,DEBUG,pause, 0,0,0,0

682120,DEBUG,pause, 0,0,0,0

694121,DEBUG,pause, 0,0,0,0

706122,DEBUG,pause, 0,0,0,0

718124,DEBUG,pause, 0,0,0,0

730124,DEBUG,pause, 1,0,0,0

742125,DEBUG,pause, 0,0,0,0

754126,DEBUG,pause, 0,0,0,0

766128,DEBUG,pause, 0,0,0,0

778129,DEBUG,pause, 0,0,0,0

790130,DEBUG,pause, 0,0,0,0

802131,DEBUG,pause, 0,0,0,0

814133,DEBUG,pause, 0,0,0,0

826134,DEBUG,pause, 0,0,0,0

838135,DEBUG,pause, 0,0,0,0

850136,DEBUG,pause, 1,0,0,0

862137,DEBUG,pause, 1,0,0,0

874138,DEBUG,pause, 0,0,0,0

886139,DEBUG,pause, 0,0,0,0

898141,DEBUG,pause, 0,0,0,0

910142,DEBUG,pause, 0,0,0,0

922143,DEBUG,pause, 0,0,0,0

934145,DEBUG,pause, 1,0,0,0

946146,DEBUG,pause, 0,0,0,0

958147,DEBUG,pause, 0,0,0,0

970147,DEBUG,pause, 1,0,0,0

982149,DEBUG,pause, 1,0,0,0

994150,DEBUG,pause, 0,0,0,0

1006151,DEBUG,pause, 0,0,0,0

1018152,DEBUG,pause, 0,0,0,0

1030154,DEBUG,pause, 0,0,0,0

1042155,DEBUG,pause, 0,0,0,0

1054156,DEBUG,pause, 0,0,0,0

1066158,DEBUG,pause, 1,0,0,0

1078159,DEBUG,pause, 0,0,0,0

1090160,DEBUG,pause, 0,0,0,0

1102161,DEBUG,pause, 1,0,0,0

1114163,DEBUG,pause, 1,0,0,0

1126164,DEBUG,pause, 1,0,0,0

1138164,DEBUG,pause, 1,0,0,0

1150166,DEBUG,pause, 1,0,0,0

1162167,DEBUG,pause, 1,0,0,0

1174168,DEBUG,pause, 0,0,0,0

1186169,DEBUG,pause, 0,0,0,0

1198171,DEBUG,pause, 0,0,0,0

1210172,DEBUG,pause, 1,0,0,1

1222173,DEBUG,pause, 0,0,0,0

1234174,DEBUG,Free memory: 1152

1238178,DEBUG,Sensor at pin 0 has 2.06 error

1238179,INFO,497, 1

1242186,DEBUG,Sensor at pin 1 has 1.81 error

1242187,INFO,315, 2

1246193,DEBUG,Sensor at pin 2 has 16.90 error

1246194,INFO,444, 3

1250202,DEBUG,Sensor at pin 3 has 0.46 error

1250203,INFO,331, 4

1250205,DEBUG,pause, 0,0,0,0

1262237,DEBUG,pause, 2,0,0,0

1274238,DEBUG,pause, 0,0,0,0

1286240,DEBUG,pause, 0,0,0,0

1298240,DEBUG,pause, 0,0,0,0

1310241,DEBUG,pause, 0,0,0,0

1322243,DEBUG,pause, 0,0,0,0

1334244,DEBUG,pause, 0,0,0,0

1346245,DEBUG,pause, 0,0,0,0

1358246,DEBUG,pause, 0,0,0,0

1370248,DEBUG,pause, 0,0,0,0

1382249,DEBUG,pause, 0,0,0,0

1394250,DEBUG,pause, 0,0,0,0

1406252,DEBUG,pause, 1,0,0,0

1418253,DEBUG,pause, 0,0,0,0

1430254,DEBUG,pause, 0,0,0,0

1442255,DEBUG,pause, 0,0,0,0

1454257,DEBUG,pause, 0,0,0,0

1466258,DEBUG,pause, 0,0,0,0

1478259,DEBUG,pause, 0,0,0,0

1490259,DEBUG,pause, 0,0,0,0

1502261,DEBUG,pause, 0,0,0,0

1514262,DEBUG,pause, 0,0,0,0

1526263,DEBUG,pause, 0,0,0,0

1538265,DEBUG,pause, 0,0,0,0

1550266,DEBUG,pause, 0,0,0,0

1562267,DEBUG,pause, 0,0,0,0

1574268,DEBUG,pause, 0,0,0,0

1586270,DEBUG,pause, 1,0,0,1

1598271,DEBUG,pause, 1,0,0,1

1610272,DEBUG,pause, 1,0,0,0

1622274,DEBUG,pause, 0,0,0,0

1634275,DEBUG,pause, 1,0,0,0

1646276,DEBUG,pause, 0,0,0,0

1658277,DEBUG,pause, 0,0,0,0

1670278,DEBUG,pause, 0,0,0,0

1682279,DEBUG,pause, 0,0,0,0

1694280,DEBUG,pause, 0,0,0,0

1706281,DEBUG,pause, 0,0,0,0

1718283,DEBUG,pause, 0,0,0,0

1730284,DEBUG,pause, 0,0,0,0

1742285,DEBUG,pause, 1,0,0,0

1754287,DEBUG,pause, 1,0,0,0

1766288,DEBUG,pause, 0,0,0,0

1778289,DEBUG,pause, 0,0,0,0

1790290,DEBUG,pause, 0,0,0,0

1802292,DEBUG,pause, 0,0,0,0

1814293,DEBUG,pause, 0,0,0,0

1826294,DEBUG,pause, 0,0,0,0

1838296,DEBUG,pause, 0,0,0,0

1850297,DEBUG,pause, 0,0,0,0

1862297,DEBUG,pause, 0,0,0,0

1874298,DEBUG,pause, 0,0,0,0

1886300,DEBUG,pause, 0,0,0,0

1898301,DEBUG,pause, 0,0,0,0

1910302,DEBUG,pause, 0,0,0,0

1922304,DEBUG,pause, 0,0,0,0

1934305,DEBUG,pause, 0,0,1,0

1946306,DEBUG,pause, 0,0,0,0

1958307,DEBUG,pause, 0,0,0,0

1970309,DEBUG,pause, 1,0,0,1

1982310,DEBUG,pause, 0,0,0,0

1994311,DEBUG,pause, 0,0,0,0

2006312,DEBUG,pause, 1,0,0,0

2018314,DEBUG,pause, 0,0,0,0

2030315,DEBUG,pause, 0,0,0,0

2042316,DEBUG,pause, 0,0,0,0

2054317,DEBUG,pause, 0,0,0,0

2066318,DEBUG,pause, 0,0,0,0

2078319,DEBUG,pause, 0,0,0,0

2090320,DEBUG,pause, 0,0,0,0

2102322,DEBUG,pause, 0,1,0,0

2114323,DEBUG,pause, 0,1,0,0

2126324,DEBUG,pause, 1,0,0,1

2138326,DEBUG,pause, 0,0,0,0

2150327,DEBUG,pause, 0,0,0,0

2162328,DEBUG,pause, 0,0,0,0

2174329,DEBUG,pause, 0,0,0,0

2186331,DEBUG,pause, 0,0,0,0

2198332,DEBUG,pause, 1,0,0,0

2210333,DEBUG,pause, 0,0,0,0

2222334,DEBUG,pause, 0,0,0,0

2234335,DEBUG,pause, 0,0,0,0

2246336,DEBUG,pause, 0,0,0,0

2258337,DEBUG,pause, 0,0,0,0

2270339,DEBUG,pause, 0,0,0,0

2282340,DEBUG,pause, 0,0,0,0

2294341,DEBUG,pause, 0,0,0,0

2306342,DEBUG,pause, 0,0,0,0

2318344,DEBUG,pause, 0,0,0,0

2330345,DEBUG,pause, 0,0,0,0

2342346,DEBUG,pause, 0,0,0,0

2354348,DEBUG,pause, 0,0,0,0

2366349,DEBUG,pause, 0,0,0,0

2378350,DEBUG,pause, 0,0,0,0

2390351,DEBUG,pause, 0,0,0,0

2402353,DEBUG,pause, 0,0,0,0

2414354,DEBUG,pause, 0,0,0,0

2426354,DEBUG,pause, 1,0,0,0

2438355,DEBUG,pause, 0,0,0,0

2450357,DEBUG,Free memory: 1152

2454361,DEBUG,Sensor at pin 0 has 3.44 error

2454362,INFO,495, 1

2458369,DEBUG,Sensor at pin 1 has 1.48 error

2458369,INFO,317, 2

2462376,DEBUG,Sensor at pin 2 has 0.67 error

2462376,INFO,472, 3

2466384,DEBUG,Sensor at pin 3 has 0.70 error

2466385,INFO,328, 4

2466387,DEBUG,pause, 1,0,2,11

2478419,DEBUG,pause, 1,0,0,0

2490421,DEBUG,pause, 0,0,0,0

2502422,DEBUG,pause, 1,0,0,0

2514423,DEBUG,pause, 0,0,0,0

2526425,DEBUG,pause, 1,0,1,0

2538426,DEBUG,pause, 1,0,0,0

2550427,DEBUG,pause, 1,0,0,0

2562428,DEBUG,pause, 0,0,0,0

2574430,DEBUG,pause, 1,0,0,0

2586431,DEBUG,pause, 0,0,0,0

2598432,DEBUG,pause, 1,0,0,0

2610433,DEBUG,pause, 1,0,0,0

2622434,DEBUG,pause, 1,0,0,0

2634435,DEBUG,pause, 1,0,0,0

2646436,DEBUG,pause, 2,0,0,0

2658438,DEBUG,pause, 0,0,0,0

2670439,DEBUG,pause, 0,0,0,0

2682440,DEBUG,pause, 0,0,0,0

2694441,DEBUG,pause, 1,0,0,0

2706443,DEBUG,pause, 1,0,0,0

2718444,DEBUG,pause, 1,0,0,0

2730445,DEBUG,pause, 1,0,0,0

2742447,DEBUG,pause, 1,0,0,0

2754448,DEBUG,pause, 1,0,0,0

2766449,DEBUG,pause, 1,0,0,0

2778450,DEBUG,pause, 1,0,0,0

2790451,DEBUG,pause, 1,0,0,0

2802452,DEBUG,pause, 1,0,0,0

2814453,DEBUG,pause, 1,0,0,0

2826455,DEBUG,pause, 0,0,0,0

2838456,DEBUG,pause, 1,0,0,0

2850457,DEBUG,pause, 1,0,0,0

2862458,DEBUG,pause, 1,0,0,0

2874460,DEBUG,pause, 0,0,0,0

2886461,DEBUG,pause, 1,0,0,0

2898462,DEBUG,pause, 1,0,0,0

2910464,DEBUG,pause, 0,0,0,0

2922465,DEBUG,pause, 1,0,0,0

2934466,DEBUG,pause, 0,0,0,0

2946467,DEBUG,pause, 0,0,0,0

2958469,DEBUG,pause, 0,0,0,0

2970470,DEBUG,pause, 0,0,0,0

2982470,DEBUG,pause, 1,0,0,0

2994471,DEBUG,pause, 1,0,0,0

3006473,DEBUG,pause, 1,0,0,0

3018474,DEBUG,pause, 1,0,0,0

3030475,DEBUG,pause, 1,0,0,0

3042477,DEBUG,pause, 0,0,0,0

3054478,DEBUG,pause, 0,0,0,0

3066479,DEBUG,pause, 1,0,0,0

3078480,DEBUG,pause, 1,0,0,0

3090482,DEBUG,pause, 0,0,0,0

3102483,DEBUG,pause, 1,0,0,0

3114484,DEBUG,pause, 0,0,0,0

3126486,DEBUG,pause, 1,0,0,0

3138487,DEBUG,pause, 1,0,0,0

3150488,DEBUG,pause, 0,0,0,0

3162488,DEBUG,pause, 1,0,0,0

3174490,DEBUG,pause, 1,0,0,0

3186491,DEBUG,pause, 1,0,0,0

3198492,DEBUG,pause, 0,0,0,0

3210493,DEBUG,pause, 0,0,0,0

3222495,DEBUG,pause, 1,0,0,0

3234496,DEBUG,pause, 1,0,0,0

3246497,DEBUG,pause, 0,0,0,0

3258499,DEBUG,pause, 0,0,0,0

3270500,DEBUG,pause, 1,0,0,0

3282501,DEBUG,pause, 0,0,0,0

3294502,DEBUG,pause, 0,0,0,0

3306504,DEBUG,pause, 0,0,0,0

3318505,DEBUG,pause, 1,0,0,0

3330506,DEBUG,pause, 0,0,0,0

3342508,DEBUG,pause, 1,0,0,0

3354508,DEBUG,pause, 1,0,0,0

3366509,DEBUG,pause, 0,0,0,0

3378510,DEBUG,pause, 0,0,0,0

3390512,DEBUG,pause, 0,0,0,0

3402513,DEBUG,pause, 1,0,0,4

3414514,DEBUG,pause, 0,0,0,0

3426515,DEBUG,pause, 0,0,0,0

3438517,DEBUG,pause, 1,0,0,0

3450518,DEBUG,pause, 0,0,0,0

3462519,DEBUG,pause, 0,0,0,0

3474521,DEBUG,pause, 1,0,0,0

3486522,DEBUG,pause, 1,0,0,0

3498523,DEBUG,pause, 0,0,0,0

3510524,DEBUG,pause, 0,0,0,0

3522526,DEBUG,pause, 0,0,0,0

3534526,DEBUG,pause, 1,0,0,0

3546527,DEBUG,pause, 1,0,0,0

3558529,DEBUG,pause, 1,0,0,0

3570530,DEBUG,pause, 0,0,0,0

3582531,DEBUG,pause, 0,0,0,0

3594532,DEBUG,pause, 0,0,0,0

3606534,DEBUG,pause, 0,0,0,0

3618535,DEBUG,pause, 0,0,0,0

3630536,DEBUG,pause, 0,0,0,0

3642537,DEBUG,pause, 0,0,0,0

3654539,DEBUG,pause, 0,0,0,0

3666539,DEBUG,Free memory: 1152

3670544,DEBUG,Sensor at pin 0 has 4.93 error

3670545,INFO,489, 1

3674552,DEBUG,Sensor at pin 1 has 1.01 error

3674553,INFO,331, 2

3678558,DEBUG,Sensor at pin 2 has 12.74 error

3678559,INFO,476, 3

3682568,DEBUG,Sensor at pin 3 has 0.12 error

3682569,INFO,331, 4

3682571,DEBUG,pause, 0,0,0,0

3694602,DEBUG,pause, 0,0,0,0

3706603,DEBUG,pause, 0,0,0,0

3718604,DEBUG,pause, 0,0,0,0

3730606,DEBUG,pause, 0,0,0,0

3742607,DEBUG,pause, 0,0,0,0

3754608,DEBUG,pause, 0,0,0,0

3766609,DEBUG,pause, 0,0,0,0

3778611,DEBUG,pause, 1,0,0,1

3790611,DEBUG,pause, 0,0,0,0

3802612,DEBUG,pause, 0,0,0,0

3814614,DEBUG,pause, 0,0,0,0

3826615,DEBUG,pause, 0,0,0,0

3838616,DEBUG,pause, 0,0,0,0

3850617,DEBUG,pause, 0,0,0,0

3862619,DEBUG,pause, 0,0,0,0

3874620,DEBUG,pause, 0,0,0,0

3886621,DEBUG,pause, 0,0,0,0

3898622,DEBUG,pause, 0,0,0,0

3910624,DEBUG,pause, 0,0,0,0

3922625,DEBUG,pause, 0,0,0,0

3934626,DEBUG,pause, 0,0,0,0

3946628,DEBUG,pause, 0,0,0,0

3958629,DEBUG,pause, 0,0,0,0

3970629,DEBUG,pause, 0,0,0,0

3982630,DEBUG,pause, 0,0,0,0

3994632,DEBUG,pause, 0,0,0,0

4006633,DEBUG,pause, 1,0,0,0

4018634,DEBUG,pause, 0,0,0,0

4030636,DEBUG,pause, 0,0,0,0

4042637,DEBUG,pause, 0,0,0,0

4054638,DEBUG,pause, 0,0,0,0

4066639,DEBUG,pause, 0,0,0,0

4078641,DEBUG,pause, 0,0,0,0

4090642,DEBUG,pause, 0,0,0,0

4102643,DEBUG,pause, 0,0,0,0

4114644,DEBUG,pause, 0,0,0,0

4126646,DEBUG,pause, 0,0,0,0

4138647,DEBUG,pause, 0,0,0,0

4150648,DEBUG,pause, 0,0,0,0

4162649,DEBUG,pause, 1,0,0,0

4174650,DEBUG,pause, 0,0,0,0

4186651,DEBUG,pause, 0,0,0,0

4198652,DEBUG,pause, 0,0,0,0

4210654,DEBUG,pause, 1,0,0,0

4222655,DEBUG,pause, 1,0,0,0

4234656,DEBUG,pause, 0,0,0,0

4246658,DEBUG,pause, 0,0,0,0

4258659,DEBUG,pause, 0,0,0,0

4270660,DEBUG,pause, 1,0,0,0

4282661,DEBUG,pause, 0,0,0,0

4294663,DEBUG,pause, 0,0,0,0

4306664,DEBUG,pause, 1,0,0,0

4318665,DEBUG,pause, 0,0,0,0

4330667,DEBUG,pause, 0,0,0,0

4342667,DEBUG,pause, 0,0,0,0

4354668,DEBUG,pause, 0,0,0,0

4366669,DEBUG,pause, 1,0,0,0

4378671,DEBUG,pause, 1,0,0,0

4390672,DEBUG,pause, 1,0,0,0

4402673,DEBUG,pause, 1,0,0,0

4414674,DEBUG,pause, 1,0,0,0

4426676,DEBUG,pause, 1,0,0,0

4438677,DEBUG,pause, 1,0,0,0

4450678,DEBUG,pause, 0,0,0,0

4462680,DEBUG,pause, 0,0,0,0

4474681,DEBUG,pause, 0,0,0,0

4486682,DEBUG,pause, 0,0,0,0

4498683,DEBUG,pause, 1,0,0,0

4510685,DEBUG,pause, 0,0,0,0

4522686,DEBUG,pause, 0,0,0,0

4534686,DEBUG,pause, 0,0,0,0

4546688,DEBUG,pause, 0,0,0,0

4558689,DEBUG,pause, 1,0,0,0

4570690,DEBUG,pause, 0,0,0,0

4582691,DEBUG,pause, 0,0,0,0

4594693,DEBUG,pause, 1,0,0,0

4606694,DEBUG,pause, 0,0,0,0

4618695,DEBUG,pause, 0,0,0,0

4630696,DEBUG,pause, 0,0,0,0

4642698,DEBUG,pause, 0,0,0,0

4654699,DEBUG,pause, 0,0,0,0

4666700,DEBUG,pause, 0,0,0,0

4678702,DEBUG,pause, 0,0,0,0

4690703,DEBUG,pause, 1,0,0,0

4702704,DEBUG,pause, 0,0,0,0

4714705,DEBUG,pause, 0,0,0,0

4726706,DEBUG,pause, 1,0,0,0

4738707,DEBUG,pause, 0,0,0,0

4750708,DEBUG,pause, 0,0,0,0

4762710,DEBUG,pause, 0,0,0,0

4774711,DEBUG,pause, 0,0,0,0

4786712,DEBUG,pause, 1,0,0,0

4798713,DEBUG,pause, 1,0,0,0

4810715,DEBUG,pause, 0,0,0,0

4822716,DEBUG,pause, 0,0,0,0

4834717,DEBUG,pause, 1,0,0,0

4846718,DEBUG,pause, 0,0,0,0

4858720,DEBUG,pause, 0,0,0,0

4870721,DEBUG,pause, 0,0,0,0

4882721,DEBUG,Free memory: 1152

4886726,DEBUG,Sensor at pin 0 has 3.03 error

4886727,INFO,497, 1

4890734,DEBUG,Sensor at pin 1 has 2.06 error

4890734,INFO,327, 2

4894741,DEBUG,Sensor at pin 2 has 0.44 error

4894742,INFO,486, 3

4898750,DEBUG,Sensor at pin 3 has 0.66 error

4898751,INFO,328, 4

4898753,DEBUG,pause, 2,0,0,11

4910785,DEBUG,pause, 1,0,0,0

4922786,DEBUG,pause, 1,0,0,0

4934788,DEBUG,pause, 1,0,0,0

4946789,DEBUG,pause, 0,0,0,0

4958790,DEBUG,pause, 0,0,0,0

4970791,DEBUG,pause, 0,0,0,0

4982793,DEBUG,pause, 1,0,0,0

4994794,DEBUG,pause, 1,0,0,0

5006795,DEBUG,pause, 0,0,0,0

5018797,DEBUG,pause, 0,0,0,0

5030797,DEBUG,pause, 1,0,0,0

5042798,DEBUG,pause, 2,0,0,0

5054799,DEBUG,pause, 1,0,0,0

5066801,DEBUG,pause, 1,0,0,0

5078802,DEBUG,pause, 1,0,0,0

5090803,DEBUG,pause, 1,0,0,0

5102804,DEBUG,pause, 1,0,0,0

5114806,DEBUG,pause, 1,0,0,0

5126807,DEBUG,pause, 1,0,0,0

5138808,DEBUG,pause, 1,0,0,0

5150810,DEBUG,pause, 1,0,0,0

5162811,DEBUG,pause, 0,0,0,0

5174812,DEBUG,pause, 0,0,0,0

5186813,DEBUG,pause, 0,0,0,0

5198815,DEBUG,pause, 0,0,0,0

5210816,DEBUG,pause, 1,0,0,0

5222816,DEBUG,pause, 1,0,0,0

5234818,DEBUG,pause, 1,0,0,0

5246819,DEBUG,pause, 1,0,0,0

5258820,DEBUG,pause, 1,0,0,0

5270821,DEBUG,pause, 1,0,0,0

5282823,DEBUG,pause, 0,0,0,0

5294824,DEBUG,pause, 0,0,0,0

5306825,DEBUG,pause, 0,0,0,0

5318827,DEBUG,pause, 1,0,0,0

5330828,DEBUG,pause, 1,0,0,0

5342829,DEBUG,pause, 0,0,0,0

5354830,DEBUG,pause, 0,0,0,0

5366832,DEBUG,pause, 1,0,0,0

5378833,DEBUG,pause, 0,0,0,0

5390834,DEBUG,pause, 1,0,0,0

5402834,DEBUG,pause, 0,0,0,0

5414836,DEBUG,pause, 0,0,0,0

5426837,DEBUG,pause, 0,0,0,0

5438838,DEBUG,pause, 0,0,0,0

5450840,DEBUG,pause, 1,0,0,0

5462841,DEBUG,pause, 0,0,0,0

5474842,DEBUG,pause, 0,0,0,0

5486843,DEBUG,pause, 1,0,0,0

5498845,DEBUG,pause, 1,0,0,0

5510846,DEBUG,pause, 2,0,0,0

5522847,DEBUG,pause, 0,0,0,0

5534849,DEBUG,pause, 0,0,0,0

5546850,DEBUG,pause, 0,0,0,0

5558851,DEBUG,pause, 0,0,0,0

5570852,DEBUG,pause, 0,0,0,0

5582854,DEBUG,pause, 1,0,0,0

5594854,DEBUG,pause, 1,0,0,0

5606855,DEBUG,pause, 1,0,0,0

5618856,DEBUG,pause, 1,0,0,0

5630858,DEBUG,pause, 0,0,0,0

5642859,DEBUG,pause, 0,0,0,0

5654860,DEBUG,pause, 1,0,0,0

5666862,DEBUG,pause, 0,0,0,0

5678863,DEBUG,pause, 0,0,0,0

5690864,DEBUG,pause, 1,0,0,0

5702865,DEBUG,pause, 0,0,0,0

5714867,DEBUG,pause, 2,0,0,0

5726868,DEBUG,pause, 1,0,0,0

5738869,DEBUG,pause, 1,0,0,0

5750871,DEBUG,pause, 1,0,0,0

5762872,DEBUG,pause, 1,0,0,0

5774873,DEBUG,pause, 1,0,0,0

5786873,DEBUG,pause, 0,0,0,0

5798875,DEBUG,pause, 0,0,0,0

5810876,DEBUG,pause, 0,0,0,0

5822877,DEBUG,pause, 1,0,0,0

5834878,DEBUG,pause, 0,0,0,0

5846880,DEBUG,pause, 0,0,0,0

5858881,DEBUG,pause, 0,0,0,0

5870882,DEBUG,pause, 0,0,0,0

5882884,DEBUG,pause, 1,0,0,0

5894885,DEBUG,pause, 1,0,0,1

5906886,DEBUG,pause, 1,0,0,0

5918887,DEBUG,pause, 1,0,0,0

5930889,DEBUG,pause, 0,0,0,0

5942890,DEBUG,pause, 1,0,0,0

5954891,DEBUG,pause, 1,0,0,0

5966892,DEBUG,pause, 1,0,0,0

5978893,DEBUG,pause, 0,0,0,0

5990894,DEBUG,pause, 0,0,0,0

6002895,DEBUG,pause, 1,0,0,0

6014897,DEBUG,pause, 1,0,0,0

6026898,DEBUG,pause, 1,0,0,0

6038899,DEBUG,pause, 0,0,0,0

6050900,DEBUG,pause, 2,0,0,0

6062902,DEBUG,pause, 0,0,0,0

6074903,DEBUG,pause, 0,0,0,0

6086904,DEBUG,pause, 1,0,0,0

6098905,DEBUG,Free memory: 1152

6102909,DEBUG,Sensor at pin 0 has 4.85 error

6102910,INFO,493, 1

6106917,DEBUG,Sensor at pin 1 has 1.09 error

6106918,INFO,344, 2

6110924,DEBUG,Sensor at pin 2 has 11.43 error

6110925,INFO,489, 3

6114934,DEBUG,Sensor at pin 3 has 0.30 error

6114935,INFO,332, 4

6114937,DEBUG,pause, 0,0,0,0

6126968,DEBUG,pause, 0,0,0,0

6138970,DEBUG,pause, 0,0,0,0

6150971,DEBUG,pause, 1,0,0,0

6162972,DEBUG,pause, 0,0,0,0

6174973,DEBUG,pause, 0,0,0,0

6186975,DEBUG,pause, 0,0,0,0

6198976,DEBUG,pause, 0,0,0,0

6210977,DEBUG,pause, 0,0,0,0

6222979,DEBUG,pause, 0,0,0,0

6234980,DEBUG,pause, 0,0,0,0

6246981,DEBUG,pause, 1,0,0,1

6258982,DEBUG,pause, 0,0,0,0

6270984,DEBUG,pause, 0,0,0,0

6282984,DEBUG,pause, 0,0,0,0

6294985,DEBUG,pause, 0,0,0,0

6306987,DEBUG,pause, 0,0,0,0

6318988,DEBUG,pause, 1,0,0,0

6330989,DEBUG,pause, 0,0,0,0

6342990,DEBUG,pause, 0,0,0,0

6354992,DEBUG,pause, 1,0,0,0

6366993,DEBUG,pause, 0,0,0,0

6378994,DEBUG,pause, 0,0,0,0

6390995,DEBUG,pause, 0,0,0,0

6402997,DEBUG,pause, 0,0,0,0

6414998,DEBUG,pause, 0,0,0,0

6426999,DEBUG,pause, 1,0,0,0

6439001,DEBUG,pause, 0,0,0,0

6451002,DEBUG,pause, 0,0,0,0

6463002,DEBUG,pause, 0,0,0,0

6475003,DEBUG,pause, 0,0,0,0

6487005,DEBUG,pause, 0,0,0,0

6499006,DEBUG,pause, 0,0,0,0

6511007,DEBUG,pause, 0,0,0,0

6523009,DEBUG,pause, 0,0,0,0

6535010,DEBUG,pause, 0,0,0,0

6547011,DEBUG,pause, 1,0,0,0

6559012,DEBUG,pause, 1,0,0,0

6571014,DEBUG,pause, 1,0,0,0

6583015,DEBUG,pause, 0,0,0,0

6595016,DEBUG,pause, 1,0,0,0

6607017,DEBUG,pause, 1,0,0,0

6619019,DEBUG,pause, 1,0,0,0

6631020,DEBUG,pause, 0,0,0,0

6643021,DEBUG,pause, 1,0,0,0

6655022,DEBUG,pause, 1,0,0,0

6667023,DEBUG,pause, 0,0,0,0

6679024,DEBUG,pause, 0,0,0,0

6691025,DEBUG,pause, 0,0,0,0

6703027,DEBUG,pause, 0,0,0,0

6715028,DEBUG,pause, 0,0,0,0

6727029,DEBUG,pause, 0,0,0,0

6739031,DEBUG,pause, 0,0,0,0

6751032,DEBUG,pause, 0,0,0,0

6763033,DEBUG,pause, 0,0,0,0

6775034,DEBUG,pause, 0,0,0,0

6787036,DEBUG,pause, 0,0,0,0

6799037,DEBUG,pause, 1,0,0,0

6811038,DEBUG,pause, 1,0,0,0

6823040,DEBUG,pause, 0,0,0,0

6835041,DEBUG,pause, 0,0,0,0

6847041,DEBUG,pause, 0,0,0,0

6859042,DEBUG,pause, 0,0,0,0

6871044,DEBUG,pause, 0,0,0,0

6883045,DEBUG,pause, 0,0,0,0

6895046,DEBUG,pause, 1,0,0,0

6907047,DEBUG,pause, 1,0,0,0

6919049,DEBUG,pause, 1,0,0,0

6931050,DEBUG,pause, 1,0,0,0

6943051,DEBUG,pause, 0,0,0,0

6955053,DEBUG,pause, 0,0,0,0

6967054,DEBUG,pause, 0,0,0,0

6979055,DEBUG,pause, 0,0,0,0

6991056,DEBUG,pause, 0,0,0,0

7003058,DEBUG,pause, 0,0,0,0

7015059,DEBUG,pause, 1,0,0,0

7027059,DEBUG,pause, 0,0,0,0

7039060,DEBUG,pause, 0,0,0,0

7051062,DEBUG,pause, 0,0,0,0

7063063,DEBUG,pause, 0,0,0,0

7075064,DEBUG,pause, 1,0,0,0

7087066,DEBUG,pause, 0,0,0,0

7099067,DEBUG,pause, 1,0,0,0

7111068,DEBUG,pause, 1,0,0,0

7123069,DEBUG,pause, 0,0,0,0

7135071,DEBUG,pause, 0,0,0,0

7147072,DEBUG,pause, 0,0,0,0

7159073,DEBUG,pause, 1,0,0,0

7171075,DEBUG,pause, 1,0,0,0

7183076,DEBUG,pause, 0,0,0,0

7195077,DEBUG,pause, 0,0,0,0

7207078,DEBUG,pause, 0,0,0,0

7219079,DEBUG,pause, 0,0,0,0

7231080,DEBUG,pause, 0,0,0,0

7243081,DEBUG,pause, 0,0,0,0

7255083,DEBUG,pause, 0,0,0,0

7267084,DEBUG,pause, 0,0,0,0

7279085,DEBUG,pause, 0,0,0,0

7291086,DEBUG,pause, 0,0,0,0

7303088,DEBUG,pause, 0,0,0,0

7315089,DEBUG,Free memory: 1152

7319093,DEBUG,Sensor at pin 0 has 2.52 error

7319094,INFO,506, 1

7323100,DEBUG,Sensor at pin 1 has 1.48 error

7323101,INFO,346, 2

7327107,DEBUG,Sensor at pin 2 has 1.30 error

7327108,INFO,504, 3

7331113,DEBUG,Sensor at pin 3 has 0.17 error

7331115,INFO,330, 4

7331117,DEBUG,pause, 3,0,1,12

7343150,DEBUG,pause, 1,0,0,0

7355150,DEBUG,pause, 0,0,0,0

7367151,DEBUG,pause, 1,0,0,0

7379152,DEBUG,pause, 0,0,0,0

7391154,DEBUG,pause, 1,0,0,0

7403155,DEBUG,pause, 1,0,0,0

7415156,DEBUG,pause, 1,0,0,0

7427158,DEBUG,pause, 1,0,0,0

7439159,DEBUG,pause, 0,0,0,0

7451160,DEBUG,pause, 0,0,0,0

7463161,DEBUG,pause, 2,0,0,0

7475163,DEBUG,pause, 1,0,0,0

7487164,DEBUG,pause, 0,0,0,0

7499165,DEBUG,pause, 1,0,0,0

7511166,DEBUG,pause, 1,0,0,0

7523168,DEBUG,pause, 0,0,0,0

7535169,DEBUG,pause, 0,0,0,0

7547169,DEBUG,pause, 1,0,0,0

7559171,DEBUG,pause, 1,0,0,0

7571172,DEBUG,pause, 1,0,0,0

7583173,DEBUG,pause, 0,0,0,0

7595174,DEBUG,pause, 1,0,0,0

7607176,DEBUG,pause, 2,0,0,0

7619177,DEBUG,pause, 1,0,0,0

7631178,DEBUG,pause, 0,0,0,0

7643180,DEBUG,pause, 0,0,0,0

7655181,DEBUG,pause, 1,0,0,0

7667182,DEBUG,pause, 1,0,0,0

7679183,DEBUG,pause, 0,0,0,0

7691185,DEBUG,pause, 0,0,0,0

7703186,DEBUG,pause, 0,0,0,0

7715187,DEBUG,pause, 0,0,0,0

7727187,DEBUG,pause, 0,0,0,0

7739189,DEBUG,pause, 1,0,0,0

7751190,DEBUG,pause, 0,0,0,0

7763191,DEBUG,pause, 0,0,0,0

7775193,DEBUG,pause, 0,0,0,0

7787194,DEBUG,pause, 1,0,0,0

7799195,DEBUG,pause, 0,0,0,0

7811196,DEBUG,pause, 1,0,0,0

7823198,DEBUG,pause, 0,0,0,0

7835199,DEBUG,pause, 1,0,0,0

7847200,DEBUG,pause, 1,0,0,0

7859202,DEBUG,pause, 0,0,0,0

7871203,DEBUG,pause, 0,0,0,0

7883204,DEBUG,pause, 0,0,0,0

7895205,DEBUG,pause, 0,0,0,0

7907207,DEBUG,pause, 1,0,0,0

7919207,DEBUG,pause, 0,0,0,0

7931208,DEBUG,pause, 0,0,0,0

7943209,DEBUG,pause, 1,0,0,0

7955211,DEBUG,pause, 0,0,0,0

7967212,DEBUG,pause, 1,0,0,0

7979213,DEBUG,pause, 1,0,0,0

7991215,DEBUG,pause, 0,0,0,0

8003216,DEBUG,pause, 1,0,0,0

8015217,DEBUG,pause, 0,0,0,0

8027218,DEBUG,pause, 1,0,0,0

8039220,DEBUG,pause, 1,0,0,0

8051221,DEBUG,pause, 0,0,0,0

8063222,DEBUG,pause, 1,0,0,0

8075224,DEBUG,pause, 1,0,0,0

8087225,DEBUG,pause, 0,0,0,0

8099226,DEBUG,pause, 1,0,0,0

8111226,DEBUG,pause, 0,0,0,0

8123228,DEBUG,pause, 2,0,0,0

8135229,DEBUG,pause, 1,0,0,0

8147230,DEBUG,pause, 0,0,0,0

8159232,DEBUG,pause, 2,0,0,0

8171233,DEBUG,pause, 0,1,0,0

8183234,DEBUG,pause, 0,0,0,0

8195235,DEBUG,pause, 1,0,0,1

8207237,DEBUG,pause, 0,0,0,0

8219238,DEBUG,pause, 0,0,0,0

8231239,DEBUG,pause, 1,0,0,0

8243240,DEBUG,pause, 0,0,0,0

8255242,DEBUG,pause, 1,0,0,0

8267243,DEBUG,pause, 1,0,0,0

8279244,DEBUG,pause, 0,0,0,0

8291245,DEBUG,pause, 0,0,0,0

8303246,DEBUG,pause, 0,0,0,0

8315247,DEBUG,pause, 0,0,0,0

8327248,DEBUG,pause, 2,0,0,0

8339250,DEBUG,pause, 1,0,0,0

8351251,DEBUG,pause, 0,0,0,0

8363252,DEBUG,pause, 1,0,0,0

8375254,DEBUG,pause, 1,0,0,0

8387255,DEBUG,pause, 0,0,0,0

8399256,DEBUG,pause, 0,0,0,0

8411257,DEBUG,pause, 1,0,0,0

8423259,DEBUG,pause, 0,0,0,0

8435260,DEBUG,pause, 0,0,0,0

8447261,DEBUG,pause, 0,0,0,0

8459262,DEBUG,pause, 1,0,0,0

8471264,DEBUG,pause, 0,0,0,0

8483264,DEBUG,pause, 1,0,0,0

8495265,DEBUG,pause, 0,0,0,0

8507267,DEBUG,pause, 0,0,0,0

8519268,DEBUG,pause, 1,0,0,0

8531269,DEBUG,Free memory: 1152

8535274,DEBUG,Sensor at pin 0 has 5.30 error

8535275,INFO,495, 1

8539283,DEBUG,Sensor at pin 1 has 1.12 error

8539283,INFO,353, 2

8543289,DEBUG,Sensor at pin 2 has 10.70 error

8543290,INFO,493, 3

8547299,DEBUG,Sensor at pin 3 has 0.28 error

8547300,INFO,333, 4

8547302,DEBUG,pause, 0,0,0,0

8559334,DEBUG,pause, 0,0,0,0

8571334,DEBUG,pause, 0,0,0,0

8583335,DEBUG,pause, 0,0,0,0

8595337,DEBUG,pause, 0,0,0,0

8607338,DEBUG,pause, 0,0,0,0

8619339,DEBUG,pause, 0,0,0,0

8631341,DEBUG,pause, 0,0,0,0

8643342,DEBUG,pause, 0,0,0,0

8655343,DEBUG,pause, 0,0,0,0

8667344,DEBUG,pause, 0,0,0,0

8679346,DEBUG,pause, 0,0,0,0

8691347,DEBUG,pause, 0,0,0,0

8703348,DEBUG,pause, 0,0,0,0

8715350,DEBUG,pause, 1,0,0,0

8727351,DEBUG,pause, 1,0,0,0

8739352,DEBUG,pause, 1,0,0,0

8751353,DEBUG,pause, 1,0,0,0

8763354,DEBUG,pause, 0,0,0,0

8775355,DEBUG,pause, 0,0,0,0

8787356,DEBUG,pause, 1,0,0,0

8799357,DEBUG,pause, 0,0,0,0

8811359,DEBUG,pause, 0,0,0,0

8823360,DEBUG,pause, 0,0,0,0

8835361,DEBUG,pause, 0,0,0,0

8847363,DEBUG,pause, 0,0,0,0

8859364,DEBUG,pause, 0,0,0,0

8871365,DEBUG,pause, 1,0,0,1

8883366,DEBUG,pause, 0,0,0,0

8895368,DEBUG,pause, 1,0,0,0

8907369,DEBUG,pause, 0,0,0,0

8919370,DEBUG,pause, 0,0,0,0

8931372,DEBUG,pause, 0,0,0,0

8943372,DEBUG,pause, 0,0,0,0

8955373,DEBUG,pause, 1,0,0,0

8967374,DEBUG,pause, 1,0,0,0

8979376,DEBUG,pause, 0,0,0,0

8991377,DEBUG,pause, 1,0,0,0

9003378,DEBUG,pause, 0,0,0,0

9015379,DEBUG,pause, 0,0,0,0

9027381,DEBUG,pause, 0,0,0,0

9039382,DEBUG,pause, 0,0,0,0

9051383,DEBUG,pause, 0,0,0,0

9063385,DEBUG,pause, 0,0,0,0

9075386,DEBUG,pause, 0,0,0,0

9087387,DEBUG,pause, 1,0,0,0

9099388,DEBUG,pause, 0,0,0,0

9111390,DEBUG,pause, 1,0,0,0

9123391,DEBUG,pause, 0,0,0,0

9135391,DEBUG,pause, 1,0,0,0

9147393,DEBUG,pause, 1,0,0,0

9159394,DEBUG,pause, 0,0,0,0

9171395,DEBUG,pause, 0,0,0,0

9183396,DEBUG,pause, 1,0,0,0

9195398,DEBUG,pause, 0,0,0,0

9207399,DEBUG,pause, 1,0,0,0

9219400,DEBUG,pause, 0,0,0,0

9231401,DEBUG,pause, 1,0,0,0

9243403,DEBUG,pause, 0,0,0,0

9255404,DEBUG,pause, 0,0,0,0

9267405,DEBUG,pause, 0,0,0,0

9279407,DEBUG,pause, 0,0,0,0

9291408,DEBUG,pause, 1,0,0,0

9303409,DEBUG,pause, 0,0,0,0

9315410,DEBUG,pause, 0,0,0,0

9327411,DEBUG,pause, 1,0,0,0

9339412,DEBUG,pause, 0,0,0,0

9351413,DEBUG,pause, 2,0,0,0

9363415,DEBUG,pause, 0,0,0,0

9375416,DEBUG,pause, 0,0,0,0

9387417,DEBUG,pause, 1,0,0,0

9399418,DEBUG,pause, 0,0,0,0

9411420,DEBUG,pause, 0,0,0,0

9423421,DEBUG,pause, 1,0,0,0

9435422,DEBUG,pause, 0,0,0,0

9447424,DEBUG,pause, 1,0,0,0

9459425,DEBUG,pause, 1,0,0,0

9471426,DEBUG,pause, 1,0,0,0

9483427,DEBUG,pause, 1,0,0,0

9495429,DEBUG,pause, 0,0,0,0

9507429,DEBUG,pause, 1,0,0,0

9519430,DEBUG,pause, 0,0,0,0

9531431,DEBUG,pause, 0,0,0,0

9543433,DEBUG,pause, 1,0,0,0

9555434,DEBUG,pause, 0,0,0,0

9567435,DEBUG,pause, 0,0,0,0

9579437,DEBUG,pause, 1,0,0,0

9591438,DEBUG,pause, 0,0,0,0

9603439,DEBUG,pause, 0,0,0,0

9615440,DEBUG,pause, 0,0,0,0

9627442,DEBUG,pause, 2,0,0,0

9639443,DEBUG,pause, 0,0,0,0

9651444,DEBUG,pause, 0,0,0,0

9663446,DEBUG,pause, 0,0,0,0

9675447,DEBUG,pause, 1,0,0,0

9687448,DEBUG,pause, 1,0,0,0

9699448,DEBUG,pause, 1,0,0,0

9711450,DEBUG,pause, 1,0,0,0

9723451,DEBUG,pause, 0,0,0,0

9735452,DEBUG,pause, 0,0,0,0

9747453,DEBUG,Free memory: 1152

9751458,DEBUG,Sensor at pin 0 has 2.75 error

9751459,INFO,500, 1

9755465,DEBUG,Sensor at pin 1 has 1.38 error

9755465,INFO,351, 2

9759471,DEBUG,Sensor at pin 2 has 1.67 error

9759472,INFO,502, 3

9763479,DEBUG,Sensor at pin 3 has 0.22 error

9763480,INFO,331, 4

9763483,DEBUG,pause, 1,0,2,12

9775515,DEBUG,pause, 1,0,0,0

9787516,DEBUG,pause, 0,0,0,0

9799518,DEBUG,pause, 0,0,0,0

9811519,DEBUG,pause, 0,0,0,0

9823519,DEBUG,pause, 1,0,0,0

9835521,DEBUG,pause, 0,0,0,0

9847522,DEBUG,pause, 1,0,0,0

9859523,DEBUG,pause, 1,0,0,0

9871524,DEBUG,pause, 0,0,0,0

9883526,DEBUG,pause, 1,0,0,0

9895527,DEBUG,pause, 1,0,0,0

9907528,DEBUG,pause, 0,0,0,0

9919529,DEBUG,pause, 1,0,0,0

9931531,DEBUG,pause, 1,0,0,0

9943532,DEBUG,pause, 2,0,0,2

9955533,DEBUG,pause, 1,0,0,0

9967535,DEBUG,pause, 0,0,0,0

9979536,DEBUG,pause, 0,0,0,0

9991537,DEBUG,pause, 1,0,0,0

10003538,DEBUG,pause, 1,0,0,0

10015539,DEBUG,pause, 0,0,0,0

10027540,DEBUG,pause, 2,0,0,0

10039541,DEBUG,pause, 1,0,0,0

10051543,DEBUG,pause, 1,0,0,0

10063544,DEBUG,pause, 0,0,0,0

10075545,DEBUG,pause, 0,0,0,0

10087546,DEBUG,pause, 1,0,0,0

10099548,DEBUG,pause, 0,0,0,0

10111549,DEBUG,pause, 1,0,0,0

10123550,DEBUG,pause, 1,0,0,0

10135552,DEBUG,pause, 1,0,0,0

10147553,DEBUG,pause, 1,0,0,0

10159554,DEBUG,pause, 0,0,0,0

10171555,DEBUG,pause, 0,0,0,0

10183557,DEBUG,pause, 1,0,0,0

10195558,DEBUG,pause, 1,0,0,0

10207559,DEBUG,pause, 0,0,0,0

10219560,DEBUG,pause, 0,0,0,0

10231562,DEBUG,pause, 0,0,0,0

10243563,DEBUG,pause, 0,0,0,0

10255564,DEBUG,pause, 0,0,0,0

10267566,DEBUG,pause, 0,0,0,0

10279567,DEBUG,pause, 1,0,0,0

10291568,DEBUG,pause, 1,0,0,0

10303569,DEBUG,pause, 1,0,0,0

10315571,DEBUG,pause, 1,0,0,0

10327572,DEBUG,pause, 0,0,0,0

10339573,DEBUG,pause, 1,0,0,0

10351575,DEBUG,pause, 1,0,0,0

10363576,DEBUG,pause, 1,0,0,0

10375577,DEBUG,pause, 1,0,0,0

10387577,DEBUG,pause, 2,0,0,0

10399579,DEBUG,pause, 1,0,0,0

10411580,DEBUG,pause, 0,0,0,0

10423581,DEBUG,pause, 0,0,0,0

10435582,DEBUG,pause, 0,0,0,0

10447584,DEBUG,pause, 1,0,0,0

10459585,DEBUG,pause, 1,0,0,0

10471586,DEBUG,pause, 1,0,0,0

10483588,DEBUG,pause, 0,0,0,0

10495589,DEBUG,pause, 1,0,0,0

10507590,DEBUG,pause, 1,0,0,0

10519591,DEBUG,pause, 0,0,0,0

10531593,DEBUG,pause, 0,0,0,0

10543594,DEBUG,pause, 0,0,0,0

10555595,DEBUG,pause, 1,0,0,0

10567597,DEBUG,pause, 1,0,0,0

10579598,DEBUG,pause, 1,0,0,0

10591599,DEBUG,pause, 1,0,0,0

10603600,DEBUG,pause, 1,0,0,0

10615602,DEBUG,pause, 0,0,0,0

10627603,DEBUG,pause, 1,0,0,0

10639604,DEBUG,pause, 1,0,0,0

10651606,DEBUG,pause, 1,0,0,0

10663607,DEBUG,pause, 1,0,0,0

10675608,DEBUG,pause, 0,0,0,0

10687609,DEBUG,pause, 0,0,0,0

10699611,DEBUG,pause, 0,0,0,0

10711612,DEBUG,pause, 0,0,0,0

10723613,DEBUG,pause, 0,0,0,0

10735614,DEBUG,pause, 1,0,0,0

10747615,DEBUG,pause, 0,0,0,0

10759616,DEBUG,pause, 0,0,0,0

10771617,DEBUG,pause, 0,0,0,0

10783619,DEBUG,pause, 1,0,0,0

10795620,DEBUG,pause, 1,0,0,0

10807621,DEBUG,pause, 1,0,0,0

10819622,DEBUG,pause, 1,0,0,0

10831624,DEBUG,pause, 0,0,0,0

10843625,DEBUG,pause, 0,0,0,0

10855626,DEBUG,pause, 1,0,0,0

10867628,DEBUG,pause, 0,0,0,0

10879629,DEBUG,pause, 1,0,0,0

10891630,DEBUG,pause, 1,0,0,0

10903631,DEBUG,pause, 0,0,0,0

10915633,DEBUG,pause, 0,0,0,0

10927634,DEBUG,pause, 1,0,0,0

10939635,DEBUG,pause, 1,0,0,0

10951636,DEBUG,pause, 0,0,0,0

10963637,DEBUG,Free memory: 1152

10967642,DEBUG,Sensor at pin 0 has 5.40 error

10967643,INFO,488, 1

10971652,DEBUG,Sensor at pin 1 has 1.04 error

10971653,INFO,355, 2

10975661,DEBUG,Sensor at pin 2 has 10.87 error

10975662,INFO,490, 3

10979672,DEBUG,Sensor at pin 3 has 0.42 error

10979673,INFO,334, 4

10979678,DEBUG,pause, 0,0,0,0

10991710,DEBUG,pause, 0,0,0,0

11003711,DEBUG,pause, 0,0,0,0

11015712,DEBUG,pause, 0,0,0,0

11027714,DEBUG,pause, 0,0,0,0

11039715,DEBUG,pause, 0,0,0,0

11051716,DEBUG,pause, 1,0,0,0

11063717,DEBUG,pause, 1,0,0,0

11075719,DEBUG,pause, 0,0,0,0

11087720,DEBUG,pause, 0,0,0,0

11099721,DEBUG,pause, 0,0,0,0

11111723,DEBUG,pause, 0,0,0,0

11123723,DEBUG,pause, 0,0,0,0

11135724,DEBUG,pause, 0,0,0,0

11147725,DEBUG,pause, 0,0,0,0

11159727,DEBUG,pause, 0,0,0,0

11171728,DEBUG,pause, 0,0,0,0

11183729,DEBUG,pause, 0,0,0,0

11195730,DEBUG,pause, 0,0,0,0

11207732,DEBUG,pause, 0,0,0,0

11219733,DEBUG,pause, 1,0,0,0

11231734,DEBUG,pause, 1,0,0,0

11243736,DEBUG,pause, 1,0,0,0

11255737,DEBUG,pause, 0,0,0,0

11267738,DEBUG,pause, 0,0,0,0

11279739,DEBUG,pause, 0,0,0,0

11291741,DEBUG,pause, 0,0,0,0

11303742,DEBUG,pause, 0,0,0,0

11315743,DEBUG,pause, 1,0,0,0

11327745,DEBUG,pause, 1,0,0,0

11339746,DEBUG,pause, 0,0,0,0

11351747,DEBUG,pause, 0,0,0,0

11363748,DEBUG,pause, 0,0,0,0

11375750,DEBUG,pause, 0,0,0,0

11387751,DEBUG,pause, 0,0,0,0

11399752,DEBUG,pause, 1,0,0,0

11411753,DEBUG,pause, 0,0,0,0

11423755,DEBUG,pause, 0,0,0,0

11435756,DEBUG,pause, 1,0,0,0

11447757,DEBUG,pause, 0,0,0,0

11459759,DEBUG,pause, 0,0,0,0

11471760,DEBUG,pause, 1,0,0,0

11483761,DEBUG,pause, 0,0,0,0

11495761,DEBUG,pause, 1,0,0,0

11507763,DEBUG,pause, 0,0,0,0

11519764,DEBUG,pause, 0,0,0,0

11531765,DEBUG,pause, 1,0,0,0

11543767,DEBUG,pause, 0,0,0,0

11555768,DEBUG,pause, 0,0,0,0

11567769,DEBUG,pause, 1,0,0,0

11579770,DEBUG,pause, 0,0,0,0

11591772,DEBUG,pause, 0,0,0,0

11603773,DEBUG,pause, 1,0,0,0

11615774,DEBUG,pause, 1,0,0,0

11627776,DEBUG,pause, 0,0,0,0

11639777,DEBUG,pause, 0,0,0,0

11651778,DEBUG,pause, 0,0,0,0

11663779,DEBUG,pause, 1,0,0,0

11675781,DEBUG,pause, 1,0,0,0

11687782,DEBUG,pause, 0,0,0,0

11699783,DEBUG,pause, 0,0,0,0

11711784,DEBUG,pause, 1,0,0,0

11723786,DEBUG,pause, 0,0,0,0

11735787,DEBUG,pause, 1,0,0,0

11747788,DEBUG,pause, 0,0,0,0

11759790,DEBUG,pause, 0,0,0,0

11771791,DEBUG,pause, 0,0,0,0

11783792,DEBUG,pause, 1,0,0,0

11795793,DEBUG,pause, 1,0,0,0

11807795,DEBUG,pause, 1,0,0,0

11819796,DEBUG,pause, 0,0,0,0

11831797,DEBUG,pause, 1,0,0,0

11843799,DEBUG,pause, 1,0,0,0

11855800,DEBUG,pause, 0,0,0,0

11867800,DEBUG,pause, 1,0,0,0

11879801,DEBUG,pause, 0,0,0,0

11891803,DEBUG,pause, 0,0,0,0

11903804,DEBUG,pause, 1,0,0,0

11915805,DEBUG,pause, 1,0,0,0

11927806,DEBUG,pause, 0,0,0,0

11939808,DEBUG,pause, 0,0,0,0

11951809,DEBUG,pause, 0,0,0,0

11963810,DEBUG,pause, 0,0,0,0

11975812,DEBUG,pause, 0,0,0,0

11987813,DEBUG,pause, 1,0,0,0

11999814,DEBUG,pause, 1,0,0,0

12011815,DEBUG,pause, 0,0,0,0

12023817,DEBUG,pause, 1,0,0,0

12035818,DEBUG,pause, 0,0,0,0

12047819,DEBUG,pause, 0,0,0,0

12059821,DEBUG,pause, 1,0,0,0

12071822,DEBUG,pause, 0,0,0,0

12083823,DEBUG,pause, 1,0,0,0

12095824,DEBUG,pause, 0,0,0,0

12107826,DEBUG,pause, 0,0,0,0

12119827,DEBUG,pause, 1,0,0,0

12131828,DEBUG,pause, 0,0,0,0

12143830,DEBUG,pause, 0,0,0,0

12155831,DEBUG,pause, 0,0,0,0

12167832,DEBUG,pause, 0,0,0,0

12179832,DEBUG,Free memory: 1152

12183837,DEBUG,Sensor at pin 0 has 2.94 error

12183838,INFO,493, 1

12187846,DEBUG,Sensor at pin 1 has 1.62 error

12187846,INFO,351, 2

12191854,DEBUG,Sensor at pin 2 has 1.61 error

12191855,INFO,501, 3

12195863,DEBUG,Sensor at pin 3 has 0.33 error

12195864,INFO,333, 4

12195868,DEBUG,pause, 1,1,1,12

12207901,DEBUG,pause, 1,0,1,1

12219902,DEBUG,pause, 0,0,0,0

12231904,DEBUG,pause, 0,0,0,0

12243905,DEBUG,pause, 0,0,0,0

12255906,DEBUG,pause, 1,0,0,0

12267908,DEBUG,pause, 2,0,0,0

12279909,DEBUG,pause, 1,0,0,0

12291910,DEBUG,pause, 1,0,0,0

12303911,DEBUG,pause, 1,0,0,0

12315913,DEBUG,pause, 0,0,0,0

12327914,DEBUG,pause, 0,0,0,0

12339915,DEBUG,pause, 1,0,0,1

12351917,DEBUG,pause, 0,0,0,0

12363918,DEBUG,pause, 0,0,0,0

12375919,DEBUG,pause, 2,0,0,0

12387920,DEBUG,pause, 1,0,0,0

12399922,DEBUG,pause, 1,0,0,0

12411923,DEBUG,pause, 0,0,0,0

12423924,DEBUG,pause, 0,0,0,0

12435926,DEBUG,pause, 0,0,0,0

12447927,DEBUG,pause, 1,0,0,0

12459928,DEBUG,pause, 0,0,0,0

12471929,DEBUG,pause, 2,0,0,0

12483931,DEBUG,pause, 1,0,0,0

12495932,DEBUG,pause, 1,0,0,0

12507933,DEBUG,pause, 0,0,0,0

12519934,DEBUG,pause, 1,0,0,0

12531936,DEBUG,pause, 1,0,0,0

12543937,DEBUG,pause, 1,0,0,0

12555938,DEBUG,pause, 1,0,0,0

12567939,DEBUG,pause, 0,0,0,0

12579940,DEBUG,pause, 1,0,0,0

12591941,DEBUG,pause, 0,0,0,0

12603942,DEBUG,pause, 1,0,0,0

12615944,DEBUG,pause, 1,0,0,0

12627945,DEBUG,pause, 0,0,0,0

12639946,DEBUG,pause, 1,0,0,0

12651948,DEBUG,pause, 0,0,0,0

12663949,DEBUG,pause, 0,0,0,0

12675950,DEBUG,pause, 2,0,1,0

12687951,DEBUG,pause, 0,0,0,0

12699953,DEBUG,pause, 1,0,0,0

12711954,DEBUG,pause, 0,0,0,0

12723955,DEBUG,pause, 2,0,1,1

12735956,DEBUG,pause, 1,0,0,0

12747958,DEBUG,pause, 0,0,0,0

12759959,DEBUG,pause, 0,0,0,0

12771960,DEBUG,pause, 0,0,0,0

12783962,DEBUG,pause, 0,0,0,0

12795963,DEBUG,pause, 2,0,1,0

12807964,DEBUG,pause, 1,0,0,0

12819965,DEBUG,pause, 0,0,0,0

12831967,DEBUG,pause, 0,0,0,0

12843968,DEBUG,pause, 0,0,0,0

12855969,DEBUG,pause, 0,0,0,0

12867971,DEBUG,pause, 1,0,0,0

12879972,DEBUG,pause, 1,0,2,1

12891973,DEBUG,pause, 1,0,0,0

12903974,DEBUG,pause, 1,0,0,0

12915976,DEBUG,pause, 1,0,0,0

12927977,DEBUG,pause, 0,0,0,0

12939977,DEBUG,pause, 0,0,0,0

12951979,DEBUG,pause, 0,0,0,0

12963980,DEBUG,pause, 0,0,0,0

12975981,DEBUG,pause, 0,0,0,0

12987982,DEBUG,pause, 0,0,0,0

12999984,DEBUG,pause, 0,0,0,0

13011985,DEBUG,pause, 0,0,0,0

13023986,DEBUG,pause, 0,0,0,0

13035987,DEBUG,pause, 1,0,0,0

13047989,DEBUG,pause, 0,0,0,0

13059990,DEBUG,pause, 1,0,0,0

13071991,DEBUG,pause, 0,0,0,0

13083993,DEBUG,pause, 0,0,0,0

13095994,DEBUG,pause, 0,0,0,0

13107995,DEBUG,pause, 1,0,0,0

13119996,DEBUG,pause, 0,0,0,0

13131998,DEBUG,pause, 1,0,0,0

13143999,DEBUG,pause, 1,0,0,0

13156000,DEBUG,pause, 1,0,0,0

13168002,DEBUG,pause, 1,0,0,0

13180003,DEBUG,pause, 1,0,0,0

13192004,DEBUG,pause, 0,0,0,0

13204005,DEBUG,pause, 0,0,0,0

13216007,DEBUG,pause, 0,0,0,0

13228008,DEBUG,pause, 1,0,0,0

13240009,DEBUG,pause, 0,0,0,0

13252011,DEBUG,pause, 1,0,0,0

13264012,DEBUG,pause, 1,0,0,0

13276013,DEBUG,pause, 0,0,0,0

13288014,DEBUG,pause, 0,0,0,0

13300016,DEBUG,pause, 0,0,0,0

13312016,DEBUG,pause, 0,0,0,0

13324017,DEBUG,pause, 1,0,0,0

13336018,DEBUG,pause, 1,0,0,0

13348020,DEBUG,pause, 0,0,0,0

13360021,DEBUG,pause, 0,0,0,0

13372022,DEBUG,pause, 1,0,0,0

13384024,DEBUG,pause, 1,0,0,0

13396025,DEBUG,Free memory: 1152

13400030,DEBUG,Sensor at pin 0 has 5.66 error

13400031,INFO,488, 1

13404041,DEBUG,Sensor at pin 1 has 1.06 error

13404042,INFO,356, 2

13408050,DEBUG,Sensor at pin 2 has 11.23 error

13408050,INFO,493, 3

13412061,DEBUG,Sensor at pin 3 has 0.25 error

13412062,INFO,336, 4

13412066,DEBUG,pause, 0,0,0,0

13424098,DEBUG,pause, 0,0,0,0

13436099,DEBUG,pause, 0,0,0,0

13448100,DEBUG,pause, 0,0,0,0

13460102,DEBUG,pause, 0,0,0,0

13472103,DEBUG,pause, 0,0,0,0

13484104,DEBUG,pause, 0,0,0,0

13496105,DEBUG,pause, 0,0,0,0

13508107,DEBUG,pause, 0,0,0,0

13520108,DEBUG,pause, 0,0,0,0

13532109,DEBUG,pause, 0,0,0,0

13544111,DEBUG,pause, 0,0,0,0

13556112,DEBUG,pause, 0,0,0,0

13568113,DEBUG,pause, 0,0,0,0

13580114,DEBUG,pause, 1,0,0,0

13592116,DEBUG,pause, 0,0,0,0

13604117,DEBUG,pause, 0,0,0,0

13616118,DEBUG,pause, 1,0,0,0

13628120,DEBUG,pause, 0,0,0,0

13640121,DEBUG,pause, 0,0,0,0

13652122,DEBUG,pause, 1,0,0,0

13664123,DEBUG,pause, 0,0,0,0

13676125,DEBUG,pause, 0,0,0,0

13688126,DEBUG,pause, 0,0,0,0

13700127,DEBUG,pause, 1,0,0,0

13712128,DEBUG,pause, 1,0,0,0

13724129,DEBUG,pause, 1,0,0,0

13736130,DEBUG,pause, 1,0,0,0

13748131,DEBUG,pause, 0,0,0,0

13760133,DEBUG,pause, 0,0,0,0

13772134,DEBUG,pause, 0,0,0,0

13784135,DEBUG,pause, 0,0,0,0

13796136,DEBUG,pause, 0,0,0,0

13808138,DEBUG,pause, 0,0,0,0

13820139,DEBUG,pause, 0,0,0,0

13832140,DEBUG,pause, 1,0,0,0

13844142,DEBUG,pause, 0,0,0,0

13856143,DEBUG,pause, 0,0,0,0

13868144,DEBUG,pause, 1,0,0,0

13880145,DEBUG,pause, 1,0,0,0

13892147,DEBUG,pause, 1,0,0,0

13904148,DEBUG,pause, 1,0,0,0

13916149,DEBUG,pause, 1,0,0,0

13928151,DEBUG,pause, 0,0,0,0

13940152,DEBUG,pause, 1,0,0,0

13952153,DEBUG,pause, 0,0,0,0

13964154,DEBUG,pause, 0,0,0,0

13976156,DEBUG,pause, 0,0,0,0

13988157,DEBUG,pause, 0,0,0,0

14000158,DEBUG,pause, 1,0,0,0

14012160,DEBUG,pause, 0,0,0,0

14024161,DEBUG,pause, 1,0,0,0

14036162,DEBUG,pause, 0,0,0,0

14048163,DEBUG,pause, 0,0,0,0

14060165,DEBUG,pause, 0,0,0,0

14072166,DEBUG,pause, 0,0,0,0

14084166,DEBUG,pause, 0,0,0,0

14096167,DEBUG,pause, 1,0,0,0

14108169,DEBUG,pause, 1,0,0,0

14120170,DEBUG,pause, 1,0,0,0

14132171,DEBUG,pause, 1,0,0,0

14144173,DEBUG,pause, 1,0,0,0

14156174,DEBUG,pause, 1,0,0,0

14168175,DEBUG,pause, 0,0,0,0

14180176,DEBUG,pause, 1,0,0,0

14192178,DEBUG,pause, 0,0,0,0

14204179,DEBUG,pause, 1,0,0,0

14216180,DEBUG,pause, 0,0,0,0

14228182,DEBUG,pause, 0,0,0,0

14240183,DEBUG,pause, 0,0,0,0

14252184,DEBUG,pause, 1,0,0,0

14264185,DEBUG,pause, 0,0,0,0

14276187,DEBUG,pause, 0,0,0,0

14288188,DEBUG,pause, 1,0,0,0

14300189,DEBUG,pause, 1,0,0,0

14312190,DEBUG,pause, 1,0,0,0

14324192,DEBUG,pause, 0,0,0,0

14336193,DEBUG,pause, 0,0,0,0

14348194,DEBUG,pause, 0,0,0,0

14360196,DEBUG,pause, 0,0,0,0

14372197,DEBUG,pause, 1,0,0,0

14384198,DEBUG,pause, 2,0,0,0

14396199,DEBUG,pause, 0,0,0,0

14408201,DEBUG,pause, 0,0,0,0

14420202,DEBUG,pause, 0,0,0,0

14432203,DEBUG,pause, 1,0,0,0

14444205,DEBUG,pause, 1,0,0,0

14456205,DEBUG,pause, 1,0,1,0

14468206,DEBUG,pause, 0,0,0,0

14480207,DEBUG,pause, 0,0,0,0

14492209,DEBUG,pause, 0,0,0,0

14504210,DEBUG,pause, 0,0,0,0

14516211,DEBUG,pause, 0,0,0,0

14528212,DEBUG,pause, 1,0,0,0

14540214,DEBUG,pause, 1,0,0,0

14552215,DEBUG,pause, 0,0,0,0

14564216,DEBUG,pause, 0,0,0,0

14576218,DEBUG,pause, 0,0,0,0

14588219,DEBUG,pause, 1,0,0,0

14600220,DEBUG,pause, 1,0,0,0

14612221,DEBUG,Free memory: 1152

14616225,DEBUG,Sensor at pin 0 has 3.10 error

14616226,INFO,492, 1

14620234,DEBUG,Sensor at pin 1 has 1.71 error

14620235,INFO,348, 2

14624243,DEBUG,Sensor at pin 2 has 1.21 error

14624244,INFO,503, 3

14628253,DEBUG,Sensor at pin 3 has 0.31 error

14628254,INFO,334, 4

14628258,DEBUG,pause, 2,1,1,12

14640291,DEBUG,pause, 0,0,0,0

14652293,DEBUG,pause, 0,0,0,0

14664294,DEBUG,pause, 1,0,0,0

14676295,DEBUG,pause, 1,0,0,0

14688296,DEBUG,pause, 2,0,0,0

14700298,DEBUG,pause, 1,0,0,0

14712299,DEBUG,pause, 1,0,0,0

14724300,DEBUG,pause, 1,0,0,0

14736302,DEBUG,pause, 1,0,0,0

14748303,DEBUG,pause, 1,0,0,0

14760304,DEBUG,pause, 1,0,0,0

14772305,DEBUG,pause, 0,0,0,0

14784307,DEBUG,pause, 0,0,0,0

14796308,DEBUG,pause, 0,0,0,0

14808309,DEBUG,pause, 1,0,0,0

14820311,DEBUG,pause, 1,0,0,0

14832312,DEBUG,pause, 2,0,0,0

14844313,DEBUG,pause, 1,0,0,0

14856314,DEBUG,pause, 0,0,0,0

14868315,DEBUG,pause, 1,0,0,0

14880316,DEBUG,pause, 1,0,0,0

14892317,DEBUG,pause, 0,0,0,0

14904318,DEBUG,pause, 1,0,0,0

14916320,DEBUG,pause, 1,0,0,0

14928321,DEBUG,pause, 0,0,0,0

14940322,DEBUG,pause, 1,0,0,0

14952324,DEBUG,pause, 1,0,0,0

14964325,DEBUG,pause, 0,0,0,0

14976326,DEBUG,pause, 1,0,0,0

14988327,DEBUG,pause, 1,0,0,0

15000329,DEBUG,pause, 1,0,0,0

15012330,DEBUG,pause, 1,0,0,0

15024331,DEBUG,pause, 0,0,0,0

15036333,DEBUG,pause, 0,0,0,0

15048334,DEBUG,pause, 1,0,0,0

15060335,DEBUG,pause, 1,0,0,0

15072336,DEBUG,pause, 1,0,0,0

15084338,DEBUG,pause, 1,0,0,0

15096339,DEBUG,pause, 0,0,0,0

15108340,DEBUG,pause, 1,0,0,0

15120342,DEBUG,pause, 0,0,0,0

15132343,DEBUG,pause, 0,0,0,0

15144344,DEBUG,pause, 1,0,0,0

15156345,DEBUG,pause, 1,0,0,0

15168347,DEBUG,pause, 0,0,0,0

15180348,DEBUG,pause, 0,0,0,0

15192349,DEBUG,pause, 1,0,0,0

15204350,DEBUG,pause, 0,0,0,0

15216352,DEBUG,pause, 0,0,0,0

15228353,DEBUG,pause, 1,0,0,0

15240353,DEBUG,pause, 0,0,0,0

15252355,DEBUG,pause, 1,0,0,0

15264356,DEBUG,pause, 0,0,0,0

15276357,DEBUG,pause, 0,0,0,0

15288358,DEBUG,pause, 0,0,0,0

15300360,DEBUG,pause, 1,0,0,0

15312361,DEBUG,pause, 0,0,0,0

15324362,DEBUG,pause, 1,0,0,0

15336364,DEBUG,pause, 1,0,0,0

15348365,DEBUG,pause, 0,0,0,0

15360366,DEBUG,pause, 0,0,0,0

15372367,DEBUG,pause, 1,0,0,0

15384369,DEBUG,pause, 1,0,0,0

15396370,DEBUG,pause, 1,0,0,0

15408371,DEBUG,pause, 1,0,0,0

15420372,DEBUG,pause, 1,0,0,0

15432374,DEBUG,pause, 1,0,0,0

15444375,DEBUG,pause, 0,0,0,0

15456376,DEBUG,pause, 0,0,0,0

15468378,DEBUG,pause, 0,0,0,0

15480379,DEBUG,pause, 1,0,0,0

15492380,DEBUG,pause, 1,0,0,0

15504381,DEBUG,pause, 0,0,0,0

15516383,DEBUG,pause, 1,0,0,0

15528384,DEBUG,pause, 0,0,0,0

15540385,DEBUG,pause, 0,0,0,0

15552387,DEBUG,pause, 1,0,0,0

15564388,DEBUG,pause, 1,0,0,0

15576389,DEBUG,pause, 1,0,0,0

15588390,DEBUG,pause, 1,0,0,0

15600392,DEBUG,pause, 0,0,0,0

15612392,DEBUG,pause, 1,0,0,0

15624393,DEBUG,pause, 0,0,0,0

15636395,DEBUG,pause, 0,0,0,0

15648396,DEBUG,pause, 0,0,0,0

15660397,DEBUG,pause, 0,0,0,0

15672398,DEBUG,pause, 1,0,0,0

15684400,DEBUG,pause, 0,0,0,0

15696401,DEBUG,pause, 1,0,0,0

15708402,DEBUG,pause, 0,0,0,0

15720403,DEBUG,pause, 0,0,0,0

15732405,DEBUG,pause, 0,0,0,0

15744406,DEBUG,pause, 1,0,0,0

15756407,DEBUG,pause, 1,0,0,0

15768409,DEBUG,pause, 1,0,0,0

15780410,DEBUG,pause, 0,0,0,0

15792411,DEBUG,pause, 0,0,0,0

15804412,DEBUG,pause, 0,0,0,0

15816414,DEBUG,pause, 0,0,0,0

15828414,DEBUG,Free memory: 1152

15832419,DEBUG,Sensor at pin 0 has 5.62 error

15832420,INFO,483, 1

15836429,DEBUG,Sensor at pin 1 has 1.27 error

15836430,INFO,351, 2

15840438,DEBUG,Sensor at pin 2 has 11.15 error

15840439,INFO,491, 3

15844450,DEBUG,Sensor at pin 3 has 0.52 error

15844451,INFO,338, 4

15844455,DEBUG,pause, 0,0,0,0

15856487,DEBUG,pause, 0,0,0,0

15868488,DEBUG,pause, 0,0,0,0

15880489,DEBUG,pause, 0,0,0,0

15892491,DEBUG,pause, 1,0,0,0

15904492,DEBUG,pause, 0,0,0,0

15916493,DEBUG,pause, 0,0,0,0

15928495,DEBUG,pause, 0,0,0,0

15940496,DEBUG,pause, 0,0,0,0

15952497,DEBUG,pause, 0,0,0,0

15964498,DEBUG,pause, 0,0,0,0

15976500,DEBUG,pause, 0,0,0,0

15988501,DEBUG,pause, 0,0,0,0

16000502,DEBUG,pause, 0,0,0,0

16012504,DEBUG,pause, 0,0,0,0

16024505,DEBUG,pause, 0,0,0,0

16036506,DEBUG,pause, 1,0,0,0

16048507,DEBUG,pause, 0,0,0,0

16060508,DEBUG,pause, 0,0,0,0

16072509,DEBUG,pause, 1,0,0,0

16084510,DEBUG,pause, 0,0,0,0

16096512,DEBUG,pause, 0,0,0,0

16108513,DEBUG,pause, 1,0,0,0

16120514,DEBUG,pause, 1,0,0,0

16132515,DEBUG,pause, 0,0,0,0

16144517,DEBUG,pause, 0,0,0,0

16156518,DEBUG,pause, 0,0,0,0

16168519,DEBUG,pause, 0,0,0,0

16180520,DEBUG,pause, 0,0,0,0

16192522,DEBUG,pause, 0,0,0,0

16204523,DEBUG,pause, 1,0,0,0

16216524,DEBUG,pause, 1,0,0,1

16228526,DEBUG,pause, 0,0,0,0

16240527,DEBUG,pause, 0,0,0,0

16252528,DEBUG,pause, 0,0,0,0

16264529,DEBUG,pause, 1,0,0,0

16276531,DEBUG,pause, 1,0,0,0

16288532,DEBUG,pause, 1,0,0,0

16300533,DEBUG,pause, 0,0,0,0

16312535,DEBUG,pause, 0,0,0,0

16324536,DEBUG,pause, 0,0,0,0

16336537,DEBUG,pause, 0,0,0,0

16348538,DEBUG,pause, 1,0,0,0

16360540,DEBUG,pause, 0,0,0,0

16372541,DEBUG,pause, 0,0,0,0

16384542,DEBUG,pause, 0,0,0,0

16396544,DEBUG,pause, 0,0,0,0

16408545,DEBUG,pause, 1,0,0,0

16420546,DEBUG,pause, 0,0,0,0

16432546,DEBUG,pause, 0,0,0,0

16444548,DEBUG,pause, 1,0,0,0

16456549,DEBUG,pause, 1,0,0,0

16468550,DEBUG,pause, 0,0,0,0

16480551,DEBUG,pause, 1,0,0,0

16492553,DEBUG,pause, 0,0,0,0

16504554,DEBUG,pause, 0,0,0,0

16516555,DEBUG,pause, 0,0,0,0

16528557,DEBUG,pause, 1,0,0,0

16540558,DEBUG,pause, 1,0,0,0

16552559,DEBUG,pause, 0,0,0,0

16564560,DEBUG,pause, 1,0,0,0

16576562,DEBUG,pause, 0,0,0,0

16588563,DEBUG,pause, 0,0,0,0

16600564,DEBUG,pause, 0,0,0,0

16612566,DEBUG,pause, 1,0,0,0

16624567,DEBUG,pause, 1,0,0,0

16636568,DEBUG,pause, 0,0,0,0

16648569,DEBUG,pause, 0,0,0,0

16660571,DEBUG,pause, 0,0,0,0

16672572,DEBUG,pause, 0,0,0,0

16684573,DEBUG,pause, 1,0,0,0

16696574,DEBUG,pause, 0,0,0,0

16708576,DEBUG,pause, 0,0,0,0

16720577,DEBUG,pause, 0,0,0,0

16732578,DEBUG,pause, 1,0,0,0

16744580,DEBUG,pause, 0,0,0,0

16756581,DEBUG,pause, 0,0,0,0

16768582,DEBUG,pause, 1,0,0,0

16780583,DEBUG,pause, 0,0,0,0

16792584,DEBUG,pause, 0,0,0,0

16804585,DEBUG,pause, 1,0,0,0

16816586,DEBUG,pause, 0,0,0,0

16828588,DEBUG,pause, 0,0,0,0

16840589,DEBUG,pause, 0,0,0,0

16852590,DEBUG,pause, 0,0,0,0

16864591,DEBUG,pause, 0,0,0,0

16876593,DEBUG,pause, 0,0,0,0

16888594,DEBUG,pause, 0,0,0,0

16900595,DEBUG,pause, 0,0,0,0

16912596,DEBUG,pause, 0,0,0,0

16924598,DEBUG,pause, 0,0,0,0

16936599,DEBUG,pause, 1,0,0,0

16948600,DEBUG,pause, 0,0,0,0

16960602,DEBUG,pause, 1,0,0,0

16972603,DEBUG,pause, 0,0,0,0

16984604,DEBUG,pause, 0,0,0,0

16996605,DEBUG,pause, 0,0,0,0

17008607,DEBUG,pause, 1,0,0,0

17020608,DEBUG,pause, 0,0,0,0

17032609,DEBUG,pause, 0,0,0,0

17044610,DEBUG,Free memory: 1152

17048614,DEBUG,Sensor at pin 0 has 3.43 error

17048615,INFO,486, 1

17052623,DEBUG,Sensor at pin 1 has 1.61 error

17052624,INFO,343, 2

17056632,DEBUG,Sensor at pin 2 has 0.64 error

17056633,INFO,499, 3

17060642,DEBUG,Sensor at pin 3 has 0.13 error

17060643,INFO,336, 4

17060648,DEBUG,pause, 2,1,2,14

17072681,DEBUG,pause, 1,0,0,0

17084683,DEBUG,pause, 0,0,0,0

17096684,DEBUG,pause, 1,0,0,0

17108685,DEBUG,pause, 1,0,0,0

17120687,DEBUG,pause, 1,0,0,0

17132688,DEBUG,pause, 0,0,0,0

17144689,DEBUG,pause, 0,0,0,0

17156690,DEBUG,pause, 1,0,0,0

17168692,DEBUG,pause, 0,0,0,0

17180693,DEBUG,pause, 1,0,0,0

17192693,DEBUG,pause, 0,0,0,0

17204695,DEBUG,pause, 1,0,0,0

17216696,DEBUG,pause, 0,0,0,0

17228697,DEBUG,pause, 1,0,0,0

17240698,DEBUG,pause, 1,0,0,0

17252700,DEBUG,pause, 1,0,0,0

17264701,DEBUG,pause, 0,0,0,0

17276702,DEBUG,pause, 1,0,0,0

17288704,DEBUG,pause, 0,0,0,0

17300705,DEBUG,pause, 0,0,0,0

17312706,DEBUG,pause, 1,0,0,0

17324707,DEBUG,pause, 0,0,0,0

17336709,DEBUG,pause, 1,0,0,0

17348710,DEBUG,pause, 0,0,0,0

17360711,DEBUG,pause, 0,0,0,0

17372712,DEBUG,pause, 1,0,0,0

17384714,DEBUG,pause, 1,0,0,0

17396715,DEBUG,pause, 1,0,0,0

17408716,DEBUG,pause, 1,0,0,0

17420718,DEBUG,pause, 0,0,0,0

17432719,DEBUG,pause, 0,0,0,0

17444720,DEBUG,pause, 1,0,0,0

17456721,DEBUG,pause, 0,0,0,0

17468723,DEBUG,pause, 1,0,0,0

17480724,DEBUG,pause, 0,0,0,0

17492725,DEBUG,pause, 0,0,0,0

17504727,DEBUG,pause, 1,0,0,0

17516728,DEBUG,pause, 1,0,0,0

17528729,DEBUG,pause, 1,0,0,0

17540730,DEBUG,pause, 1,0,0,0

17552732,DEBUG,pause, 1,0,0,0

17564732,DEBUG,pause, 0,0,0,0

17576733,DEBUG,pause, 0,0,0,0

17588734,DEBUG,pause, 0,0,0,0

17600736,DEBUG,pause, 0,0,0,0

17612737,DEBUG,pause, 0,0,0,0

17624738,DEBUG,pause, 0,0,0,0

17636740,DEBUG,pause, 0,0,0,0

17648741,DEBUG,pause, 0,0,0,0

17660742,DEBUG,pause, 0,0,0,0

17672743,DEBUG,pause, 0,0,0,0

17684745,DEBUG,pause, 1,0,0,0

17696746,DEBUG,pause, 0,0,0,0

17708747,DEBUG,pause, 1,0,0,0

17720749,DEBUG,pause, 1,0,0,0

17732750,DEBUG,pause, 0,0,0,0

17744751,DEBUG,pause, 0,0,0,0

17756752,DEBUG,pause, 0,0,0,0

17768754,DEBUG,pause, 0,0,0,0

17780755,DEBUG,pause, 0,0,0,0

17792756,DEBUG,pause, 1,0,0,0

17804758,DEBUG,pause, 1,0,0,1

17816759,DEBUG,pause, 1,0,0,0

17828760,DEBUG,pause, 1,0,0,0

17840761,DEBUG,pause, 1,0,0,0

17852763,DEBUG,pause, 1,0,0,0

17864764,DEBUG,pause, 0,0,0,0

17876765,DEBUG,pause, 1,0,0,0

17888766,DEBUG,pause, 0,0,0,0

17900768,DEBUG,pause, 0,0,0,0

17912769,DEBUG,pause, 1,0,0,0

17924769,DEBUG,pause, 0,0,0,0

17936771,DEBUG,pause, 0,0,0,0

17948772,DEBUG,pause, 1,0,0,0

17960773,DEBUG,pause, 1,0,0,0

17972774,DEBUG,pause, 0,0,0,0

17984776,DEBUG,pause, 0,0,0,0

17996777,DEBUG,pause, 1,0,0,0

18008778,DEBUG,pause, 0,0,0,0

18020780,DEBUG,pause, 0,0,0,0

18032781,DEBUG,pause, 0,0,0,0

18044782,DEBUG,pause, 1,0,0,0

18056783,DEBUG,pause, 1,0,0,0

18068785,DEBUG,pause, 0,0,0,0

18080786,DEBUG,pause, 0,0,0,0

18092787,DEBUG,pause, 0,0,0,0

18104788,DEBUG,pause, 0,0,0,0

18116790,DEBUG,pause, 0,0,0,0

18128791,DEBUG,pause, 0,0,0,0

18140792,DEBUG,pause, 0,0,0,0

18152794,DEBUG,pause, 0,0,0,0

18164795,DEBUG,pause, 1,0,0,0

18176796,DEBUG,pause, 0,0,0,0

18188797,DEBUG,pause, 0,0,0,0

18200799,DEBUG,pause, 0,0,0,0

18212800,DEBUG,pause, 1,0,0,0

18224801,DEBUG,pause, 1,0,0,0

18236803,DEBUG,pause, 0,0,0,0

18248804,DEBUG,pause, 1,2,0,0

18260804,DEBUG,Free memory: 1152

18264809,DEBUG,Sensor at pin 0 has 5.69 error

18264810,INFO,478, 1

18268819,DEBUG,Sensor at pin 1 has 1.24 error

18268820,INFO,349, 2

18272828,DEBUG,Sensor at pin 2 has 11.17 error

18272829,INFO,489, 3

18276839,DEBUG,Sensor at pin 3 has 0.66 error

18276840,INFO,338, 4

18276845,DEBUG,pause, 0,0,0,0

18288877,DEBUG,pause, 0,0,0,0

18300878,DEBUG,pause, 0,0,0,0

18312880,DEBUG,pause, 0,0,0,0

18324881,DEBUG,pause, 0,0,0,0

18336882,DEBUG,pause, 0,0,0,0

18348883,DEBUG,pause, 0,0,0,0

18360885,DEBUG,pause, 0,0,0,0

18372886,DEBUG,pause, 0,0,0,0

18384887,DEBUG,pause, 0,0,0,0

18396889,DEBUG,pause, 1,0,0,0

18408890,DEBUG,pause, 0,0,0,0

18420890,DEBUG,pause, 0,0,0,0

18432891,DEBUG,pause, 0,0,0,0

18444893,DEBUG,pause, 0,0,0,0

18456894,DEBUG,pause, 0,0,0,0

18468895,DEBUG,pause, 1,0,0,0

18480897,DEBUG,pause, 0,0,0,0

18492898,DEBUG,pause, 0,0,0,0

18504899,DEBUG,pause, 0,0,0,0

18516900,DEBUG,pause, 1,0,0,0

18528902,DEBUG,pause, 0,0,0,0

18540903,DEBUG,pause, 0,0,0,0

18552904,DEBUG,pause, 1,0,0,0

18564905,DEBUG,pause, 1,0,0,0

18576907,DEBUG,pause, 0,0,0,0

18588908,DEBUG,pause, 0,0,0,0

18600909,DEBUG,pause, 0,0,0,0

18612911,DEBUG,pause, 0,0,0,0

18624912,DEBUG,pause, 0,0,0,0

18636913,DEBUG,pause, 1,0,0,2

18648914,DEBUG,pause, 0,0,0,0

18660916,DEBUG,pause, 0,0,0,0

18672917,DEBUG,pause, 0,0,0,0

18684918,DEBUG,pause, 1,0,0,0

18696920,DEBUG,pause, 0,0,0,0

18708921,DEBUG,pause, 0,0,0,0

18720922,DEBUG,pause, 0,0,0,0

18732923,DEBUG,pause, 0,0,0,0

18744925,DEBUG,pause, 1,0,0,1

18756926,DEBUG,pause, 1,0,0,0

18768927,DEBUG,pause, 0,0,0,0

18780929,DEBUG,pause, 0,0,0,0

18792929,DEBUG,pause, 0,0,0,0

18804930,DEBUG,pause, 1,0,0,0

18816931,DEBUG,pause, 0,0,0,0

18828933,DEBUG,pause, 1,0,0,0

18840934,DEBUG,pause, 0,0,0,0

18852935,DEBUG,pause, 0,0,0,0

18864936,DEBUG,pause, 0,0,0,0

18876938,DEBUG,pause, 0,0,0,0

18888939,DEBUG,pause, 1,0,0,0

18900940,DEBUG,pause, 0,0,0,0

18912942,DEBUG,pause, 0,0,0,0

18924943,DEBUG,pause, 1,0,0,0

18936944,DEBUG,pause, 1,0,0,0

18948945,DEBUG,pause, 0,0,0,0

18960947,DEBUG,pause, 0,0,0,0

18972948,DEBUG,pause, 0,0,0,0

18984949,DEBUG,pause, 0,0,0,0

18996951,DEBUG,pause, 0,0,0,0

19008952,DEBUG,pause, 0,0,0,0

19020953,DEBUG,pause, 1,0,0,0

19032954,DEBUG,pause, 0,0,0,0

19044956,DEBUG,pause, 0,0,0,0

19056957,DEBUG,pause, 1,0,0,0

19068958,DEBUG,pause, 0,0,0,0

19080960,DEBUG,pause, 1,0,0,0

19092961,DEBUG,pause, 0,0,0,0

19104962,DEBUG,pause, 1,0,0,0

19116963,DEBUG,pause, 0,0,0,0

19128965,DEBUG,pause, 0,0,0,0

19140966,DEBUG,pause, 0,0,0,0

19152967,DEBUG,pause, 0,0,0,0

19164967,DEBUG,pause, 0,0,0,0

19176969,DEBUG,pause, 0,0,0,0

19188970,DEBUG,pause, 0,0,0,0

19200971,DEBUG,pause, 0,0,0,0

19212973,DEBUG,pause, 1,0,0,0

19224974,DEBUG,pause, 0,0,0,0

19236975,DEBUG,pause, 0,0,0,0

19248976,DEBUG,pause, 0,0,0,0

19260978,DEBUG,pause, 1,0,0,0

19272979,DEBUG,pause, 1,0,0,0

19284980,DEBUG,pause, 0,0,0,0

19296982,DEBUG,pause, 0,0,0,0

19308983,DEBUG,pause, 1,0,0,0

19320984,DEBUG,pause, 0,0,0,0

19332985,DEBUG,pause, 0,0,0,0

19344987,DEBUG,pause, 0,0,0,0

19356988,DEBUG,pause, 0,0,0,0

19368989,DEBUG,pause, 0,0,0,0

19380990,DEBUG,pause, 1,0,0,0

19392992,DEBUG,pause, 0,0,0,0

19404993,DEBUG,pause, 0,0,0,0

19416994,DEBUG,pause, 0,0,0,0

19428996,DEBUG,pause, 0,0,0,0

19440997,DEBUG,pause, 1,0,0,0

19452998,DEBUG,pause, 0,0,0,0

19464999,DEBUG,pause, 0,0,0,0

19477000,DEBUG,Free memory: 1152

19481005,DEBUG,Sensor at pin 0 has 3.35 error

19481006,INFO,483, 1

19485014,DEBUG,Sensor at pin 1 has 1.60 error

19485015,INFO,342, 2

19489022,DEBUG,Sensor at pin 2 has 0.68 error

19489024,INFO,495, 3

19493031,DEBUG,Sensor at pin 3 has 0.11 error

19493032,INFO,338, 4

19493037,DEBUG,pause, 2,0,1,13

19505070,DEBUG,pause, 1,0,0,0

19517071,DEBUG,pause, 0,0,0,0

19529072,DEBUG,pause, 1,0,0,0

19541073,DEBUG,pause, 0,0,0,0

19553075,DEBUG,pause, 0,0,0,0

19565076,DEBUG,pause, 0,0,0,0

19577077,DEBUG,pause, 1,0,0,0

19589079,DEBUG,pause, 1,0,0,0

19601080,DEBUG,pause, 1,0,0,0

19613081,DEBUG,pause, 0,0,0,0

19625082,DEBUG,pause, 0,0,0,0

19637084,DEBUG,pause, 1,0,0,0

19649085,DEBUG,pause, 0,0,0,0

19661086,DEBUG,pause, 0,0,0,0

19673088,DEBUG,pause, 0,0,0,0

19685089,DEBUG,pause, 1,0,0,0

19697090,DEBUG,pause, 0,0,0,0

19709091,DEBUG,pause, 0,0,0,0

19721093,DEBUG,pause, 1,0,0,0

19733094,DEBUG,pause, 1,0,0,0

19745095,DEBUG,pause, 0,0,0,0

19757096,DEBUG,pause, 0,0,0,0

19769097,DEBUG,pause, 0,0,0,0

19781098,DEBUG,pause, 1,0,0,0

19793099,DEBUG,pause, 1,0,0,0

19805101,DEBUG,pause, 0,0,0,0

19817102,DEBUG,pause, 0,0,0,0

19829103,DEBUG,pause, 1,0,0,0

19841104,DEBUG,pause, 0,0,0,0

19853106,DEBUG,pause, 0,0,0,0

19865107,DEBUG,pause, 1,0,0,0

19877108,DEBUG,pause, 0,0,0,0

19889110,DEBUG,pause, 0,0,0,0

19901111,DEBUG,pause, 0,0,0,0

19913112,DEBUG,pause, 0,0,0,0

19925113,DEBUG,pause, 0,0,0,0

19937115,DEBUG,pause, 1,0,0,0

19949116,DEBUG,pause, 1,0,0,0

19961117,DEBUG,pause, 0,0,0,0

19973118,DEBUG,pause, 1,0,0,0

19985120,DEBUG,pause, 0,0,0,0

19997121,DEBUG,pause, 0,0,0,0

20009122,DEBUG,pause, 0,0,0,0

20021124,DEBUG,pause, 0,0,0,0

20033125,DEBUG,pause, 1,0,0,0

20045126,DEBUG,pause, 0,0,0,0

20057127,DEBUG,pause, 0,0,0,0

20069129,DEBUG,pause, 0,0,0,0

20081130,DEBUG,pause, 0,0,0,0

20093131,DEBUG,pause, 0,0,0,0

20105133,DEBUG,pause, 0,0,0,0

20117134,DEBUG,pause, 0,0,0,0

20129134,DEBUG,pause, 0,0,0,0

20141135,DEBUG,pause, 1,0,0,0

20153137,DEBUG,pause, 0,0,0,0

20165138,DEBUG,pause, 0,0,0,0

20177139,DEBUG,pause, 0,0,0,0

20189140,DEBUG,pause, 1,0,0,0

20201142,DEBUG,pause, 0,0,0,0

20213143,DEBUG,pause, 0,0,0,0

20225144,DEBUG,pause, 0,0,0,0

20237146,DEBUG,pause, 1,0,0,0

20249147,DEBUG,pause, 0,0,0,0

20261148,DEBUG,pause, 0,0,0,0

20273149,DEBUG,pause, 1,0,0,0

20285151,DEBUG,pause, 1,0,0,0

20297152,DEBUG,pause, 0,0,0,0

20309153,DEBUG,pause, 0,0,0,0

20321155,DEBUG,pause, 1,0,0,0

20333156,DEBUG,pause, 0,0,0,0

20345157,DEBUG,pause, 0,0,0,0

20357158,DEBUG,pause, 0,0,0,0

20369160,DEBUG,pause, 1,0,0,0

20381161,DEBUG,pause, 1,0,0,0

20393162,DEBUG,pause, 0,0,0,0

20405164,DEBUG,pause, 0,0,0,0

20417165,DEBUG,pause, 0,0,0,0

20429166,DEBUG,pause, 0,0,0,0

20441167,DEBUG,pause, 0,0,0,0

20453169,DEBUG,pause, 0,0,0,0

20465170,DEBUG,pause, 0,0,0,0

20477171,DEBUG,pause, 0,0,0,0

20489171,DEBUG,pause, 0,0,0,0

20501173,DEBUG,pause, 0,0,0,0

20513174,DEBUG,pause, 0,0,0,0

20525175,DEBUG,pause, 1,0,0,0

20537177,DEBUG,pause, 0,0,0,0

20549178,DEBUG,pause, 1,0,0,0

20561179,DEBUG,pause, 0,0,0,0

20573180,DEBUG,pause, 0,0,0,0

20585182,DEBUG,pause, 0,0,0,0

20597183,DEBUG,pause, 0,0,0,0

20609184,DEBUG,pause, 0,0,0,0

20621186,DEBUG,pause, 0,0,0,0

20633187,DEBUG,pause, 1,0,0,0

20645188,DEBUG,pause, 0,0,0,0

20657189,DEBUG,pause, 0,0,0,0

20669191,DEBUG,pause, 0,0,0,0

20681192,DEBUG,pause, 0,0,0,0

20693193,DEBUG,Free memory: 1152

20697198,DEBUG,Sensor at pin 0 has 5.32 error

20697198,INFO,477, 1

20701208,DEBUG,Sensor at pin 1 has 1.20 error

20701209,INFO,347, 2

20705217,DEBUG,Sensor at pin 2 has 11.23 error

20705218,INFO,486, 3

20709228,DEBUG,Sensor at pin 3 has 0.60 error

20709229,INFO,339, 4

20709233,DEBUG,pause, 0,0,0,0

20721266,DEBUG,pause, 0,0,0,0

20733266,DEBUG,pause, 0,0,0,0

20745268,DEBUG,pause, 0,0,0,0

20757269,DEBUG,pause, 0,0,0,0

20769270,DEBUG,pause, 0,0,0,0

20781272,DEBUG,pause, 0,0,0,0

20793273,DEBUG,pause, 0,0,0,0

20805274,DEBUG,pause, 0,0,0,0

20817275,DEBUG,pause, 0,0,0,0

20829277,DEBUG,pause, 0,0,0,0

20841278,DEBUG,pause, 0,0,0,0

20853279,DEBUG,pause, 0,0,0,0

20865281,DEBUG,pause, 0,0,0,0

20877282,DEBUG,pause, 0,0,0,0

20889283,DEBUG,pause, 0,0,0,0

20901284,DEBUG,pause, 0,0,0,0

20913286,DEBUG,pause, 0,0,0,0

20925287,DEBUG,pause, 1,0,0,0

20937288,DEBUG,pause, 1,0,0,0

20949289,DEBUG,pause, 0,0,0,0

20961291,DEBUG,pause, 0,0,0,0

20973292,DEBUG,pause, 1,0,0,0

20985293,DEBUG,pause, 0,0,0,0

20997295,DEBUG,pause, 0,0,0,0

21009296,DEBUG,pause, 0,0,0,0

21021297,DEBUG,pause, 0,0,0,0

21033298,DEBUG,pause, 0,0,0,0

21045300,DEBUG,pause, 0,0,0,0

21057301,DEBUG,pause, 1,0,0,0

21069302,DEBUG,pause, 0,0,0,0

21081304,DEBUG,pause, 0,0,0,0

21093305,DEBUG,pause, 0,0,0,0

21105305,DEBUG,pause, 0,0,0,0

21117306,DEBUG,pause, 0,0,0,0

21129308,DEBUG,pause, 0,0,0,0

21141309,DEBUG,pause, 1,0,0,0

21153310,DEBUG,pause, 1,0,0,0

21165312,DEBUG,pause, 0,0,0,0

21177313,DEBUG,pause, 0,0,0,0

21189314,DEBUG,pause, 0,0,0,0

21201315,DEBUG,pause, 0,0,0,0

21213317,DEBUG,pause, 0,0,0,0

21225318,DEBUG,pause, 1,0,0,0

21237319,DEBUG,pause, 0,0,0,0

21249320,DEBUG,pause, 0,0,0,0

21261322,DEBUG,pause, 0,0,0,0

21273323,DEBUG,pause, 0,0,0,0

21285324,DEBUG,pause, 1,0,0,0

21297326,DEBUG,pause, 0,0,0,0

21309327,DEBUG,pause, 0,0,0,0

21321328,DEBUG,pause, 1,0,0,0

21333329,DEBUG,pause, 0,0,0,0

21345331,DEBUG,pause, 0,0,0,0

21357332,DEBUG,pause, 0,0,0,0

21369333,DEBUG,pause, 1,0,0,0

21381335,DEBUG,pause, 0,0,0,0

21393336,DEBUG,pause, 0,0,0,0

21405337,DEBUG,pause, 0,0,0,0

21417338,DEBUG,pause, 0,0,0,0

21429340,DEBUG,pause, 1,0,0,0

21441341,DEBUG,pause, 0,0,0,0

21453342,DEBUG,pause, 0,0,0,0

21465344,DEBUG,pause, 0,0,0,0

21477344,DEBUG,pause, 0,0,0,0

21489345,DEBUG,pause, 1,0,0,0

21501346,DEBUG,pause, 0,0,0,0

21513348,DEBUG,pause, 0,0,0,0

21525349,DEBUG,pause, 0,0,0,0

21537350,DEBUG,pause, 0,0,0,0

21549351,DEBUG,pause, 0,0,0,0

21561353,DEBUG,pause, 0,0,0,0

21573354,DEBUG,pause, 0,0,0,0

21585355,DEBUG,pause, 0,0,0,0

21597357,DEBUG,pause, 0,0,0,0

21609358,DEBUG,pause, 0,0,0,0

21621359,DEBUG,pause, 1,0,0,0

21633360,DEBUG,pause, 0,0,0,0

21645362,DEBUG,pause, 1,0,0,0

21657363,DEBUG,pause, 0,0,0,0

21669364,DEBUG,pause, 1,0,0,0

21681366,DEBUG,pause, 0,0,0,0

21693367,DEBUG,pause, 0,0,0,0

21705368,DEBUG,pause, 0,0,0,0

21717369,DEBUG,pause, 0,0,0,0

21729371,DEBUG,pause, 1,0,0,0

21741372,DEBUG,pause, 0,0,0,0

21753373,DEBUG,pause, 0,0,0,0

21765374,DEBUG,pause, 0,0,0,0

21777376,DEBUG,pause, 0,0,0,0

21789377,DEBUG,pause, 0,0,0,0

21801378,DEBUG,pause, 0,0,0,0

21813380,DEBUG,pause, 0,0,0,0

21825381,DEBUG,pause, 0,0,0,0

21837381,DEBUG,pause, 1,0,0,0

21849382,DEBUG,pause, 1,0,0,0

21861384,DEBUG,pause, 0,0,0,0

21873385,DEBUG,pause, 0,0,0,0

21885386,DEBUG,pause, 0,0,0,0

21897388,DEBUG,pause, 0,0,0,0

21909389,DEBUG,Free memory: 1152

21913393,DEBUG,Sensor at pin 0 has 3.10 error

21913394,INFO,485, 1

21917402,DEBUG,Sensor at pin 1 has 1.41 error

21917403,INFO,344, 2

21921411,DEBUG,Sensor at pin 2 has 0.24 error

21921412,INFO,494, 3

21925420,DEBUG,Sensor at pin 3 has 0.24 error

21925421,INFO,339, 4

21925425,DEBUG,pause, 1,1,1,13

21937458,DEBUG,pause, 1,0,0,0

21949459,DEBUG,pause, 0,0,0,0

21961460,DEBUG,pause, 0,0,0,0

21973462,DEBUG,pause, 0,0,0,0

21985463,DEBUG,pause, 0,0,0,0

21997464,DEBUG,pause, 0,0,0,0

22009465,DEBUG,pause, 1,0,0,0

22021467,DEBUG,pause, 0,0,0,0

22033468,DEBUG,pause, 0,0,0,0

22045469,DEBUG,pause, 1,0,0,0

22057470,DEBUG,pause, 0,0,0,0

22069472,DEBUG,pause, 0,0,0,0

22081473,DEBUG,pause, 0,0,0,0

22093474,DEBUG,pause, 1,0,0,0

22105476,DEBUG,pause, 0,0,0,0

22117477,DEBUG,pause, 0,0,0,0

22129478,DEBUG,pause, 1,0,0,0

22141479,DEBUG,pause, 0,0,0,0

22153481,DEBUG,pause, 0,0,0,0

22165482,DEBUG,pause, 1,0,0,0

22177482,DEBUG,pause, 0,0,0,0

22189484,DEBUG,pause, 0,0,0,0

22201485,DEBUG,pause, 1,0,0,0

22213486,DEBUG,pause, 1,0,0,0

22225487,DEBUG,pause, 1,0,0,0

22237489,DEBUG,pause, 0,0,0,0

22249490,DEBUG,pause, 1,0,0,0

22261491,DEBUG,pause, 0,0,0,0

22273492,DEBUG,pause, 1,0,0,0

22285494,DEBUG,pause, 1,0,0,0

22297495,DEBUG,pause, 0,0,0,0

22309496,DEBUG,pause, 0,0,0,0

22321498,DEBUG,pause, 1,0,0,0

22333499,DEBUG,pause, 0,0,0,0

22345500,DEBUG,pause, 0,0,0,0

22357501,DEBUG,pause, 0,0,0,0

22369503,DEBUG,pause, 0,0,0,0

22381504,DEBUG,pause, 0,0,0,0

22393505,DEBUG,pause, 0,0,0,0

22405507,DEBUG,pause, 0,0,0,0

22417508,DEBUG,pause, 0,0,0,0

22429509,DEBUG,pause, 0,0,0,0

22441510,DEBUG,pause, 0,0,0,0

22453512,DEBUG,pause, 1,0,0,0

22465513,DEBUG,pause, 0,0,0,0

22477514,DEBUG,pause, 0,0,0,0

22489516,DEBUG,pause, 1,0,0,0

22501517,DEBUG,pause, 0,0,0,0

22513518,DEBUG,pause, 0,0,0,0

22525519,DEBUG,pause, 1,0,0,0

22537521,DEBUG,pause, 0,0,0,0

22549521,DEBUG,pause, 0,0,0,0

22561522,DEBUG,pause, 0,1,0,0

22573523,DEBUG,pause, 1,0,0,0

22585525,DEBUG,pause, 0,0,0,0

22597526,DEBUG,pause, 0,0,0,0

22609527,DEBUG,pause, 1,0,0,0

22621529,DEBUG,pause, 0,0,0,0

22633530,DEBUG,pause, 0,0,0,0

22645531,DEBUG,pause, 0,0,0,0

22657532,DEBUG,pause, 1,0,0,0

22669534,DEBUG,pause, 1,0,0,0

22681535,DEBUG,pause, 0,0,0,0

22693536,DEBUG,pause, 0,0,0,0

22705538,DEBUG,pause, 0,0,0,0

22717539,DEBUG,pause, 0,0,0,0

22729540,DEBUG,pause, 0,0,0,0

22741541,DEBUG,pause, 0,0,0,0

22753543,DEBUG,pause, 0,0,0,0

22765544,DEBUG,pause, 0,0,0,0

22777545,DEBUG,pause, 0,0,0,0

22789547,DEBUG,pause, 0,0,0,0

22801548,DEBUG,pause, 0,0,0,0

22813549,DEBUG,pause, 0,0,0,0

22825550,DEBUG,pause, 0,0,0,0

22837552,DEBUG,pause, 0,0,0,0

22849553,DEBUG,pause, 1,0,0,0

22861554,DEBUG,pause, 0,0,0,0

22873555,DEBUG,pause, 1,0,0,0

22885557,DEBUG,pause, 0,0,0,0

22897558,DEBUG,pause, 0,0,0,0

22909559,DEBUG,pause, 0,0,0,0

22921560,DEBUG,pause, 0,0,0,0

22933561,DEBUG,pause, 0,0,0,0

22945562,DEBUG,pause, 0,0,0,0

22957563,DEBUG,pause, 0,0,0,0

22969565,DEBUG,pause, 0,0,0,0

22981566,DEBUG,pause, 0,0,0,0

22993567,DEBUG,pause, 0,0,0,0

23005569,DEBUG,pause, 0,0,0,0

23017570,DEBUG,pause, 1,0,0,0

23029571,DEBUG,pause, 0,0,0,0

23041572,DEBUG,pause, 0,0,0,0

23053574,DEBUG,pause, 0,0,0,0

23065575,DEBUG,pause, 0,0,0,0

23077576,DEBUG,pause, 1,0,0,0

23089577,DEBUG,pause, 0,0,0,0

23101579,DEBUG,pause, 0,0,0,0

23113580,DEBUG,pause, 0,0,0,0

23125581,DEBUG,Free memory: 1152

23129585,DEBUG,Sensor at pin 0 has 5.28 error

23129586,INFO,478, 1

23133596,DEBUG,Sensor at pin 1 has 0.93 error

23133596,INFO,350, 2

23137604,DEBUG,Sensor at pin 2 has 11.55 error

23137605,INFO,485, 3

23141615,DEBUG,Sensor at pin 3 has 0.53 error

23141616,INFO,340, 4

23141621,DEBUG,pause, 0,0,0,0

23153653,DEBUG,pause, 0,0,0,0

23165655,DEBUG,pause, 0,0,0,0

23177656,DEBUG,pause, 0,0,0,0

23189657,DEBUG,pause, 0,0,0,0

23201658,DEBUG,pause, 0,0,0,0

23213660,DEBUG,pause, 0,0,0,0

23225661,DEBUG,pause, 0,0,0,0

23237662,DEBUG,pause, 0,0,0,0

23249664,DEBUG,pause, 0,0,0,0

23261665,DEBUG,pause, 0,0,0,0

23273666,DEBUG,pause, 0,0,0,0

23285666,DEBUG,pause, 0,0,0,0

23297668,DEBUG,pause, 0,0,0,0

23309669,DEBUG,pause, 0,0,0,0

23321670,DEBUG,pause, 0,0,0,0

23333671,DEBUG,pause, 0,0,0,0

23345673,DEBUG,pause, 0,0,0,2

23357674,DEBUG,pause, 0,0,0,0

23369675,DEBUG,pause, 0,0,0,0

23381677,DEBUG,pause, 0,0,0,0

23393678,DEBUG,pause, 0,0,0,0

23405679,DEBUG,pause, 0,0,0,0

23417680,DEBUG,pause, 1,0,0,0

23429682,DEBUG,pause, 0,0,0,0

23441683,DEBUG,pause, 1,0,0,0

23453684,DEBUG,pause, 0,0,0,0

23465686,DEBUG,pause, 0,0,0,0

23477687,DEBUG,pause, 0,0,0,0

23489688,DEBUG,pause, 0,0,0,0

23501689,DEBUG,pause, 0,0,0,0

23513691,DEBUG,pause, 0,0,0,0

23525692,DEBUG,pause, 0,0,0,0

23537693,DEBUG,pause, 0,0,0,0

23549694,DEBUG,pause, 0,0,0,0

23561696,DEBUG,pause, 0,0,0,0

23573697,DEBUG,pause, 1,0,0,0

23585698,DEBUG,pause, 0,0,0,0

23597700,DEBUG,pause, 0,0,0,0

23609701,DEBUG,pause, 0,0,0,0

23621702,DEBUG,pause, 0,0,0,0

23633703,DEBUG,pause, 1,0,0,0

23645705,DEBUG,pause, 0,0,0,0

23657705,DEBUG,pause, 0,0,0,0

23669706,DEBUG,pause, 0,0,0,0

23681708,DEBUG,pause, 0,0,0,0

23693709,DEBUG,pause, 0,0,0,0

23705710,DEBUG,pause, 0,0,0,0

23717711,DEBUG,pause, 0,0,0,0

23729713,DEBUG,pause, 0,0,0,0

23741714,DEBUG,pause, 0,0,0,0

23753715,DEBUG,pause, 1,0,0,0

23765716,DEBUG,pause, 0,0,0,0

23777718,DEBUG,pause, 0,0,0,0

23789719,DEBUG,pause, 0,0,0,0

23801720,DEBUG,pause, 0,0,0,0

23813722,DEBUG,pause, 0,0,0,0

23825723,DEBUG,pause, 0,0,0,0

23837724,DEBUG,pause, 0,0,0,0

23849725,DEBUG,pause, 1,0,0,0

23861727,DEBUG,pause, 0,0,0,0

23873728,DEBUG,pause, 1,0,0,0

23885729,DEBUG,pause, 0,0,0,0

23897731,DEBUG,pause, 0,0,0,0

23909732,DEBUG,pause, 0,0,0,0

23921733,DEBUG,pause, 0,0,0,0

23933734,DEBUG,pause, 1,0,0,0

23945736,DEBUG,pause, 0,0,1,0

23957737,DEBUG,pause, 0,0,0,0

23969738,DEBUG,pause, 0,0,0,0

23981740,DEBUG,pause, 0,0,0,0

23993741,DEBUG,pause, 1,0,0,0

24005742,DEBUG,pause, 0,0,0,0

24017743,DEBUG,pause, 0,0,0,0

24029744,DEBUG,pause, 0,0,0,0

24041745,DEBUG,pause, 0,0,0,0

24053746,DEBUG,pause, 0,0,0,0

24065747,DEBUG,pause, 0,0,0,0

24077749,DEBUG,pause, 1,0,0,0

24089750,DEBUG,pause, 0,0,0,0

24101751,DEBUG,pause, 0,0,0,0

24113753,DEBUG,pause, 0,0,0,0

24125754,DEBUG,pause, 0,0,0,0

24137755,DEBUG,pause, 0,0,0,0

24149756,DEBUG,pause, 0,0,0,0

24161758,DEBUG,pause, 0,0,0,0

24173759,DEBUG,pause, 0,0,1,0

24185760,DEBUG,pause, 1,0,0,0

24197762,DEBUG,pause, 0,0,0,0

24209763,DEBUG,pause, 0,0,0,0

24221764,DEBUG,pause, 0,0,0,0

24233765,DEBUG,pause, 1,0,0,0

24245767,DEBUG,pause, 0,0,0,0

24257768,DEBUG,pause, 0,0,0,0

24269769,DEBUG,pause, 1,0,0,0

24281771,DEBUG,pause, 0,0,0,0

24293772,DEBUG,pause, 0,0,0,0

24305773,DEBUG,pause, 1,0,0,0

24317774,DEBUG,pause, 0,0,0,0

24329776,DEBUG,pause, 0,0,0,0

24341776,DEBUG,Free memory: 1152

24345781,DEBUG,Sensor at pin 0 has 2.98 error

24345782,INFO,483, 1

24349790,DEBUG,Sensor at pin 1 has 1.56 error

24349791,INFO,341, 2

24353801,DEBUG,Sensor at pin 2 has 0.07 error

24353801,INFO,489, 3

24357809,DEBUG,Sensor at pin 3 has 0.16 error

24357810,INFO,341, 4

24357815,DEBUG,pause, 1,0,2,12

24369848,DEBUG,pause, 1,0,0,0

24381849,DEBUG,pause, 0,0,0,0

24393850,DEBUG,pause, 1,0,0,0

24405852,DEBUG,pause, 1,0,0,0

24417853,DEBUG,pause, 0,0,0,0

24429854,DEBUG,pause, 1,0,0,0

24441856,DEBUG,pause, 0,0,0,0

24453857,DEBUG,pause, 0,0,0,0

24465858,DEBUG,pause, 0,0,0,0

24477859,DEBUG,pause, 1,0,0,0

24489861,DEBUG,pause, 0,0,0,0

24501862,DEBUG,pause, 1,0,0,0

24513863,DEBUG,pause, 0,0,0,0

24525863,DEBUG,pause, 0,0,0,0

24537865,DEBUG,pause, 1,0,0,0

24549866,DEBUG,pause, 0,0,0,0

24561867,DEBUG,pause, 1,0,0,0

24573869,DEBUG,pause, 1,0,0,0

24585870,DEBUG,pause, 1,0,0,0

24597871,DEBUG,pause, 0,0,0,0

24609872,DEBUG,pause, 0,0,0,0

24621874,DEBUG,pause, 0,0,0,0

24633875,DEBUG,pause, 0,0,0,0

24645876,DEBUG,pause, 1,0,0,0

24657878,DEBUG,pause, 0,0,0,0

24669879,DEBUG,pause, 1,0,0,0

24681880,DEBUG,pause, 0,0,0,0

24693881,DEBUG,pause, 1,0,0,0

24705883,DEBUG,pause, 0,0,0,0

24717884,DEBUG,pause, 0,0,0,0

24729885,DEBUG,pause, 0,0,0,0

24741886,DEBUG,pause, 0,0,0,0

24753888,DEBUG,pause, 0,0,0,0

24765889,DEBUG,pause, 0,0,0,0

24777890,DEBUG,pause, 0,0,0,0

24789892,DEBUG,pause, 0,0,0,0

24801893,DEBUG,pause, 0,0,0,0

24813894,DEBUG,pause, 1,0,0,0

24825895,DEBUG,pause, 0,0,0,0

24837897,DEBUG,pause, 1,0,0,0

24849898,DEBUG,pause, 1,0,0,0

24861899,DEBUG,pause, 0,0,0,0

24873901,DEBUG,pause, 0,0,0,0

24885902,DEBUG,pause, 0,0,0,0

24897902,DEBUG,pause, 1,0,0,0

24909903,DEBUG,pause, 0,0,0,0

24921905,DEBUG,pause, 1,0,0,0

24933906,DEBUG,pause, 0,0,0,0

24945907,DEBUG,pause, 1,0,0,0

24957908,DEBUG,pause, 0,0,0,0

24969910,DEBUG,pause, 1,0,0,0

24981911,DEBUG,pause, 0,0,0,0

24993912,DEBUG,pause, 1,0,0,0

25005914,DEBUG,pause, 0,0,0,0

25017915,DEBUG,pause, 0,0,0,0

25029916,DEBUG,pause, 0,0,0,0

25041917,DEBUG,pause, 0,0,0,0

25053919,DEBUG,pause, 0,0,0,0

25065920,DEBUG,pause, 0,0,0,0

25077921,DEBUG,pause, 0,0,0,0

25089923,DEBUG,pause, 1,0,0,0

25101924,DEBUG,pause, 1,0,0,0

25113925,DEBUG,pause, 0,0,0,0

25125926,DEBUG,pause, 0,0,0,0

25137928,DEBUG,pause, 0,0,0,0

25149929,DEBUG,pause, 0,0,0,0

25161930,DEBUG,pause, 0,0,0,0

25173932,DEBUG,pause, 0,0,0,0

25185933,DEBUG,pause, 1,0,0,0

25197934,DEBUG,pause, 1,1,0,0

25209935,DEBUG,pause, 0,0,0,0

25221937,DEBUG,pause, 0,0,0,0

25233938,DEBUG,pause, 0,0,0,0

25245939,DEBUG,pause, 0,0,0,0

25257939,DEBUG,pause, 1,0,0,0

25269941,DEBUG,pause, 0,0,0,0

25281942,DEBUG,pause, 0,0,0,0

25293943,DEBUG,pause, 0,0,0,0

25305945,DEBUG,pause, 1,0,0,0

25317946,DEBUG,pause, 0,0,0,0

25329947,DEBUG,pause, 0,0,0,0

25341948,DEBUG,pause, 0,0,0,0

25353950,DEBUG,pause, 0,0,0,0

25365951,DEBUG,pause, 0,0,0,0

25377952,DEBUG,pause, 0,0,0,0

25389954,DEBUG,pause, 0,0,0,0

25401955,DEBUG,pause, 0,0,0,0

25413956,DEBUG,pause, 0,0,1,0

25425957,DEBUG,pause, 0,0,0,0

25437959,DEBUG,pause, 1,0,0,0

25449960,DEBUG,pause, 0,0,0,0

25461961,DEBUG,pause, 0,0,0,0

25473963,DEBUG,pause, 0,0,0,0

25485964,DEBUG,pause, 0,0,0,0

25497965,DEBUG,pause, 2,0,0,0

25509966,DEBUG,pause, 0,0,0,0

25521968,DEBUG,pause, 0,0,0,0

25533969,DEBUG,pause, 0,0,0,0

25545970,DEBUG,pause, 0,0,0,0

25557970,DEBUG,Free memory: 1152

25561976,DEBUG,Sensor at pin 0 has 5.35 error

25561976,INFO,473, 1

25565986,DEBUG,Sensor at pin 1 has 1.17 error

25565987,INFO,345, 2

25569995,DEBUG,Sensor at pin 2 has 12.08 error

25569996,INFO,480, 3

25574006,DEBUG,Sensor at pin 3 has 0.64 error

25574007,INFO,342, 4

25574012,DEBUG,pause, 0,0,0,0

25586044,DEBUG,pause, 0,0,0,0

25598046,DEBUG,pause, 0,0,0,0

25610047,DEBUG,pause, 0,0,0,0

25622048,DEBUG,pause, 0,0,0,0

25634050,DEBUG,pause, 0,0,0,0

25646051,DEBUG,pause, 1,0,0,0

25658052,DEBUG,pause, 0,0,0,0

25670053,DEBUG,pause, 0,0,0,0

25682055,DEBUG,pause, 0,0,0,0

25694056,DEBUG,pause, 0,0,0,0

25706056,DEBUG,pause, 0,0,0,0

25718057,DEBUG,pause, 0,0,0,0

25730059,DEBUG,pause, 0,0,0,0

25742060,DEBUG,pause, 0,0,0,0

25754061,DEBUG,pause, 0,0,0,0

25766063,DEBUG,pause, 0,0,0,0

25778064,DEBUG,pause, 0,0,0,0

25790065,DEBUG,pause, 1,0,0,0

25802066,DEBUG,pause, 1,0,0,0

25814068,DEBUG,pause, 0,0,0,0

25826069,DEBUG,pause, 0,0,0,0

25838070,DEBUG,pause, 0,0,0,0

25850072,DEBUG,pause, 0,0,0,0

25862073,DEBUG,pause, 0,0,0,0

25874074,DEBUG,pause, 0,0,0,0

25886075,DEBUG,pause, 0,0,0,0

25898077,DEBUG,pause, 0,0,0,0

25910078,DEBUG,pause, 0,0,0,0

25922079,DEBUG,pause, 0,0,0,0

25934081,DEBUG,pause, 0,0,0,0

25946082,DEBUG,pause, 0,0,0,0

25958083,DEBUG,pause, 0,0,0,0

25970084,DEBUG,pause, 0,0,0,0

25982086,DEBUG,pause, 0,1,0,0

25994087,DEBUG,pause, 0,0,0,0

26006088,DEBUG,pause, 0,0,0,0

26018089,DEBUG,pause, 0,0,0,0

26030091,DEBUG,pause, 0,0,0,0

26042092,DEBUG,pause, 0,0,0,0

26054093,DEBUG,pause, 0,0,0,0

26066095,DEBUG,pause, 0,0,0,0

26078095,DEBUG,pause, 1,0,0,0

26090096,DEBUG,pause, 0,0,0,0

26102097,DEBUG,pause, 1,0,0,0

26114099,DEBUG,pause, 0,0,0,0

26126100,DEBUG,pause, 0,0,0,0

26138101,DEBUG,pause, 0,0,0,0

26150103,DEBUG,pause, 0,0,0,0

26162104,DEBUG,pause, 0,0,0,0

26174105,DEBUG,pause, 0,0,0,0

26186106,DEBUG,pause, 0,0,0,0

26198108,DEBUG,pause, 0,0,0,0

26210109,DEBUG,pause, 0,0,0,0

26222110,DEBUG,pause, 1,0,0,0

26234112,DEBUG,pause, 0,0,0,0

26246113,DEBUG,pause, 0,0,0,0

26258114,DEBUG,pause, 0,0,0,0

26270115,DEBUG,pause, 0,0,0,0

26282117,DEBUG,pause, 1,0,0,0

26294118,DEBUG,pause, 0,0,0,0

26306119,DEBUG,pause, 0,0,0,0

26318120,DEBUG,pause, 0,0,0,0

26330122,DEBUG,pause, 0,0,0,0

26342123,DEBUG,pause, 0,0,0,0

26354124,DEBUG,pause, 0,0,0,0

26366126,DEBUG,pause, 0,0,0,0

26378127,DEBUG,pause, 0,0,0,0

26390128,DEBUG,pause, 1,0,0,0

26402129,DEBUG,pause, 0,0,0,0

26414131,DEBUG,pause, 0,0,0,0

26426132,DEBUG,pause, 0,0,0,0

26438133,DEBUG,pause, 0,0,0,0

26450134,DEBUG,pause, 0,0,0,0

26462135,DEBUG,pause, 0,0,0,0

26474136,DEBUG,pause, 0,0,0,0

26486137,DEBUG,pause, 0,0,0,0

26498139,DEBUG,pause, 0,0,0,0

26510140,DEBUG,pause, 0,0,0,0

26522141,DEBUG,pause, 0,0,0,0

26534142,DEBUG,pause, 0,0,0,0

26546144,DEBUG,pause, 0,0,0,0

26558145,DEBUG,pause, 0,0,0,0

26570146,DEBUG,pause, 1,0,0,0

26582148,DEBUG,pause, 1,0,0,0

26594149,DEBUG,pause, 0,0,0,0

26606150,DEBUG,pause, 0,0,0,0

26618151,DEBUG,pause, 0,0,0,0

26630153,DEBUG,pause, 0,0,0,0

26642154,DEBUG,pause, 1,0,0,0

26654155,DEBUG,pause, 0,0,0,0

26666157,DEBUG,pause, 0,0,0,0

26678158,DEBUG,pause, 0,0,0,0

26690159,DEBUG,pause, 0,0,0,0

26702160,DEBUG,pause, 0,0,0,0

26714162,DEBUG,pause, 0,0,0,0

26726163,DEBUG,pause, 0,0,0,0

26738164,DEBUG,pause, 0,0,0,0

26750166,DEBUG,pause, 0,0,0,0

26762167,DEBUG,pause, 0,0,0,0

26774167,DEBUG,Free memory: 1152

26778172,DEBUG,Sensor at pin 0 has 2.98 error

26778173,INFO,478, 1

26782180,DEBUG,Sensor at pin 1 has 1.63 error

26782181,INFO,337, 2

26786190,DEBUG,Sensor at pin 2 has 0.99 error

26786191,INFO,484, 3

26790200,DEBUG,Sensor at pin 3 has 0.69 error

26790201,INFO,342, 4

26790205,DEBUG,pause, 2,1,1,12

26802238,DEBUG,pause, 1,0,0,0

26814239,DEBUG,pause, 0,0,0,0

26826241,DEBUG,pause, 0,0,0,0

26838242,DEBUG,pause, 1,0,0,0

26850243,DEBUG,pause, 1,0,0,0

26862244,DEBUG,pause, 1,0,0,0

26874246,DEBUG,pause, 0,0,0,0

26886247,DEBUG,pause, 1,0,0,0

26898248,DEBUG,pause, 1,0,0,0

26910249,DEBUG,pause, 0,0,0,0

26922251,DEBUG,pause, 0,0,0,0

26934252,DEBUG,pause, 0,0,0,0

26946253,DEBUG,pause, 1,0,0,0

26958255,DEBUG,pause, 0,0,0,0

26970256,DEBUG,pause, 0,0,0,0

26982257,DEBUG,pause, 0,0,0,0

26994258,DEBUG,pause, 0,0,0,0

27006260,DEBUG,pause, 0,0,0,0

27018261,DEBUG,pause, 0,0,0,0

27030262,DEBUG,pause, 0,0,0,0

27042263,DEBUG,pause, 0,0,0,0

27054264,DEBUG,pause, 0,0,0,0

27066265,DEBUG,pause, 0,0,0,0

27078266,DEBUG,pause, 0,0,0,0

27090268,DEBUG,pause, 0,0,0,0

27102269,DEBUG,pause, 0,0,0,0

27114270,DEBUG,pause, 0,0,0,0

27126272,DEBUG,pause, 1,0,0,0

27138273,DEBUG,pause, 1,0,0,0

27150274,DEBUG,pause, 0,0,0,0

27162275,DEBUG,pause, 0,0,0,0

27174277,DEBUG,pause, 1,0,0,0

27186278,DEBUG,pause, 0,0,0,0

27198279,DEBUG,pause, 0,0,0,0

27210280,DEBUG,pause, 0,0,0,0

27222282,DEBUG,pause, 0,0,0,0

27234283,DEBUG,pause, 0,0,0,0

27246284,DEBUG,pause, 1,0,0,0

27258286,DEBUG,pause, 0,0,0,0

27270287,DEBUG,pause, 0,0,0,0

27282288,DEBUG,pause, 0,0,0,0

27294289,DEBUG,pause, 0,0,0,0

27306291,DEBUG,pause, 0,0,0,0

27318292,DEBUG,pause, 0,0,0,0

27330293,DEBUG,pause, 0,0,0,0

27342295,DEBUG,pause, 0,0,0,0

27354296,DEBUG,pause, 0,0,0,0

27366297,DEBUG,pause, 1,0,0,0

27378298,DEBUG,pause, 0,0,0,0

27390300,DEBUG,pause, 0,0,0,0

27402301,DEBUG,pause, 0,0,0,0

27414301,DEBUG,pause, 0,0,0,0

27426302,DEBUG,pause, 0,0,0,0

27438304,DEBUG,pause, 1,0,0,0

27450305,DEBUG,pause, 1,0,0,0

27462306,DEBUG,pause, 0,0,0,0

27474308,DEBUG,pause, 0,0,0,0

27486309,DEBUG,pause, 0,0,0,0

27498310,DEBUG,pause, 0,0,0,0

27510311,DEBUG,pause, 0,0,0,0

27522313,DEBUG,pause, 0,0,0,0

27534314,DEBUG,pause, 0,0,0,0

27546315,DEBUG,pause, 0,0,0,0

27558317,DEBUG,pause, 0,0,0,0

27570318,DEBUG,pause, 0,0,0,0

27582319,DEBUG,pause, 0,0,0,0

27594320,DEBUG,pause, 0,0,0,0

27606322,DEBUG,pause, 0,0,0,0

27618323,DEBUG,pause, 0,0,0,0

27630324,DEBUG,pause, 0,0,0,0

27642326,DEBUG,pause, 0,0,0,0

27654327,DEBUG,pause, 0,0,0,0

27666328,DEBUG,pause, 0,0,0,0

27678329,DEBUG,pause, 0,0,0,0

27690331,DEBUG,pause, 0,0,0,0

27702332,DEBUG,pause, 1,0,0,0

27714333,DEBUG,pause, 0,0,0,0

27726334,DEBUG,pause, 1,0,0,0

27738336,DEBUG,pause, 0,0,0,0

27750337,DEBUG,pause, 0,0,0,0

27762338,DEBUG,pause, 1,0,0,0

27774340,DEBUG,pause, 0,0,0,0

27786340,DEBUG,pause, 0,0,0,0

27798341,DEBUG,pause, 0,0,0,0

27810342,DEBUG,pause, 0,0,0,0

27822344,DEBUG,pause, 1,0,0,0

27834345,DEBUG,pause, 0,0,0,0

27846346,DEBUG,pause, 0,0,0,0

27858348,DEBUG,pause, 0,0,0,0

27870349,DEBUG,pause, 0,0,0,0

27882350,DEBUG,pause, 0,0,0,0

27894351,DEBUG,pause, 0,0,0,0

27906353,DEBUG,pause, 0,0,0,0

27918354,DEBUG,pause, 0,0,0,0

27930355,DEBUG,pause, 1,0,0,0

27942356,DEBUG,pause, 0,0,0,0

27954358,DEBUG,pause, 1,0,0,0

27966359,DEBUG,pause, 0,0,0,0

27978360,DEBUG,pause, 1,0,0,0

27990362,DEBUG,Free memory: 1152

27994366,DEBUG,Sensor at pin 0 has 5.16 error

27994368,INFO,469, 1

27998376,DEBUG,Sensor at pin 1 has 1.29 error

27998377,INFO,339, 2

28002385,DEBUG,Sensor at pin 2 has 12.57 error

28002386,INFO,476, 3

28006396,DEBUG,Sensor at pin 3 has 0.91 error

28006397,INFO,343, 4

28006402,DEBUG,pause, 0,0,0,0

28018435,DEBUG,pause, 0,0,0,0

28030436,DEBUG,pause, 0,0,0,0

28042437,DEBUG,pause, 0,0,0,0

28054438,DEBUG,pause, 0,0,0,0

28066440,DEBUG,pause, 0,0,0,0

28078440,DEBUG,pause, 0,0,0,0

28090441,DEBUG,pause, 0,0,0,0

28102443,DEBUG,pause, 0,0,0,0

28114444,DEBUG,pause, 0,0,0,0

28126445,DEBUG,pause, 0,0,0,0

28138446,DEBUG,pause, 0,0,0,0

28150448,DEBUG,pause, 0,0,0,0

28162449,DEBUG,pause, 0,0,0,0

28174450,DEBUG,pause, 0,0,0,0

28186451,DEBUG,pause, 0,0,0,0

28198453,DEBUG,pause, 0,0,0,0

28210454,DEBUG,pause, 0,0,0,0

28222455,DEBUG,pause, 0,0,0,0

28234457,DEBUG,pause, 0,0,0,0

28246458,DEBUG,pause, 0,0,0,0

28258459,DEBUG,pause, 0,0,0,0

28270460,DEBUG,pause, 0,0,0,0

28282462,DEBUG,pause, 0,0,0,0

28294463,DEBUG,pause, 0,0,0,0

28306464,DEBUG,pause, 0,0,0,0

28318466,DEBUG,pause, 0,0,0,0

28330467,DEBUG,pause, 0,0,0,0

28342468,DEBUG,pause, 0,0,0,0

28354469,DEBUG,pause, 0,0,0,0

28366471,DEBUG,pause, 0,0,0,0

28378472,DEBUG,pause, 0,0,0,0

28390473,DEBUG,pause, 0,0,0,0

28402475,DEBUG,pause, 0,0,0,0

28414476,DEBUG,pause, 0,0,0,0

28426477,DEBUG,pause, 0,0,0,0

28438477,DEBUG,pause, 0,0,0,0

28450479,DEBUG,pause, 0,0,0,0

28462480,DEBUG,pause, 0,0,0,0

28474481,DEBUG,pause, 0,0,0,0

28486482,DEBUG,pause, 0,0,0,0

28498484,DEBUG,pause, 0,0,0,0

28510485,DEBUG,pause, 0,0,0,0

28522486,DEBUG,pause, 0,0,0,0

28534488,DEBUG,pause, 0,0,0,0

28546489,DEBUG,pause, 0,0,0,0

28558490,DEBUG,pause, 0,0,0,0

28570491,DEBUG,pause, 0,0,0,0

28582493,DEBUG,pause, 0,0,0,0

28594494,DEBUG,pause, 0,0,0,0

28606495,DEBUG,pause, 0,0,0,0

28618497,DEBUG,pause, 0,0,0,0

28630498,DEBUG,pause, 0,0,0,0

28642499,DEBUG,pause, 1,0,0,0

28654500,DEBUG,pause, 0,0,0,0

28666502,DEBUG,pause, 0,0,0,0

28678503,DEBUG,pause, 0,0,0,0

28690504,DEBUG,pause, 0,0,0,0

28702505,DEBUG,pause, 0,0,0,0

28714507,DEBUG,pause, 0,0,0,0

28726508,DEBUG,pause, 0,0,0,0

28738509,DEBUG,pause, 0,0,0,0

28750511,DEBUG,pause, 0,0,0,0

28762512,DEBUG,pause, 0,0,0,0

28774513,DEBUG,pause, 0,0,0,0

28786514,DEBUG,pause, 0,0,0,0

28798516,DEBUG,pause, 0,0,0,0

28810516,DEBUG,pause, 0,0,0,0

28822517,DEBUG,pause, 0,0,0,0

28834519,DEBUG,pause, 0,0,0,0

28846520,DEBUG,pause, 0,0,0,0

28858521,DEBUG,pause, 0,0,0,0

28870522,DEBUG,pause, 0,0,0,0

28882524,DEBUG,pause, 0,0,0,0

28894525,DEBUG,pause, 0,0,0,0

28906526,DEBUG,pause, 0,0,0,0

28918528,DEBUG,pause, 0,0,0,0

28930529,DEBUG,pause, 2,0,0,0

28942530,DEBUG,pause, 0,0,0,0

28954531,DEBUG,pause, 0,0,0,0

28966533,DEBUG,pause, 0,0,0,0

28978534,DEBUG,pause, 0,0,0,0

28990535,DEBUG,pause, 0,0,0,0

29002536,DEBUG,pause, 0,0,0,0

29014538,DEBUG,pause, 0,0,0,0

29026539,DEBUG,pause, 0,0,0,0

29038540,DEBUG,pause, 0,0,0,0

29050542,DEBUG,pause, 0,0,0,0

29062543,DEBUG,pause, 0,0,0,0

29074544,DEBUG,pause, 0,0,0,0

29086545,DEBUG,pause, 0,0,0,0

29098547,DEBUG,pause, 0,0,0,0

29110548,DEBUG,pause, 1,0,0,0

29122549,DEBUG,pause, 0,0,0,0

29134551,DEBUG,pause, 0,0,0,0

29146552,DEBUG,pause, 0,0,0,0

29158553,DEBUG,pause, 0,0,0,0

29170553,DEBUG,pause, 0,0,0,0

29182555,DEBUG,pause, 0,0,0,0

29194556,DEBUG,pause, 0,0,0,0

29206557,DEBUG,Free memory: 1152

29210562,DEBUG,Sensor at pin 0 has 3.21 error

29210562,INFO,473, 1

29214570,DEBUG,Sensor at pin 1 has 1.72 error

29214571,INFO,328, 2

29218580,DEBUG,Sensor at pin 2 has 1.63 error

29218581,INFO,478, 3

29222589,DEBUG,Sensor at pin 3 has 0.58 error

29222590,INFO,345, 4

29222594,DEBUG,pause, 2,0,1,12

29234627,DEBUG,pause, 3,0,0,0

29246628,DEBUG,pause, 1,0,0,0

29258630,DEBUG,pause, 2,0,0,0

29270631,DEBUG,pause, 1,0,0,0

29282632,DEBUG,pause, 1,0,0,0

29294633,DEBUG,pause, 0,0,0,0

29306635,DEBUG,pause, 0,0,0,0

29318636,DEBUG,pause, 1,0,0,0

29330637,DEBUG,pause, 1,0,0,0

29342639,DEBUG,pause, 0,0,0,0

29354640,DEBUG,pause, 0,0,0,0

29366641,DEBUG,pause, 0,0,0,0

29378642,DEBUG,pause, 0,0,0,0

29390644,DEBUG,pause, 0,0,0,0

29402645,DEBUG,pause, 0,0,0,0

29414646,DEBUG,pause, 0,0,0,0

29426648,DEBUG,pause, 0,0,0,0

29438649,DEBUG,pause, 0,0,0,0

29450649,DEBUG,pause, 0,0,0,0

29462650,DEBUG,pause, 0,0,0,0

29474652,DEBUG,pause, 0,0,0,0

29486653,DEBUG,pause, 1,0,0,0

29498654,DEBUG,pause, 0,0,0,0

29510656,DEBUG,pause, 0,0,0,0

29522657,DEBUG,pause, 0,0,0,0

29534658,DEBUG,pause, 0,0,0,0

29546659,DEBUG,pause, 0,0,0,0

29558661,DEBUG,pause, 0,0,0,0

29570662,DEBUG,pause, 1,0,0,0

29582663,DEBUG,pause, 0,0,0,0

29594664,DEBUG,pause, 0,0,0,0

29606666,DEBUG,pause, 0,0,0,0

29618667,DEBUG,pause, 0,0,0,0

29630668,DEBUG,pause, 0,0,0,0

29642670,DEBUG,pause, 0,0,0,0

29654671,DEBUG,pause, 0,0,0,0

29666672,DEBUG,pause, 0,0,0,0

29678673,DEBUG,pause, 0,0,0,0

29690675,DEBUG,pause, 1,0,0,0

29702676,DEBUG,pause, 0,0,0,0

29714677,DEBUG,pause, 0,0,0,0

29726679,DEBUG,pause, 0,0,0,0

29738680,DEBUG,pause, 0,0,0,0

29750681,DEBUG,pause, 0,0,0,0

29762682,DEBUG,pause, 0,0,0,0

29774684,DEBUG,pause, 0,0,0,0

29786685,DEBUG,pause, 0,0,0,0

29798686,DEBUG,pause, 0,0,0,0

29810688,DEBUG,pause, 0,0,0,0

29822688,DEBUG,pause, 0,0,1,0

29834689,DEBUG,pause, 0,0,0,0

29846690,DEBUG,pause, 0,0,0,0

29858692,DEBUG,pause, 0,0,0,0

29870693,DEBUG,pause, 0,0,0,0

29882694,DEBUG,pause, 0,0,0,0

29894695,DEBUG,pause, 0,0,0,0

29906697,DEBUG,pause, 1,0,0,0

29918698,DEBUG,pause, 0,0,0,0

29930699,DEBUG,pause, 0,0,0,0

29942701,DEBUG,pause, 0,0,0,0

29954702,DEBUG,pause, 1,0,0,0

29966703,DEBUG,pause, 0,0,0,0

29978704,DEBUG,pause, 0,0,0,0

29990706,DEBUG,pause, 0,0,0,0

30002707,DEBUG,pause, 0,0,0,0

30014708,DEBUG,pause, 0,0,0,0

30026710,DEBUG,pause, 0,0,0,0

30038711,DEBUG,pause, 0,0,0,0

30050712,DEBUG,pause, 0,0,0,0

30062713,DEBUG,pause, 0,0,0,0

30074715,DEBUG,pause, 0,0,0,0

30086716,DEBUG,pause, 0,0,0,0

30098717,DEBUG,pause, 0,0,0,0

30110718,DEBUG,pause, 1,0,0,0

30122720,DEBUG,pause, 0,0,0,0

30134721,DEBUG,pause, 0,0,0,0

30146722,DEBUG,pause, 0,0,0,0

30158724,DEBUG,pause, 0,0,0,0

30170725,DEBUG,pause, 0,0,0,0

30182726,DEBUG,pause, 1,0,0,0

30194726,DEBUG,pause, 0,0,0,0

30206728,DEBUG,pause, 0,0,0,0

30218729,DEBUG,pause, 0,0,0,0

30230730,DEBUG,pause, 0,0,0,0

30242732,DEBUG,pause, 1,0,0,0

30254733,DEBUG,pause, 0,0,0,0

30266734,DEBUG,pause, 0,0,0,0

30278735,DEBUG,pause, 1,0,0,0

30290737,DEBUG,pause, 0,0,0,0

30302738,DEBUG,pause, 0,0,0,0

30314739,DEBUG,pause, 0,0,0,0

30326740,DEBUG,pause, 0,0,0,0

30338742,DEBUG,pause, 1,0,0,0

30350743,DEBUG,pause, 0,0,0,0

30362744,DEBUG,pause, 0,0,0,0

30374746,DEBUG,pause, 0,0,0,0

30386747,DEBUG,pause, 1,0,0,0

30398748,DEBUG,pause, 0,0,0,0

30410749,DEBUG,pause, 0,0,0,0

30422750,DEBUG,Free memory: 1152

30426755,DEBUG,Sensor at pin 0 has 5.20 error

30426756,INFO,464, 1

30430765,DEBUG,Sensor at pin 1 has 1.38 error

30430766,INFO,334, 2

30434774,DEBUG,Sensor at pin 2 has 13.09 error

30434775,INFO,472, 3

30438786,DEBUG,Sensor at pin 3 has 0.80 error

30438786,INFO,346, 4

30438791,DEBUG,pause, 0,0,0,0

30450823,DEBUG,pause, 0,0,0,0

30462824,DEBUG,pause, 0,0,0,0

30474825,DEBUG,pause, 0,0,0,0

30486827,DEBUG,pause, 0,0,0,0

30498828,DEBUG,pause, 0,0,0,0

30510829,DEBUG,pause, 0,0,0,0

30522830,DEBUG,pause, 0,0,0,0

30534832,DEBUG,pause, 0,0,0,0

30546833,DEBUG,pause, 0,0,0,0

30558834,DEBUG,pause, 0,0,0,0

30570835,DEBUG,pause, 0,0,0,0

30582837,DEBUG,pause, 0,0,0,0

30594838,DEBUG,pause, 0,0,0,0

30606839,DEBUG,pause, 0,0,0,0

30618841,DEBUG,pause, 0,0,0,0

30630841,DEBUG,pause, 0,0,0,0

30642842,DEBUG,pause, 0,0,0,0

30654843,DEBUG,pause, 0,0,0,0

30666845,DEBUG,pause, 0,0,0,0

30678846,DEBUG,pause, 0,0,0,0

30690847,DEBUG,pause, 0,0,0,0

30702849,DEBUG,pause, 0,0,0,0

30714850,DEBUG,pause, 0,0,0,0

30726851,DEBUG,pause, 0,0,0,0

30738852,DEBUG,pause, 0,0,0,0

30750854,DEBUG,pause, 0,0,0,0

30762855,DEBUG,pause, 0,0,0,0

30774856,DEBUG,pause, 0,0,0,0

30786857,DEBUG,pause, 0,0,0,0

30798859,DEBUG,pause, 0,0,0,0

30810860,DEBUG,pause, 0,0,0,0

30822861,DEBUG,pause, 0,0,0,0

30834863,DEBUG,pause, 0,0,0,0

30846864,DEBUG,pause, 0,0,0,0

30858865,DEBUG,pause, 0,0,0,0

30870866,DEBUG,pause, 0,0,0,0

30882868,DEBUG,pause, 0,0,0,0

30894869,DEBUG,pause, 0,0,0,0

30906870,DEBUG,pause, 0,0,0,0

30918872,DEBUG,pause, 0,0,0,0

30930873,DEBUG,pause, 0,0,0,0

30942874,DEBUG,pause, 0,0,0,0

30954875,DEBUG,pause, 0,0,0,0

30966877,DEBUG,pause, 0,0,0,0

30978878,DEBUG,pause, 0,0,0,0

30990879,DEBUG,pause, 0,0,0,0

31002880,DEBUG,pause, 0,0,0,0

31014881,DEBUG,pause, 0,0,0,0

31026882,DEBUG,pause, 0,0,0,0

31038883,DEBUG,pause, 0,0,0,0

31050885,DEBUG,pause, 0,0,0,0

31062886,DEBUG,pause, 0,0,0,0

31074887,DEBUG,pause, 0,0,0,0

31086888,DEBUG,pause, 0,0,0,0

31098890,DEBUG,pause, 0,0,0,0

31110891,DEBUG,pause, 0,0,0,0

31122892,DEBUG,pause, 0,0,0,0

31134894,DEBUG,pause, 0,0,0,0

31146895,DEBUG,pause, 0,0,0,0

31158896,DEBUG,pause, 0,0,0,0

31170897,DEBUG,pause, 0,0,0,0

31182899,DEBUG,pause, 0,0,0,0

31194900,DEBUG,pause, 0,0,0,0

31206901,DEBUG,pause, 0,0,0,0

31218903,DEBUG,pause, 0,0,0,0

31230904,DEBUG,pause, 0,0,0,0

31242905,DEBUG,pause, 0,0,0,0

31254906,DEBUG,pause, 0,0,0,0

31266908,DEBUG,pause, 0,0,0,0

31278909,DEBUG,pause, 0,0,0,0

31290910,DEBUG,pause, 0,0,0,0

31302912,DEBUG,pause, 0,0,0,0

31314913,DEBUG,pause, 0,0,0,0

31326914,DEBUG,pause, 0,0,0,0

31338915,DEBUG,pause, 0,0,0,0

31350917,DEBUG,pause, 0,0,0,0

31362918,DEBUG,pause, 0,0,0,0

31374918,DEBUG,pause, 0,0,0,0

31386919,DEBUG,pause, 0,0,0,0

31398921,DEBUG,pause, 0,0,0,0

31410922,DEBUG,pause, 0,0,0,0

31422923,DEBUG,pause, 0,0,0,0

31434925,DEBUG,pause, 0,0,0,0

31446926,DEBUG,pause, 0,0,0,0

31458927,DEBUG,pause, 0,0,0,0

31470928,DEBUG,pause, 0,0,0,0

31482930,DEBUG,pause, 0,0,0,0

31494931,DEBUG,pause, 0,0,1,0

31506932,DEBUG,pause, 0,0,0,0

31518934,DEBUG,pause, 0,0,0,0

31530935,DEBUG,pause, 0,0,0,0

31542936,DEBUG,pause, 0,0,0,0

31554937,DEBUG,pause, 0,0,0,0

31566939,DEBUG,pause, 0,0,0,0

31578940,DEBUG,pause, 0,0,0,0

31590941,DEBUG,pause, 0,0,0,0

31602942,DEBUG,pause, 0,0,0,0

31614944,DEBUG,pause, 0,0,0,0

31626945,DEBUG,pause, 0,0,0,0

31638945,DEBUG,Free memory: 1152

31642950,DEBUG,Sensor at pin 0 has 3.17 error

31642951,INFO,468, 1

31646959,DEBUG,Sensor at pin 1 has 1.95 error

31646960,INFO,324, 2

31650969,DEBUG,Sensor at pin 2 has 2.46 error

31650970,INFO,472, 3

31654978,DEBUG,Sensor at pin 3 has 0.28 error

31654979,INFO,346, 4

31654983,DEBUG,pause, 1,1,1,11

31667017,DEBUG,pause, 1,0,0,0

31679019,DEBUG,pause, 0,0,0,0

31691020,DEBUG,pause, 1,0,0,0

31703021,DEBUG,pause, 0,0,0,0

31715022,DEBUG,pause, 1,0,0,0

31727024,DEBUG,pause, 1,0,0,0

31739024,DEBUG,pause, 0,0,0,0

31751025,DEBUG,pause, 0,0,0,0

31763026,DEBUG,pause, 0,0,0,0

31775028,DEBUG,pause, 0,0,0,0

31787029,DEBUG,pause, 0,0,0,0

31799030,DEBUG,pause, 2,0,0,0

31811032,DEBUG,pause, 0,0,0,0

31823033,DEBUG,pause, 1,0,0,0

31835034,DEBUG,pause, 0,0,0,0

31847035,DEBUG,pause, 0,0,0,0

31859037,DEBUG,pause, 1,0,0,0

31871038,DEBUG,pause, 0,0,0,0

31883039,DEBUG,pause, 0,0,0,0

31895041,DEBUG,pause, 0,0,0,0

31907042,DEBUG,pause, 0,0,0,0

31919043,DEBUG,pause, 0,0,0,0

31931044,DEBUG,pause, 0,0,0,0

31943046,DEBUG,pause, 0,0,0,0

31955047,DEBUG,pause, 0,0,0,0

31967048,DEBUG,pause, 0,0,0,0

31979049,DEBUG,pause, 0,0,0,0

31991051,DEBUG,pause, 0,0,0,0

32003052,DEBUG,pause, 0,0,0,0

32015053,DEBUG,pause, 0,0,0,0

32027055,DEBUG,pause, 0,0,0,0

32039056,DEBUG,pause, 0,0,0,0

32051057,DEBUG,pause, 0,0,0,0

32063058,DEBUG,pause, 0,0,0,0

32075060,DEBUG,pause, 0,0,0,0

32087061,DEBUG,pause, 0,0,0,0

32099061,DEBUG,pause, 0,0,0,0

32111063,DEBUG,pause, 0,0,0,0

32123064,DEBUG,pause, 0,0,0,0

32135065,DEBUG,pause, 0,0,0,0

32147066,DEBUG,pause, 0,0,0,0

32159068,DEBUG,pause, 0,0,0,0

32171069,DEBUG,pause, 1,0,0,0

32183070,DEBUG,pause, 0,0,0,0

32195072,DEBUG,pause, 0,0,0,0

32207073,DEBUG,pause, 0,0,0,0

32219074,DEBUG,pause, 0,0,0,0

32231075,DEBUG,pause, 0,0,0,0

32243077,DEBUG,pause, 0,0,0,0

32255078,DEBUG,pause, 0,0,0,0

32267079,DEBUG,pause, 0,0,0,0

32279080,DEBUG,pause, 0,0,0,0

32291082,DEBUG,pause, 0,0,0,0

32303083,DEBUG,pause, 0,0,0,0

32315084,DEBUG,pause, 0,0,0,0

32327086,DEBUG,pause, 0,0,0,0

32339087,DEBUG,pause, 0,0,0,0

32351088,DEBUG,pause, 0,0,0,0

32363089,DEBUG,pause, 0,0,0,0

32375091,DEBUG,pause, 0,0,0,0

32387092,DEBUG,pause, 0,0,0,0

32399093,DEBUG,pause, 0,0,0,0

32411095,DEBUG,pause, 0,0,0,0

32423096,DEBUG,pause, 0,0,0,0

32435097,DEBUG,pause, 0,0,0,0

32447098,DEBUG,pause, 0,0,0,0

32459100,DEBUG,pause, 0,0,0,0

32471100,DEBUG,pause, 0,0,0,0

32483101,DEBUG,pause, 0,0,0,0

32495102,DEBUG,pause, 0,0,0,0

32507104,DEBUG,pause, 0,0,0,0

32519105,DEBUG,pause, 0,0,0,0

32531106,DEBUG,pause, 0,0,0,0

32543108,DEBUG,pause, 0,0,0,0

32555109,DEBUG,pause, 0,0,0,0

32567110,DEBUG,pause, 0,0,0,0

32579111,DEBUG,pause, 1,0,0,0

32591113,DEBUG,pause, 0,0,0,0

32603114,DEBUG,pause, 0,0,0,0

32615115,DEBUG,pause, 0,0,0,0

32627117,DEBUG,pause, 1,0,0,0

32639118,DEBUG,pause, 0,0,0,0

32651119,DEBUG,pause, 0,0,0,0

32663120,DEBUG,pause, 0,0,0,0

32675122,DEBUG,pause, 0,0,0,0

32687123,DEBUG,pause, 0,0,0,0

32699124,DEBUG,pause, 0,0,0,0

32711126,DEBUG,pause, 0,0,0,0

32723127,DEBUG,pause, 0,0,0,0

32735128,DEBUG,pause, 0,0,0,0

32747129,DEBUG,pause, 0,0,0,0

32759131,DEBUG,pause, 0,0,0,0

32771132,DEBUG,pause, 0,0,0,0

32783133,DEBUG,pause, 0,0,0,0

32795134,DEBUG,pause, 0,0,0,0

32807136,DEBUG,pause, 0,0,0,0

32819137,DEBUG,pause, 0,0,0,0

32831138,DEBUG,pause, 0,0,0,0

32843139,DEBUG,pause, 0,0,0,0

32855140,DEBUG,Free memory: 1152

32859146,DEBUG,Sensor at pin 0 has 4.93 error

32859147,INFO,460, 1

32863156,DEBUG,Sensor at pin 1 has 1.45 error

32863157,INFO,326, 2

32867164,DEBUG,Sensor at pin 2 has 13.62 error

32867165,INFO,467, 3

32871176,DEBUG,Sensor at pin 3 has 1.00 error

32871177,INFO,346, 4

32871181,DEBUG,pause, 1,0,0,0

32883213,DEBUG,pause, 0,0,0,0

32895214,DEBUG,pause, 0,0,0,0

32907215,DEBUG,pause, 0,0,0,0

32919217,DEBUG,pause, 0,0,0,0

32931218,DEBUG,pause, 0,0,0,0

32943219,DEBUG,pause, 0,0,0,0

32955220,DEBUG,pause, 0,0,0,0

32967222,DEBUG,pause, 0,0,0,0

32979223,DEBUG,pause, 0,0,0,0

32991224,DEBUG,pause, 0,0,0,0

33003226,DEBUG,pause, 0,0,0,0

33015227,DEBUG,pause, 0,0,0,0

33027228,DEBUG,pause, 0,0,0,0

33039229,DEBUG,pause, 0,0,0,0

33051231,DEBUG,pause, 0,0,0,0

33063232,DEBUG,pause, 0,0,0,0

33075233,DEBUG,pause, 0,0,0,0

33087235,DEBUG,pause, 0,0,0,0

33099236,DEBUG,pause, 0,0,0,0

33111236,DEBUG,pause, 0,0,0,0

33123237,DEBUG,pause, 0,0,0,0

33135239,DEBUG,pause, 0,0,0,0

33147240,DEBUG,pause, 0,0,0,0

33159241,DEBUG,pause, 0,0,0,0

33171243,DEBUG,pause, 0,0,0,0

33183244,DEBUG,pause, 0,0,0,0

33195245,DEBUG,pause, 0,0,0,0

33207246,DEBUG,pause, 0,0,0,0

33219248,DEBUG,pause, 0,0,0,0

33231249,DEBUG,pause, 0,0,0,0

33243250,DEBUG,pause, 0,0,0,0

33255251,DEBUG,pause, 0,0,0,0

33267253,DEBUG,pause, 0,0,0,0

33279254,DEBUG,pause, 0,0,0,0

33291255,DEBUG,pause, 0,0,0,0

33303257,DEBUG,pause, 0,0,0,0

33315258,DEBUG,pause, 0,0,0,0

33327259,DEBUG,pause, 0,0,0,0

33339260,DEBUG,pause, 0,0,0,0

33351262,DEBUG,pause, 0,0,0,0

33363263,DEBUG,pause, 0,0,0,0

33375264,DEBUG,pause, 0,0,0,0

33387266,DEBUG,pause, 0,0,0,0

33399267,DEBUG,pause, 0,0,0,0

33411268,DEBUG,pause, 0,0,0,0

33423269,DEBUG,pause, 0,0,0,0

33435271,DEBUG,pause, 0,0,0,0

33447272,DEBUG,pause, 0,0,0,0

33459273,DEBUG,pause, 0,0,0,0

33471275,DEBUG,pause, 0,0,0,0

33483275,DEBUG,pause, 0,0,0,0

33495276,DEBUG,pause, 0,0,0,0

33507277,DEBUG,pause, 0,0,0,0

33519279,DEBUG,pause, 1,0,0,0

33531280,DEBUG,pause, 0,0,0,0

33543281,DEBUG,pause, 0,0,0,0

33555282,DEBUG,pause, 0,0,0,0

33567284,DEBUG,pause, 0,0,0,0

33579285,DEBUG,pause, 0,0,0,0

33591286,DEBUG,pause, 0,0,0,0

33603288,DEBUG,pause, 0,0,0,0

33615289,DEBUG,pause, 0,0,0,0

33627290,DEBUG,pause, 0,0,0,0

33639291,DEBUG,pause, 0,0,0,0

33651293,DEBUG,pause, 0,0,0,0

33663294,DEBUG,pause, 0,0,0,0

33675295,DEBUG,pause, 0,0,0,0

33687297,DEBUG,pause, 0,0,0,0

33699298,DEBUG,pause, 0,0,0,0

33711299,DEBUG,pause, 0,0,0,0

33723300,DEBUG,pause, 0,0,0,0

33735302,DEBUG,pause, 0,0,0,0

33747303,DEBUG,pause, 0,0,0,0

33759304,DEBUG,pause, 0,0,0,0

33771305,DEBUG,pause, 0,0,0,0

33783307,DEBUG,pause, 0,0,0,0

33795308,DEBUG,pause, 0,0,0,0

33807309,DEBUG,pause, 0,0,0,0

33819311,DEBUG,pause, 0,0,0,0

33831312,DEBUG,pause, 0,0,0,0

33843313,DEBUG,pause, 0,0,0,0

33855313,DEBUG,pause, 0,0,0,0

33867315,DEBUG,pause, 0,0,0,0

33879316,DEBUG,pause, 0,0,0,0

33891317,DEBUG,pause, 0,0,0,0

33903319,DEBUG,pause, 0,0,0,0

33915320,DEBUG,pause, 0,0,0,0

33927321,DEBUG,pause, 0,0,0,0

33939322,DEBUG,pause, 0,0,0,0

33951324,DEBUG,pause, 0,0,0,0

33963325,DEBUG,pause, 0,0,0,0

33975326,DEBUG,pause, 0,0,0,0

33987328,DEBUG,pause, 0,0,0,0

33999329,DEBUG,pause, 0,0,0,0

34011330,DEBUG,pause, 0,0,0,0

34023331,DEBUG,pause, 0,0,0,0

34035333,DEBUG,pause, 0,0,0,0

34047334,DEBUG,pause, 0,0,0,0

34059335,DEBUG,pause, 0,0,0,0

34071335,DEBUG,Free memory: 1152

34075340,DEBUG,Sensor at pin 0 has 3.56 error

34075341,INFO,463, 1

34079349,DEBUG,Sensor at pin 1 has 1.86 error

34079350,INFO,318, 2

34083359,DEBUG,Sensor at pin 2 has 3.10 error

34083360,INFO,467, 3

34087369,DEBUG,Sensor at pin 3 has 0.82 error

34087369,INFO,347, 4

34087374,DEBUG,pause, 1,1,2,13

34099407,DEBUG,pause, 0,0,0,0

34111409,DEBUG,pause, 1,0,1,0

34123410,DEBUG,pause, 0,0,0,0

34135411,DEBUG,pause, 0,0,0,0

34147412,DEBUG,pause, 0,0,0,0

34159414,DEBUG,pause, 0,0,0,0

34171415,DEBUG,pause, 0,0,0,0

34183416,DEBUG,pause, 0,0,0,0

34195418,DEBUG,pause, 0,0,0,0

34207419,DEBUG,pause, 0,0,0,0

34219420,DEBUG,pause, 0,0,0,0

34231421,DEBUG,pause, 1,0,0,0

34243423,DEBUG,pause, 0,0,0,0

34255423,DEBUG,pause, 2,0,0,0

34267424,DEBUG,pause, 0,0,0,0

34279426,DEBUG,pause, 1,0,0,0

34291427,DEBUG,pause, 1,0,0,0

34303428,DEBUG,pause, 1,0,0,0

34315429,DEBUG,pause, 1,0,0,0

34327431,DEBUG,pause, 0,0,0,0

34339432,DEBUG,pause, 0,0,0,0

34351433,DEBUG,pause, 1,0,0,0

34363435,DEBUG,pause, 1,0,0,0

34375436,DEBUG,pause, 0,0,0,0

34387437,DEBUG,pause, 0,0,0,0

34399438,DEBUG,pause, 0,0,0,0

34411440,DEBUG,pause, 0,0,0,0

34423441,DEBUG,pause, 1,0,0,0

34435442,DEBUG,pause, 1,0,0,0

34447443,DEBUG,pause, 0,0,0,0

34459445,DEBUG,pause, 2,0,0,0

34471446,DEBUG,pause, 1,0,0,0

34483447,DEBUG,pause, 0,0,0,0

34495449,DEBUG,pause, 1,0,0,0

34507450,DEBUG,pause, 1,0,0,0

34519451,DEBUG,pause, 1,0,0,0

34531452,DEBUG,pause, 0,0,0,0

34543454,DEBUG,pause, 1,0,0,0

34555455,DEBUG,pause, 1,0,0,0

34567456,DEBUG,pause, 0,0,0,0

34579458,DEBUG,pause, 0,0,0,0

34591459,DEBUG,pause, 0,0,0,0

34603460,DEBUG,pause, 0,0,0,0

34615461,DEBUG,pause, 1,0,0,0

34627462,DEBUG,pause, 1,0,0,0

34639463,DEBUG,pause, 1,0,0,0

34651464,DEBUG,pause, 0,0,0,0

